{1 0 pre_vote SenderVC: map[0:0 1:1 2:0] ReceiverVC: map[0:1 1:1 2:0]}
{2 0 pre_vote SenderVC: map[0:0 1:0 2:1] ReceiverVC: map[0:2 1:1 2:1]}
{2 1 pre_vote SenderVC: map[0:0 1:0 2:2] ReceiverVC: map[0:0 1:2 2:2]}
{1 0 request_vote SenderVC: map[0:0 1:3 2:2] ReceiverVC: map[0:3 1:3 2:2]}
{0 1 pre_vote SenderVC: map[0:4 1:3 2:2] ReceiverVC: map[0:4 1:4 2:2]}
{1 0 append_entries SenderVC: map[0:4 1:5 2:2] ReceiverVC: map[0:5 1:5 2:2]}
{1 2 pre_vote SenderVC: map[0:4 1:6 2:2] ReceiverVC: map[0:4 1:6 2:3]}
{0 2 pre_vote SenderVC: map[0:6 1:5 2:2] ReceiverVC: map[0:6 1:6 2:4]}
{1 2 request_vote SenderVC: map[0:4 1:7 2:2] ReceiverVC: map[0:6 1:7 2:5]}
{1 2 append_entries SenderVC: map[0:4 1:8 2:2] ReceiverVC: map[0:6 1:8 2:6]}
{-1 -1 Drop Message Fault}
{-1 -1 Drop Message Fault}
{1 0 append_entries SenderVC: map[0:4 1:9 2:2] ReceiverVC: map[0:7 1:9 2:2]}
{1 2 append_entries SenderVC: map[0:4 1:10 2:2] ReceiverVC: map[0:6 1:10 2:7]}
{-1 -1 Drop Message Fault}
{-1 -1 Drop Message Fault}
{1 0 append_entries is dropped SenderVC: map[0:4 1:10 2:2] ReceiverVC: map[0:7 1:9 2:2]}
{1 2 append_entries SenderVC: map[0:4 1:11 2:2] ReceiverVC: map[0:6 1:11 2:8]}
{1 2 append_entries SenderVC: map[0:4 1:12 2:2] ReceiverVC: map[0:6 1:12 2:9]}
{1 2 append_entries SenderVC: map[0:4 1:13 2:2] ReceiverVC: map[0:6 1:13 2:10]}
{1 2 append_entries SenderVC: map[0:4 1:14 2:2] ReceiverVC: map[0:6 1:14 2:11]}
{1 2 append_entries SenderVC: map[0:4 1:15 2:2] ReceiverVC: map[0:6 1:15 2:12]}
{1 2 append_entries SenderVC: map[0:4 1:16 2:2] ReceiverVC: map[0:6 1:16 2:13]}
{1 2 append_entries SenderVC: map[0:4 1:17 2:2] ReceiverVC: map[0:6 1:17 2:14]}
{1 2 append_entries SenderVC: map[0:4 1:18 2:2] ReceiverVC: map[0:6 1:18 2:15]}
{1 2 append_entries SenderVC: map[0:4 1:19 2:2] ReceiverVC: map[0:6 1:19 2:16]}
{1 2 append_entries SenderVC: map[0:4 1:20 2:2] ReceiverVC: map[0:6 1:20 2:17]}
{1 2 append_entries SenderVC: map[0:4 1:21 2:2] ReceiverVC: map[0:6 1:21 2:18]}
{1 2 append_entries SenderVC: map[0:4 1:22 2:2] ReceiverVC: map[0:6 1:22 2:19]}
{1 2 append_entries SenderVC: map[0:4 1:23 2:2] ReceiverVC: map[0:6 1:23 2:20]}
{1 2 append_entries SenderVC: map[0:4 1:24 2:2] ReceiverVC: map[0:6 1:24 2:21]}
{1 2 append_entries SenderVC: map[0:4 1:25 2:2] ReceiverVC: map[0:6 1:25 2:22]}
{1 2 append_entries SenderVC: map[0:4 1:26 2:2] ReceiverVC: map[0:6 1:26 2:23]}
{1 2 append_entries SenderVC: map[0:4 1:27 2:2] ReceiverVC: map[0:6 1:27 2:24]}
{1 2 append_entries SenderVC: map[0:4 1:28 2:2] ReceiverVC: map[0:6 1:28 2:25]}
{1 2 append_entries SenderVC: map[0:4 1:29 2:2] ReceiverVC: map[0:6 1:29 2:26]}
{1 2 append_entries SenderVC: map[0:4 1:30 2:2] ReceiverVC: map[0:6 1:30 2:27]}
