{1 2 pre_vote SenderVC: map[0:0 1:1 2:0] ReceiverVC: map[0:0 1:1 2:1]}
{1 0 pre_vote SenderVC: map[0:0 1:2 2:0] ReceiverVC: map[0:1 1:2 2:0]}
{0 2 pre_vote SenderVC: map[0:2 1:2 2:0] ReceiverVC: map[0:2 1:2 2:2]}
{1 2 request_vote SenderVC: map[0:0 1:3 2:0] ReceiverVC: map[0:2 1:3 2:3]}
{0 1 pre_vote SenderVC: map[0:3 1:2 2:0] ReceiverVC: map[0:3 1:4 2:0]}
{2 1 pre_vote SenderVC: map[0:2 1:3 2:4] ReceiverVC: map[0:3 1:5 2:4]}
{2 0 pre_vote SenderVC: map[0:2 1:3 2:5] ReceiverVC: map[0:4 1:3 2:5]}
{1 0 request_vote SenderVC: map[0:3 1:6 2:4] ReceiverVC: map[0:5 1:6 2:5]}
{-1 -1 Drop Message Fault}
{1 0 append_entries is dropped SenderVC: map[0:3 1:6 2:4] ReceiverVC: map[0:5 1:6 2:5]}
{1 2 append_entries SenderVC: map[0:3 1:7 2:4] ReceiverVC: map[0:3 1:7 2:6]}
{-1 -1 Drop Message Fault}
{1 2 append_entries SenderVC: map[0:3 1:8 2:4] ReceiverVC: map[0:3 1:8 2:7]}
{1 2 append_entries SenderVC: map[0:3 1:9 2:4] ReceiverVC: map[0:3 1:9 2:8]}
{1 2 append_entries SenderVC: map[0:3 1:10 2:4] ReceiverVC: map[0:3 1:10 2:9]}
{1 2 append_entries SenderVC: map[0:3 1:11 2:4] ReceiverVC: map[0:3 1:11 2:10]}
{0 1 pre_vote SenderVC: map[0:6 1:6 2:5] ReceiverVC: map[0:6 1:12 2:5]}
{0 2 pre_vote SenderVC: map[0:7 1:6 2:5] ReceiverVC: map[0:7 1:11 2:11]}
{1 2 append_entries SenderVC: map[0:6 1:13 2:5] ReceiverVC: map[0:7 1:13 2:12]}
{1 2 append_entries SenderVC: map[0:6 1:14 2:5] ReceiverVC: map[0:7 1:14 2:13]}
{1 2 append_entries SenderVC: map[0:6 1:15 2:5] ReceiverVC: map[0:7 1:15 2:14]}
{0 2 pre_vote SenderVC: map[0:8 1:6 2:5] ReceiverVC: map[0:8 1:15 2:15]}
{0 1 pre_vote SenderVC: map[0:9 1:6 2:5] ReceiverVC: map[0:9 1:16 2:5]}
{1 2 append_entries SenderVC: map[0:9 1:17 2:5] ReceiverVC: map[0:9 1:17 2:16]}
{1 2 append_entries SenderVC: map[0:9 1:18 2:5] ReceiverVC: map[0:9 1:18 2:17]}
{1 2 append_entries SenderVC: map[0:9 1:19 2:5] ReceiverVC: map[0:9 1:19 2:18]}
{1 2 append_entries SenderVC: map[0:9 1:20 2:5] ReceiverVC: map[0:9 1:20 2:19]}
{1 2 append_entries SenderVC: map[0:9 1:21 2:5] ReceiverVC: map[0:9 1:21 2:20]}
{0 1 pre_vote SenderVC: map[0:10 1:6 2:5] ReceiverVC: map[0:10 1:22 2:5]}
{0 2 pre_vote SenderVC: map[0:11 1:6 2:5] ReceiverVC: map[0:11 1:21 2:21]}
{1 2 append_entries SenderVC: map[0:10 1:23 2:5] ReceiverVC: map[0:11 1:23 2:22]}
{1 2 append_entries SenderVC: map[0:10 1:24 2:5] ReceiverVC: map[0:11 1:24 2:23]}
{1 2 append_entries SenderVC: map[0:10 1:25 2:5] ReceiverVC: map[0:11 1:25 2:24]}
{1 2 append_entries SenderVC: map[0:10 1:26 2:5] ReceiverVC: map[0:11 1:26 2:25]}
{1 2 append_entries SenderVC: map[0:10 1:27 2:5] ReceiverVC: map[0:11 1:27 2:26]}
{0 1 pre_vote SenderVC: map[0:12 1:6 2:5] ReceiverVC: map[0:12 1:28 2:5]}
{1 2 append_entries SenderVC: map[0:12 1:29 2:5] ReceiverVC: map[0:12 1:29 2:27]}
{0 2 pre_vote SenderVC: map[0:13 1:6 2:5] ReceiverVC: map[0:13 1:29 2:28]}
{1 2 append_entries SenderVC: map[0:12 1:30 2:5] ReceiverVC: map[0:13 1:30 2:29]}
