{1 2 pre_vote SenderVC: map[0:0 1:1 2:0] ReceiverVC: map[0:0 1:1 2:1]}
{2 1 pre_vote SenderVC: map[0:0 1:1 2:2] ReceiverVC: map[0:0 1:2 2:2]}
{1 0 pre_vote SenderVC: map[0:0 1:3 2:2] ReceiverVC: map[0:1 1:3 2:2]}
{2 0 pre_vote SenderVC: map[0:0 1:1 2:3] ReceiverVC: map[0:2 1:3 2:3]}
{0 1 pre_vote SenderVC: map[0:3 1:3 2:3] ReceiverVC: map[0:3 1:4 2:3]}
{0 2 pre_vote SenderVC: map[0:4 1:3 2:3] ReceiverVC: map[0:4 1:3 2:4]}
{-1 -1 Drop Message Fault}
{1 0 request_vote is dropped SenderVC: map[0:3 1:4 2:3] ReceiverVC: map[0:4 1:3 2:3]}
{1 2 request_vote SenderVC: map[0:3 1:5 2:3] ReceiverVC: map[0:4 1:5 2:5]}
{1 2 append_entries SenderVC: map[0:3 1:6 2:3] ReceiverVC: map[0:4 1:6 2:6]}
{-1 -1 Drop Message Fault}
{1 0 append_entries is dropped SenderVC: map[0:3 1:6 2:3] ReceiverVC: map[0:4 1:3 2:3]}
{1 2 append_entries SenderVC: map[0:3 1:7 2:3] ReceiverVC: map[0:4 1:7 2:7]}
{1 2 append_entries SenderVC: map[0:3 1:8 2:3] ReceiverVC: map[0:4 1:8 2:8]}
{1 2 append_entries SenderVC: map[0:3 1:9 2:3] ReceiverVC: map[0:4 1:9 2:9]}
{1 2 append_entries SenderVC: map[0:3 1:10 2:3] ReceiverVC: map[0:4 1:10 2:10]}
{0 1 pre_vote SenderVC: map[0:5 1:3 2:3] ReceiverVC: map[0:5 1:11 2:3]}
{0 2 pre_vote SenderVC: map[0:6 1:3 2:3] ReceiverVC: map[0:6 1:10 2:11]}
{1 2 append_entries SenderVC: map[0:5 1:12 2:3] ReceiverVC: map[0:6 1:12 2:12]}
{0 1 pre_vote SenderVC: map[0:7 1:3 2:3] ReceiverVC: map[0:7 1:13 2:3]}
{0 2 pre_vote SenderVC: map[0:8 1:3 2:3] ReceiverVC: map[0:8 1:12 2:13]}
{1 0 pre_vote SenderVC: map[0:7 1:14 2:3] ReceiverVC: map[0:9 1:14 2:3]}
{1 0 request_vote SenderVC: map[0:7 1:15 2:3] ReceiverVC: map[0:10 1:15 2:3]}
{1 2 request_vote SenderVC: map[0:7 1:16 2:3] ReceiverVC: map[0:8 1:16 2:14]}
{1 2 pre_vote SenderVC: map[0:7 1:17 2:3] ReceiverVC: map[0:8 1:17 2:15]}
{0 2 pre_vote SenderVC: map[0:11 1:15 2:3] ReceiverVC: map[0:11 1:17 2:16]}
{0 1 pre_vote SenderVC: map[0:12 1:15 2:3] ReceiverVC: map[0:12 1:18 2:3]}
{1 0 pre_vote SenderVC: map[0:12 1:19 2:3] ReceiverVC: map[0:13 1:19 2:3]}
{1 2 pre_vote SenderVC: map[0:12 1:20 2:3] ReceiverVC: map[0:12 1:20 2:17]}
{1 2 request_vote SenderVC: map[0:12 1:21 2:3] ReceiverVC: map[0:12 1:21 2:18]}
{1 0 request_vote SenderVC: map[0:12 1:22 2:3] ReceiverVC: map[0:14 1:22 2:3]}
{1 0 append_entries SenderVC: map[0:12 1:23 2:3] ReceiverVC: map[0:15 1:23 2:3]}
{1 2 append_entries SenderVC: map[0:12 1:24 2:3] ReceiverVC: map[0:12 1:24 2:19]}
{1 2 append_entries SenderVC: map[0:12 1:25 2:3] ReceiverVC: map[0:12 1:25 2:20]}
{1 2 append_entries SenderVC: map[0:12 1:26 2:3] ReceiverVC: map[0:12 1:26 2:21]}
{1 0 append_entries SenderVC: map[0:12 1:27 2:3] ReceiverVC: map[0:16 1:27 2:3]}
{1 2 append_entries SenderVC: map[0:12 1:28 2:3] ReceiverVC: map[0:12 1:28 2:22]}
{1 2 append_entries SenderVC: map[0:12 1:29 2:3] ReceiverVC: map[0:12 1:29 2:23]}
