{2 1 pre_vote SenderVC: map[0:0 1:0 2:1] ReceiverVC: map[0:0 1:1 2:1]}
{0 1 pre_vote SenderVC: map[0:1 1:0 2:0] ReceiverVC: map[0:1 1:2 2:1]}
{1 0 pre_vote SenderVC: map[0:1 1:3 2:1] ReceiverVC: map[0:2 1:3 2:1]}
{0 1 request_vote SenderVC: map[0:3 1:3 2:1] ReceiverVC: map[0:3 1:4 2:1]}
{1 2 pre_vote SenderVC: map[0:3 1:5 2:1] ReceiverVC: map[0:3 1:5 2:2]}
{0 2 pre_vote SenderVC: map[0:4 1:3 2:1] ReceiverVC: map[0:4 1:5 2:3]}
{2 0 pre_vote SenderVC: map[0:4 1:5 2:4] ReceiverVC: map[0:5 1:5 2:4]}
{0 2 request_vote SenderVC: map[0:6 1:5 2:4] ReceiverVC: map[0:6 1:5 2:5]}
{0 1 append_entries SenderVC: map[0:7 1:5 2:4] ReceiverVC: map[0:7 1:6 2:4]}
{0 2 append_entries SenderVC: map[0:8 1:5 2:4] ReceiverVC: map[0:8 1:5 2:6]}
{-1 -1 Drop Message Fault}
{0 2 append_entries is dropped SenderVC: map[0:8 1:5 2:4] ReceiverVC: map[0:8 1:5 2:6]}
{0 1 append_entries SenderVC: map[0:9 1:5 2:4] ReceiverVC: map[0:9 1:7 2:4]}
{0 1 append_entries SenderVC: map[0:10 1:5 2:4] ReceiverVC: map[0:10 1:8 2:4]}
{-1 -1 Drop Message Fault}
{-1 -1 Drop Message Fault}
{0 1 append_entries is dropped SenderVC: map[0:10 1:5 2:4] ReceiverVC: map[0:10 1:8 2:4]}
{-1 -1 Drop Message Fault}
{2 0 pre_vote SenderVC: map[0:8 1:5 2:7] ReceiverVC: map[0:11 1:5 2:7]}
{2 1 pre_vote SenderVC: map[0:8 1:5 2:8] ReceiverVC: map[0:10 1:9 2:8]}
{0 2 pre_vote SenderVC: map[0:12 1:5 2:7] ReceiverVC: map[0:12 1:5 2:9]}
{0 1 pre_vote SenderVC: map[0:13 1:5 2:7] ReceiverVC: map[0:13 1:10 2:8]}
{0 1 request_vote SenderVC: map[0:14 1:5 2:7] ReceiverVC: map[0:14 1:11 2:8]}
{0 2 request_vote SenderVC: map[0:15 1:5 2:7] ReceiverVC: map[0:15 1:5 2:10]}
{2 0 pre_vote SenderVC: map[0:15 1:5 2:11] ReceiverVC: map[0:16 1:5 2:11]}
{2 1 pre_vote SenderVC: map[0:15 1:5 2:12] ReceiverVC: map[0:15 1:12 2:12]}
{2 1 pre_vote SenderVC: map[0:15 1:5 2:13] ReceiverVC: map[0:15 1:13 2:13]}
{2 0 pre_vote SenderVC: map[0:15 1:5 2:14] ReceiverVC: map[0:17 1:5 2:14]}
{0 1 pre_vote SenderVC: map[0:18 1:5 2:14] ReceiverVC: map[0:18 1:14 2:14]}
{0 2 pre_vote SenderVC: map[0:19 1:5 2:14] ReceiverVC: map[0:19 1:5 2:15]}
