{1 0 pre_vote SenderVC: map[0:0 1:1 2:0] ReceiverVC: map[0:1 1:1 2:0]}
{1 2 pre_vote SenderVC: map[0:0 1:2 2:0] ReceiverVC: map[0:0 1:2 2:1]}
{2 1 pre_vote SenderVC: map[0:0 1:2 2:2] ReceiverVC: map[0:0 1:3 2:2]}
{2 0 pre_vote SenderVC: map[0:0 1:2 2:3] ReceiverVC: map[0:2 1:2 2:3]}
{1 0 request_vote SenderVC: map[0:0 1:4 2:2] ReceiverVC: map[0:3 1:4 2:3]}
{1 2 request_vote SenderVC: map[0:0 1:5 2:2] ReceiverVC: map[0:0 1:5 2:4]}
{0 2 pre_vote SenderVC: map[0:4 1:4 2:3] ReceiverVC: map[0:4 1:5 2:5]}
{0 1 pre_vote SenderVC: map[0:5 1:4 2:3] ReceiverVC: map[0:5 1:6 2:3]}
{-1 -1 Drop Message Fault}
{1 0 append_entries is dropped SenderVC: map[0:5 1:6 2:3] ReceiverVC: map[0:5 1:4 2:3]}
{1 2 append_entries SenderVC: map[0:5 1:7 2:3] ReceiverVC: map[0:5 1:7 2:6]}
{1 2 append_entries SenderVC: map[0:5 1:8 2:3] ReceiverVC: map[0:5 1:8 2:7]}
{-1 -1 Drop Message Fault}
{1 2 append_entries is dropped SenderVC: map[0:5 1:8 2:3] ReceiverVC: map[0:5 1:8 2:7]}
{0 2 pre_vote SenderVC: map[0:6 1:4 2:3] ReceiverVC: map[0:6 1:8 2:8]}
{0 1 pre_vote SenderVC: map[0:7 1:4 2:3] ReceiverVC: map[0:7 1:9 2:3]}
{0 2 pre_vote SenderVC: map[0:8 1:4 2:3] ReceiverVC: map[0:8 1:8 2:9]}
{0 1 pre_vote SenderVC: map[0:9 1:4 2:3] ReceiverVC: map[0:9 1:10 2:3]}
{1 0 pre_vote SenderVC: map[0:9 1:11 2:3] ReceiverVC: map[0:10 1:11 2:3]}
{1 2 pre_vote SenderVC: map[0:9 1:12 2:3] ReceiverVC: map[0:9 1:12 2:10]}
{1 2 request_vote SenderVC: map[0:9 1:13 2:3] ReceiverVC: map[0:9 1:13 2:11]}
{1 0 request_vote SenderVC: map[0:9 1:14 2:3] ReceiverVC: map[0:11 1:14 2:3]}
{0 2 pre_vote SenderVC: map[0:12 1:14 2:3] ReceiverVC: map[0:12 1:14 2:12]}
{0 1 pre_vote SenderVC: map[0:13 1:14 2:3] ReceiverVC: map[0:13 1:15 2:3]}
{0 1 pre_vote SenderVC: map[0:14 1:14 2:3] ReceiverVC: map[0:14 1:16 2:3]}
{0 2 pre_vote SenderVC: map[0:15 1:14 2:3] ReceiverVC: map[0:15 1:14 2:13]}
{1 0 pre_vote SenderVC: map[0:14 1:17 2:3] ReceiverVC: map[0:16 1:17 2:3]}
{1 0 request_vote SenderVC: map[0:14 1:18 2:3] ReceiverVC: map[0:17 1:18 2:3]}
{1 2 pre_vote SenderVC: map[0:14 1:19 2:3] ReceiverVC: map[0:15 1:19 2:14]}
{1 0 append_entries SenderVC: map[0:14 1:20 2:3] ReceiverVC: map[0:18 1:20 2:3]}
{1 2 request_vote SenderVC: map[0:14 1:21 2:3] ReceiverVC: map[0:15 1:21 2:15]}
{1 2 append_entries SenderVC: map[0:14 1:22 2:3] ReceiverVC: map[0:15 1:22 2:16]}
{1 0 append_entries SenderVC: map[0:14 1:23 2:3] ReceiverVC: map[0:19 1:23 2:3]}
{1 0 append_entries SenderVC: map[0:14 1:24 2:3] ReceiverVC: map[0:20 1:24 2:3]}
{1 2 append_entries SenderVC: map[0:14 1:25 2:3] ReceiverVC: map[0:15 1:25 2:17]}
