{0 1 pre_vote SenderVC: map[0:1 1:0 2:0] ReceiverVC: map[0:1 1:1 2:0]}
{1 0 pre_vote SenderVC: map[0:1 1:2 2:0] ReceiverVC: map[0:2 1:2 2:0]}
{1 2 pre_vote SenderVC: map[0:1 1:3 2:0] ReceiverVC: map[0:1 1:3 2:1]}
{0 2 pre_vote SenderVC: map[0:3 1:2 2:0] ReceiverVC: map[0:3 1:3 2:2]}
{0 1 request_vote SenderVC: map[0:4 1:2 2:0] ReceiverVC: map[0:4 1:4 2:0]}
{-1 -1 Drop Message Fault}
{1 0 request_vote is dropped SenderVC: map[0:4 1:4 2:0] ReceiverVC: map[0:4 1:2 2:0]}
{2 0 pre_vote SenderVC: map[0:3 1:3 2:3] ReceiverVC: map[0:5 1:3 2:3]}
{1 2 request_vote SenderVC: map[0:4 1:5 2:0] ReceiverVC: map[0:4 1:5 2:4]}
{0 2 request_vote SenderVC: map[0:6 1:3 2:3] ReceiverVC: map[0:6 1:5 2:5]}
{2 1 pre_vote SenderVC: map[0:6 1:5 2:6] ReceiverVC: map[0:6 1:6 2:6]}
{-1 -1 Drop Message Fault}
{0 1 append_entries is dropped SenderVC: map[0:6 1:3 2:3] ReceiverVC: map[0:6 1:6 2:6]}
{0 2 append_entries SenderVC: map[0:7 1:3 2:3] ReceiverVC: map[0:7 1:5 2:7]}
{0 2 append_entries SenderVC: map[0:8 1:3 2:3] ReceiverVC: map[0:8 1:5 2:8]}
{0 2 append_entries SenderVC: map[0:9 1:3 2:3] ReceiverVC: map[0:9 1:5 2:9]}
{0 2 append_entries SenderVC: map[0:10 1:3 2:3] ReceiverVC: map[0:10 1:5 2:10]}
{0 2 append_entries SenderVC: map[0:11 1:3 2:3] ReceiverVC: map[0:11 1:5 2:11]}
{0 2 append_entries SenderVC: map[0:12 1:3 2:3] ReceiverVC: map[0:12 1:5 2:12]}
{0 2 append_entries SenderVC: map[0:13 1:3 2:3] ReceiverVC: map[0:13 1:5 2:13]}
{0 2 append_entries SenderVC: map[0:14 1:3 2:3] ReceiverVC: map[0:14 1:5 2:14]}
{0 2 append_entries SenderVC: map[0:15 1:3 2:3] ReceiverVC: map[0:15 1:5 2:15]}
{1 0 pre_vote SenderVC: map[0:6 1:7 2:6] ReceiverVC: map[0:16 1:7 2:6]}
{1 2 pre_vote SenderVC: map[0:6 1:8 2:6] ReceiverVC: map[0:15 1:8 2:16]}
{0 2 append_entries SenderVC: map[0:17 1:7 2:6] ReceiverVC: map[0:17 1:8 2:17]}
{0 2 append_entries SenderVC: map[0:18 1:7 2:6] ReceiverVC: map[0:18 1:8 2:18]}
{0 2 append_entries SenderVC: map[0:19 1:7 2:6] ReceiverVC: map[0:19 1:8 2:19]}
{1 0 pre_vote SenderVC: map[0:6 1:9 2:6] ReceiverVC: map[0:20 1:9 2:6]}
{1 2 pre_vote SenderVC: map[0:6 1:10 2:6] ReceiverVC: map[0:19 1:10 2:20]}
{0 2 append_entries SenderVC: map[0:21 1:9 2:6] ReceiverVC: map[0:21 1:10 2:21]}
{0 2 append_entries SenderVC: map[0:22 1:9 2:6] ReceiverVC: map[0:22 1:10 2:22]}
{0 2 append_entries SenderVC: map[0:23 1:9 2:6] ReceiverVC: map[0:23 1:10 2:23]}
{0 2 append_entries SenderVC: map[0:24 1:9 2:6] ReceiverVC: map[0:24 1:10 2:24]}
{0 2 append_entries SenderVC: map[0:25 1:9 2:6] ReceiverVC: map[0:25 1:10 2:25]}
{0 2 append_entries SenderVC: map[0:26 1:9 2:6] ReceiverVC: map[0:26 1:10 2:26]}
{0 2 append_entries SenderVC: map[0:27 1:9 2:6] ReceiverVC: map[0:27 1:10 2:27]}
{0 2 append_entries SenderVC: map[0:28 1:9 2:6] ReceiverVC: map[0:28 1:10 2:28]}
{1 2 pre_vote SenderVC: map[0:6 1:11 2:6] ReceiverVC: map[0:28 1:11 2:29]}
{1 0 pre_vote SenderVC: map[0:6 1:12 2:6] ReceiverVC: map[0:29 1:12 2:6]}
{0 2 append_entries SenderVC: map[0:30 1:12 2:6] ReceiverVC: map[0:30 1:12 2:30]}
{0 2 append_entries SenderVC: map[0:31 1:12 2:6] ReceiverVC: map[0:31 1:12 2:31]}
{0 2 append_entries SenderVC: map[0:32 1:12 2:6] ReceiverVC: map[0:32 1:12 2:32]}
{0 2 append_entries SenderVC: map[0:33 1:12 2:6] ReceiverVC: map[0:33 1:12 2:33]}
{0 2 append_entries SenderVC: map[0:34 1:12 2:6] ReceiverVC: map[0:34 1:12 2:34]}
{0 2 append_entries SenderVC: map[0:35 1:12 2:6] ReceiverVC: map[0:35 1:12 2:35]}
{0 2 append_entries SenderVC: map[0:36 1:12 2:6] ReceiverVC: map[0:36 1:12 2:36]}
{1 0 pre_vote SenderVC: map[0:6 1:13 2:6] ReceiverVC: map[0:37 1:13 2:6]}
{1 2 pre_vote SenderVC: map[0:6 1:14 2:6] ReceiverVC: map[0:36 1:14 2:37]}
