{2 0 pre_vote SenderVC: map[0:0 1:0 2:1] ReceiverVC: map[0:1 1:0 2:1]}
{1 0 pre_vote SenderVC: map[0:0 1:1 2:0] ReceiverVC: map[0:2 1:1 2:1]}
{1 2 pre_vote SenderVC: map[0:0 1:2 2:0] ReceiverVC: map[0:0 1:2 2:2]}
{1 2 request_vote SenderVC: map[0:0 1:3 2:0] ReceiverVC: map[0:0 1:3 2:3]}
{2 1 pre_vote SenderVC: map[0:0 1:3 2:4] ReceiverVC: map[0:0 1:4 2:4]}
{1 2 append_entries SenderVC: map[0:0 1:5 2:4] ReceiverVC: map[0:0 1:5 2:5]}
{2 1 request_vote SenderVC: map[0:0 1:5 2:6] ReceiverVC: map[0:0 1:6 2:6]}
{2 0 request_vote SenderVC: map[0:0 1:5 2:7] ReceiverVC: map[0:3 1:5 2:7]}
{1 0 request_vote SenderVC: map[0:0 1:7 2:6] ReceiverVC: map[0:4 1:7 2:7]}
{-1 -1 Drop Message Fault}
{1 0 append_entries is dropped SenderVC: map[0:0 1:7 2:6] ReceiverVC: map[0:4 1:7 2:7]}
{0 1 pre_vote SenderVC: map[0:5 1:7 2:7] ReceiverVC: map[0:5 1:8 2:7]}
{0 2 pre_vote SenderVC: map[0:6 1:7 2:7] ReceiverVC: map[0:6 1:7 2:8]}
{-1 -1 Drop Message Fault}
{1 2 append_entries SenderVC: map[0:5 1:9 2:7] ReceiverVC: map[0:6 1:9 2:9]}
{1 2 append_entries SenderVC: map[0:5 1:10 2:7] ReceiverVC: map[0:6 1:10 2:10]}
{1 2 append_entries SenderVC: map[0:5 1:11 2:7] ReceiverVC: map[0:6 1:11 2:11]}
{1 2 append_entries SenderVC: map[0:5 1:12 2:7] ReceiverVC: map[0:6 1:12 2:12]}
{1 2 append_entries SenderVC: map[0:5 1:13 2:7] ReceiverVC: map[0:6 1:13 2:13]}
{1 2 append_entries SenderVC: map[0:5 1:14 2:7] ReceiverVC: map[0:6 1:14 2:14]}
{1 2 append_entries SenderVC: map[0:5 1:15 2:7] ReceiverVC: map[0:6 1:15 2:15]}
{1 2 append_entries SenderVC: map[0:5 1:16 2:7] ReceiverVC: map[0:6 1:16 2:16]}
{1 2 append_entries SenderVC: map[0:5 1:17 2:7] ReceiverVC: map[0:6 1:17 2:17]}
{1 2 append_entries SenderVC: map[0:5 1:18 2:7] ReceiverVC: map[0:6 1:18 2:18]}
{0 1 pre_vote SenderVC: map[0:7 1:7 2:7] ReceiverVC: map[0:7 1:19 2:7]}
{0 2 pre_vote SenderVC: map[0:8 1:7 2:7] ReceiverVC: map[0:8 1:18 2:19]}
{1 2 append_entries SenderVC: map[0:7 1:20 2:7] ReceiverVC: map[0:8 1:20 2:20]}
{1 2 append_entries SenderVC: map[0:7 1:21 2:7] ReceiverVC: map[0:8 1:21 2:21]}
{1 2 append_entries SenderVC: map[0:7 1:22 2:7] ReceiverVC: map[0:8 1:22 2:22]}
{1 2 append_entries SenderVC: map[0:7 1:23 2:7] ReceiverVC: map[0:8 1:23 2:23]}
{1 2 append_entries SenderVC: map[0:7 1:24 2:7] ReceiverVC: map[0:8 1:24 2:24]}
{1 2 append_entries SenderVC: map[0:7 1:25 2:7] ReceiverVC: map[0:8 1:25 2:25]}
{1 2 append_entries SenderVC: map[0:7 1:26 2:7] ReceiverVC: map[0:8 1:26 2:26]}
{1 2 append_entries SenderVC: map[0:7 1:27 2:7] ReceiverVC: map[0:8 1:27 2:27]}
{1 2 append_entries SenderVC: map[0:7 1:28 2:7] ReceiverVC: map[0:8 1:28 2:28]}
{1 2 append_entries SenderVC: map[0:7 1:29 2:7] ReceiverVC: map[0:8 1:29 2:29]}
{1 2 append_entries SenderVC: map[0:7 1:30 2:7] ReceiverVC: map[0:8 1:30 2:30]}
{0 2 pre_vote SenderVC: map[0:9 1:7 2:7] ReceiverVC: map[0:9 1:30 2:31]}
{1 2 append_entries SenderVC: map[0:7 1:31 2:7] ReceiverVC: map[0:9 1:31 2:32]}
{0 1 pre_vote SenderVC: map[0:10 1:7 2:7] ReceiverVC: map[0:10 1:32 2:7]}
{1 2 append_entries SenderVC: map[0:10 1:33 2:7] ReceiverVC: map[0:10 1:33 2:33]}
{1 2 append_entries SenderVC: map[0:10 1:34 2:7] ReceiverVC: map[0:10 1:34 2:34]}
{1 2 append_entries SenderVC: map[0:10 1:35 2:7] ReceiverVC: map[0:10 1:35 2:35]}
{1 2 append_entries SenderVC: map[0:10 1:36 2:7] ReceiverVC: map[0:10 1:36 2:36]}
