{0 2 pre_vote SenderVC: map[0:1 1:0 2:0] ReceiverVC: map[0:1 1:0 2:1]}
{2 0 pre_vote SenderVC: map[0:1 1:0 2:2] ReceiverVC: map[0:2 1:0 2:2]}
{2 1 pre_vote SenderVC: map[0:1 1:0 2:3] ReceiverVC: map[0:1 1:1 2:3]}
{-1 -1 Drop Message Fault}
{0 1 pre_vote is dropped SenderVC: map[0:2 1:0 2:2] ReceiverVC: map[0:1 1:1 2:3]}
{1 0 pre_vote SenderVC: map[0:1 1:2 2:3] ReceiverVC: map[0:3 1:2 2:3]}
{1 2 pre_vote SenderVC: map[0:1 1:3 2:3] ReceiverVC: map[0:1 1:3 2:4]}
{1 2 request_vote SenderVC: map[0:1 1:4 2:3] ReceiverVC: map[0:1 1:4 2:5]}
{1 0 request_vote SenderVC: map[0:1 1:5 2:3] ReceiverVC: map[0:4 1:5 2:3]}
{-1 -1 Drop Message Fault}
{2 1 pre_vote SenderVC: map[0:1 1:4 2:6] ReceiverVC: map[0:1 1:6 2:6]}
{2 0 pre_vote SenderVC: map[0:1 1:4 2:7] ReceiverVC: map[0:5 1:5 2:7]}
{0 1 pre_vote SenderVC: map[0:6 1:5 2:7] ReceiverVC: map[0:6 1:7 2:7]}
{0 2 pre_vote SenderVC: map[0:7 1:5 2:7] ReceiverVC: map[0:7 1:5 2:8]}
{1 0 pre_vote SenderVC: map[0:6 1:8 2:7] ReceiverVC: map[0:8 1:8 2:7]}
{1 2 pre_vote SenderVC: map[0:6 1:9 2:7] ReceiverVC: map[0:7 1:9 2:9]}
{1 2 request_vote SenderVC: map[0:6 1:10 2:7] ReceiverVC: map[0:7 1:10 2:10]}
{1 0 request_vote SenderVC: map[0:6 1:11 2:7] ReceiverVC: map[0:9 1:11 2:7]}
{2 1 pre_vote SenderVC: map[0:7 1:10 2:11] ReceiverVC: map[0:7 1:12 2:11]}
{2 0 pre_vote SenderVC: map[0:7 1:10 2:12] ReceiverVC: map[0:10 1:11 2:12]}
{0 1 pre_vote SenderVC: map[0:11 1:11 2:12] ReceiverVC: map[0:11 1:13 2:12]}
{0 2 pre_vote SenderVC: map[0:12 1:11 2:12] ReceiverVC: map[0:12 1:11 2:13]}
{1 2 pre_vote SenderVC: map[0:11 1:14 2:12] ReceiverVC: map[0:12 1:14 2:14]}
{1 0 pre_vote SenderVC: map[0:11 1:15 2:12] ReceiverVC: map[0:13 1:15 2:12]}
{1 2 request_vote SenderVC: map[0:11 1:16 2:12] ReceiverVC: map[0:12 1:16 2:15]}
{1 0 request_vote SenderVC: map[0:11 1:17 2:12] ReceiverVC: map[0:14 1:17 2:12]}
{2 0 pre_vote SenderVC: map[0:12 1:16 2:16] ReceiverVC: map[0:15 1:17 2:16]}
{2 1 pre_vote SenderVC: map[0:12 1:16 2:17] ReceiverVC: map[0:12 1:18 2:17]}
{0 2 pre_vote SenderVC: map[0:16 1:17 2:16] ReceiverVC: map[0:16 1:17 2:18]}
{0 1 pre_vote SenderVC: map[0:17 1:17 2:16] ReceiverVC: map[0:17 1:19 2:17]}
{1 2 pre_vote SenderVC: map[0:17 1:20 2:17] ReceiverVC: map[0:17 1:20 2:19]}
{1 0 pre_vote SenderVC: map[0:17 1:21 2:17] ReceiverVC: map[0:18 1:21 2:17]}
{1 2 request_vote SenderVC: map[0:17 1:22 2:17] ReceiverVC: map[0:17 1:22 2:20]}
{1 0 request_vote SenderVC: map[0:17 1:23 2:17] ReceiverVC: map[0:19 1:23 2:17]}
{1 0 append_entries SenderVC: map[0:17 1:24 2:17] ReceiverVC: map[0:20 1:24 2:17]}
{1 2 append_entries SenderVC: map[0:17 1:25 2:17] ReceiverVC: map[0:17 1:25 2:21]}
{1 0 append_entries SenderVC: map[0:17 1:26 2:17] ReceiverVC: map[0:21 1:26 2:17]}
{1 2 append_entries SenderVC: map[0:17 1:27 2:17] ReceiverVC: map[0:17 1:27 2:22]}
{1 2 append_entries SenderVC: map[0:17 1:28 2:17] ReceiverVC: map[0:17 1:28 2:23]}
{1 0 append_entries SenderVC: map[0:17 1:29 2:17] ReceiverVC: map[0:22 1:29 2:17]}
{1 2 append_entries SenderVC: map[0:17 1:30 2:17] ReceiverVC: map[0:17 1:30 2:24]}
{1 2 append_entries SenderVC: map[0:17 1:31 2:17] ReceiverVC: map[0:17 1:31 2:25]}
{1 2 append_entries SenderVC: map[0:17 1:32 2:17] ReceiverVC: map[0:17 1:32 2:26]}
{1 2 append_entries SenderVC: map[0:17 1:33 2:17] ReceiverVC: map[0:17 1:33 2:27]}
{1 2 append_entries SenderVC: map[0:17 1:34 2:17] ReceiverVC: map[0:17 1:34 2:28]}
{1 2 append_entries SenderVC: map[0:17 1:35 2:17] ReceiverVC: map[0:17 1:35 2:29]}
{1 0 append_entries SenderVC: map[0:17 1:36 2:17] ReceiverVC: map[0:23 1:36 2:17]}
{1 2 append_entries SenderVC: map[0:17 1:37 2:17] ReceiverVC: map[0:17 1:37 2:30]}
