{2 1 pre_vote SenderVC: map[0:0 1:0 2:1] ReceiverVC: map[0:0 1:1 2:1]}
{1 2 pre_vote SenderVC: map[0:0 1:2 2:1] ReceiverVC: map[0:0 1:2 2:2]}
{1 0 pre_vote SenderVC: map[0:0 1:3 2:1] ReceiverVC: map[0:1 1:3 2:1]}
{2 0 pre_vote SenderVC: map[0:0 1:2 2:3] ReceiverVC: map[0:2 1:3 2:3]}
{1 0 request_vote SenderVC: map[0:0 1:4 2:1] ReceiverVC: map[0:3 1:4 2:3]}
{2 0 request_vote SenderVC: map[0:0 1:2 2:4] ReceiverVC: map[0:4 1:4 2:4]}
{-1 -1 Drop Message Fault}
{1 0 append_entries is dropped SenderVC: map[0:0 1:4 2:1] ReceiverVC: map[0:4 1:4 2:4]}
{2 1 request_vote SenderVC: map[0:0 1:2 2:5] ReceiverVC: map[0:0 1:5 2:5]}
{0 1 pre_vote SenderVC: map[0:5 1:4 2:4] ReceiverVC: map[0:5 1:6 2:5]}
{1 2 request_vote SenderVC: map[0:5 1:7 2:5] ReceiverVC: map[0:5 1:7 2:6]}
{1 2 append_entries SenderVC: map[0:5 1:8 2:5] ReceiverVC: map[0:5 1:8 2:7]}
{0 2 pre_vote SenderVC: map[0:6 1:4 2:4] ReceiverVC: map[0:6 1:8 2:8]}
{1 2 append_entries SenderVC: map[0:5 1:9 2:5] ReceiverVC: map[0:6 1:9 2:9]}
{1 2 append_entries SenderVC: map[0:5 1:10 2:5] ReceiverVC: map[0:6 1:10 2:10]}
{-1 -1 Drop Message Fault}
{1 2 append_entries SenderVC: map[0:5 1:11 2:5] ReceiverVC: map[0:6 1:11 2:11]}
{1 2 append_entries SenderVC: map[0:5 1:12 2:5] ReceiverVC: map[0:6 1:12 2:12]}
{1 2 append_entries SenderVC: map[0:5 1:13 2:5] ReceiverVC: map[0:6 1:13 2:13]}
{1 2 append_entries SenderVC: map[0:5 1:14 2:5] ReceiverVC: map[0:6 1:14 2:14]}
{1 2 append_entries SenderVC: map[0:5 1:15 2:5] ReceiverVC: map[0:6 1:15 2:15]}
{0 1 pre_vote SenderVC: map[0:7 1:4 2:4] ReceiverVC: map[0:7 1:16 2:5]}
{0 2 pre_vote SenderVC: map[0:8 1:4 2:4] ReceiverVC: map[0:8 1:15 2:16]}
{1 2 append_entries SenderVC: map[0:7 1:17 2:5] ReceiverVC: map[0:8 1:17 2:17]}
{0 1 pre_vote SenderVC: map[0:9 1:4 2:4] ReceiverVC: map[0:9 1:18 2:5]}
{0 2 pre_vote SenderVC: map[0:10 1:4 2:4] ReceiverVC: map[0:10 1:17 2:18]}
