{0 1 pre_vote SenderVC: map[0:1 1:0 2:0] ReceiverVC: map[0:1 1:1 2:0]}
{2 1 pre_vote SenderVC: map[0:0 1:0 2:1] ReceiverVC: map[0:1 1:2 2:1]}
{1 0 pre_vote SenderVC: map[0:1 1:3 2:1] ReceiverVC: map[0:2 1:3 2:1]}
{2 0 pre_vote SenderVC: map[0:0 1:0 2:2] ReceiverVC: map[0:3 1:3 2:2]}
{1 2 pre_vote SenderVC: map[0:1 1:4 2:1] ReceiverVC: map[0:1 1:4 2:3]}
{2 0 request_vote SenderVC: map[0:1 1:4 2:4] ReceiverVC: map[0:4 1:4 2:4]}
{2 1 request_vote SenderVC: map[0:1 1:4 2:5] ReceiverVC: map[0:1 1:5 2:5]}
{0 2 pre_vote SenderVC: map[0:5 1:4 2:4] ReceiverVC: map[0:5 1:4 2:6]}
{2 0 append_entries SenderVC: map[0:5 1:4 2:7] ReceiverVC: map[0:6 1:4 2:7]}
{-1 -1 Drop Message Fault}
{2 1 append_entries is dropped SenderVC: map[0:5 1:4 2:7] ReceiverVC: map[0:1 1:5 2:5]}
{-1 -1 Drop Message Fault}
{2 0 append_entries SenderVC: map[0:5 1:4 2:8] ReceiverVC: map[0:7 1:4 2:8]}
{2 0 append_entries SenderVC: map[0:5 1:4 2:9] ReceiverVC: map[0:8 1:4 2:9]}
{-1 -1 Drop Message Fault}
{-1 -1 Drop Message Fault}
{2 0 append_entries SenderVC: map[0:5 1:4 2:10] ReceiverVC: map[0:9 1:4 2:10]}
{2 0 append_entries SenderVC: map[0:5 1:4 2:11] ReceiverVC: map[0:10 1:4 2:11]}
{2 0 append_entries SenderVC: map[0:5 1:4 2:12] ReceiverVC: map[0:11 1:4 2:12]}
{1 2 pre_vote SenderVC: map[0:1 1:6 2:5] ReceiverVC: map[0:5 1:6 2:13]}
{1 0 pre_vote SenderVC: map[0:1 1:7 2:5] ReceiverVC: map[0:12 1:7 2:12]}
{2 0 append_entries SenderVC: map[0:5 1:6 2:14] ReceiverVC: map[0:13 1:7 2:14]}
{2 0 append_entries SenderVC: map[0:5 1:6 2:15] ReceiverVC: map[0:14 1:7 2:15]}
{1 2 pre_vote SenderVC: map[0:1 1:8 2:5] ReceiverVC: map[0:5 1:8 2:16]}
{1 0 pre_vote SenderVC: map[0:1 1:9 2:5] ReceiverVC: map[0:15 1:9 2:15]}
{2 1 pre_vote SenderVC: map[0:5 1:8 2:17] ReceiverVC: map[0:5 1:10 2:17]}
{2 1 request_vote SenderVC: map[0:5 1:8 2:18] ReceiverVC: map[0:5 1:11 2:18]}
{2 0 request_vote SenderVC: map[0:5 1:8 2:19] ReceiverVC: map[0:16 1:9 2:19]}
{2 0 pre_vote SenderVC: map[0:5 1:8 2:20] ReceiverVC: map[0:17 1:9 2:20]}
{2 1 append_entries SenderVC: map[0:5 1:8 2:21] ReceiverVC: map[0:5 1:12 2:21]}
{2 0 append_entries SenderVC: map[0:5 1:8 2:22] ReceiverVC: map[0:18 1:9 2:22]}
{2 0 append_entries SenderVC: map[0:5 1:8 2:23] ReceiverVC: map[0:19 1:9 2:23]}
{2 1 append_entries SenderVC: map[0:5 1:8 2:24] ReceiverVC: map[0:5 1:13 2:24]}
{2 0 append_entries SenderVC: map[0:5 1:8 2:25] ReceiverVC: map[0:20 1:9 2:25]}
{2 1 append_entries SenderVC: map[0:5 1:8 2:26] ReceiverVC: map[0:5 1:14 2:26]}
{2 1 append_entries SenderVC: map[0:5 1:8 2:27] ReceiverVC: map[0:5 1:15 2:27]}
{2 0 append_entries SenderVC: map[0:5 1:8 2:28] ReceiverVC: map[0:21 1:9 2:28]}
{2 1 append_entries SenderVC: map[0:5 1:8 2:29] ReceiverVC: map[0:5 1:16 2:29]}
{2 0 append_entries SenderVC: map[0:5 1:8 2:30] ReceiverVC: map[0:22 1:9 2:30]}
{2 1 append_entries SenderVC: map[0:5 1:8 2:31] ReceiverVC: map[0:5 1:17 2:31]}
{2 1 append_entries SenderVC: map[0:5 1:8 2:32] ReceiverVC: map[0:5 1:18 2:32]}
{2 0 append_entries SenderVC: map[0:5 1:8 2:33] ReceiverVC: map[0:23 1:9 2:33]}
{2 0 append_entries SenderVC: map[0:5 1:8 2:34] ReceiverVC: map[0:24 1:9 2:34]}
{2 0 append_entries SenderVC: map[0:5 1:8 2:35] ReceiverVC: map[0:25 1:9 2:35]}
{2 1 append_entries SenderVC: map[0:5 1:8 2:36] ReceiverVC: map[0:5 1:19 2:36]}
{2 1 append_entries SenderVC: map[0:5 1:8 2:37] ReceiverVC: map[0:5 1:20 2:37]}
{2 0 append_entries SenderVC: map[0:5 1:8 2:38] ReceiverVC: map[0:26 1:9 2:38]}
{2 1 append_entries SenderVC: map[0:5 1:8 2:39] ReceiverVC: map[0:5 1:21 2:39]}
{2 1 append_entries SenderVC: map[0:5 1:8 2:40] ReceiverVC: map[0:5 1:22 2:40]}
{2 0 append_entries SenderVC: map[0:5 1:8 2:41] ReceiverVC: map[0:27 1:9 2:41]}
{2 0 append_entries SenderVC: map[0:5 1:8 2:42] ReceiverVC: map[0:28 1:9 2:42]}
{2 1 append_entries SenderVC: map[0:5 1:8 2:43] ReceiverVC: map[0:5 1:23 2:43]}
{2 0 append_entries SenderVC: map[0:5 1:8 2:44] ReceiverVC: map[0:29 1:9 2:44]}
{2 0 append_entries SenderVC: map[0:5 1:8 2:45] ReceiverVC: map[0:30 1:9 2:45]}
{2 1 append_entries SenderVC: map[0:5 1:8 2:46] ReceiverVC: map[0:5 1:24 2:46]}
