{1 2 pre_vote SenderVC: map[0:0 1:1 2:0] ReceiverVC: map[0:0 1:1 2:1]}
{0 1 pre_vote SenderVC: map[0:1 1:0 2:0] ReceiverVC: map[0:1 1:2 2:0]}
{2 1 pre_vote SenderVC: map[0:0 1:1 2:2] ReceiverVC: map[0:1 1:3 2:2]}
{0 2 pre_vote SenderVC: map[0:2 1:0 2:0] ReceiverVC: map[0:2 1:1 2:3]}
{1 0 pre_vote SenderVC: map[0:1 1:4 2:2] ReceiverVC: map[0:3 1:4 2:2]}
{0 2 request_vote SenderVC: map[0:4 1:4 2:2] ReceiverVC: map[0:4 1:4 2:4]}
{-1 -1 Drop Message Fault}
{0 1 request_vote is dropped SenderVC: map[0:4 1:4 2:2] ReceiverVC: map[0:1 1:4 2:2]}
{2 0 pre_vote SenderVC: map[0:4 1:4 2:5] ReceiverVC: map[0:5 1:4 2:5]}
{-1 -1 Drop Message Fault}
{1 0 pre_vote SenderVC: map[0:1 1:5 2:2] ReceiverVC: map[0:6 1:5 2:5]}
{1 2 pre_vote SenderVC: map[0:1 1:6 2:2] ReceiverVC: map[0:4 1:6 2:6]}
{1 0 request_vote SenderVC: map[0:1 1:7 2:2] ReceiverVC: map[0:7 1:7 2:5]}
{1 2 request_vote SenderVC: map[0:1 1:8 2:2] ReceiverVC: map[0:4 1:8 2:7]}
{2 0 pre_vote SenderVC: map[0:4 1:8 2:8] ReceiverVC: map[0:8 1:8 2:8]}
{2 1 pre_vote SenderVC: map[0:4 1:8 2:9] ReceiverVC: map[0:4 1:9 2:9]}
{2 1 request_vote SenderVC: map[0:4 1:8 2:10] ReceiverVC: map[0:4 1:10 2:10]}
{2 0 request_vote SenderVC: map[0:4 1:8 2:11] ReceiverVC: map[0:9 1:8 2:11]}
{0 2 pre_vote SenderVC: map[0:10 1:8 2:11] ReceiverVC: map[0:10 1:8 2:12]}
{0 1 pre_vote SenderVC: map[0:11 1:8 2:11] ReceiverVC: map[0:11 1:11 2:11]}
{0 1 request_vote SenderVC: map[0:12 1:8 2:11] ReceiverVC: map[0:12 1:12 2:11]}
{0 2 request_vote SenderVC: map[0:13 1:8 2:11] ReceiverVC: map[0:13 1:8 2:13]}
{1 2 pre_vote SenderVC: map[0:12 1:13 2:11] ReceiverVC: map[0:13 1:13 2:14]}
{1 0 pre_vote SenderVC: map[0:12 1:14 2:11] ReceiverVC: map[0:14 1:14 2:11]}
{2 0 pre_vote SenderVC: map[0:13 1:13 2:15] ReceiverVC: map[0:15 1:14 2:15]}
{2 1 pre_vote SenderVC: map[0:13 1:13 2:16] ReceiverVC: map[0:13 1:15 2:16]}
{2 1 request_vote SenderVC: map[0:13 1:13 2:17] ReceiverVC: map[0:13 1:16 2:17]}
{2 0 request_vote SenderVC: map[0:13 1:13 2:18] ReceiverVC: map[0:16 1:14 2:18]}
{1 0 pre_vote SenderVC: map[0:13 1:17 2:17] ReceiverVC: map[0:17 1:17 2:18]}
{1 2 pre_vote SenderVC: map[0:13 1:18 2:17] ReceiverVC: map[0:13 1:18 2:19]}
{0 1 pre_vote SenderVC: map[0:18 1:17 2:18] ReceiverVC: map[0:18 1:19 2:18]}
{0 2 pre_vote SenderVC: map[0:19 1:17 2:18] ReceiverVC: map[0:19 1:18 2:20]}
{2 1 pre_vote SenderVC: map[0:19 1:18 2:21] ReceiverVC: map[0:19 1:20 2:21]}
{2 1 request_vote SenderVC: map[0:19 1:18 2:22] ReceiverVC: map[0:19 1:21 2:22]}
{2 0 pre_vote SenderVC: map[0:19 1:18 2:23] ReceiverVC: map[0:20 1:18 2:23]}
{2 0 request_vote SenderVC: map[0:19 1:18 2:24] ReceiverVC: map[0:21 1:18 2:24]}
{1 0 pre_vote SenderVC: map[0:19 1:22 2:22] ReceiverVC: map[0:22 1:22 2:24]}
{1 2 pre_vote SenderVC: map[0:19 1:23 2:22] ReceiverVC: map[0:19 1:23 2:25]}
{1 2 request_vote SenderVC: map[0:19 1:24 2:22] ReceiverVC: map[0:19 1:24 2:26]}
{1 0 request_vote SenderVC: map[0:19 1:25 2:22] ReceiverVC: map[0:23 1:25 2:24]}
{1 0 append_entries SenderVC: map[0:19 1:26 2:22] ReceiverVC: map[0:24 1:26 2:24]}
{1 2 append_entries SenderVC: map[0:19 1:27 2:22] ReceiverVC: map[0:19 1:27 2:27]}
{1 0 append_entries SenderVC: map[0:19 1:28 2:22] ReceiverVC: map[0:25 1:28 2:24]}
{1 2 append_entries SenderVC: map[0:19 1:29 2:22] ReceiverVC: map[0:19 1:29 2:28]}
