{0 1 pre_vote SenderVC: map[0:1 1:0 2:0] ReceiverVC: map[0:1 1:1 2:0]}
{1 2 pre_vote SenderVC: map[0:1 1:2 2:0] ReceiverVC: map[0:1 1:2 2:1]}
{1 0 pre_vote SenderVC: map[0:1 1:3 2:0] ReceiverVC: map[0:2 1:3 2:0]}
{2 0 pre_vote SenderVC: map[0:1 1:2 2:2] ReceiverVC: map[0:3 1:3 2:2]}
{2 1 pre_vote SenderVC: map[0:1 1:2 2:3] ReceiverVC: map[0:1 1:4 2:3]}
{2 0 request_vote SenderVC: map[0:1 1:2 2:4] ReceiverVC: map[0:4 1:3 2:4]}
{2 1 request_vote SenderVC: map[0:1 1:2 2:5] ReceiverVC: map[0:1 1:5 2:5]}
{0 2 pre_vote SenderVC: map[0:5 1:3 2:4] ReceiverVC: map[0:5 1:3 2:6]}
{2 0 append_entries SenderVC: map[0:5 1:3 2:7] ReceiverVC: map[0:6 1:3 2:7]}
{-1 -1 Drop Message Fault}
{2 1 append_entries is dropped SenderVC: map[0:5 1:3 2:7] ReceiverVC: map[0:1 1:5 2:5]}
{-1 -1 Drop Message Fault}
{2 0 append_entries is dropped SenderVC: map[0:5 1:3 2:7] ReceiverVC: map[0:6 1:3 2:7]}
{-1 -1 Drop Message Fault}
{-1 -1 Drop Message Fault}
{1 2 pre_vote SenderVC: map[0:1 1:6 2:5] ReceiverVC: map[0:5 1:6 2:8]}
{1 0 pre_vote SenderVC: map[0:1 1:7 2:5] ReceiverVC: map[0:7 1:7 2:7]}
{1 2 pre_vote SenderVC: map[0:1 1:8 2:5] ReceiverVC: map[0:5 1:8 2:9]}
{1 0 pre_vote SenderVC: map[0:1 1:9 2:5] ReceiverVC: map[0:8 1:9 2:7]}
{2 0 pre_vote SenderVC: map[0:5 1:8 2:10] ReceiverVC: map[0:9 1:9 2:10]}
{2 1 pre_vote SenderVC: map[0:5 1:8 2:11] ReceiverVC: map[0:5 1:10 2:11]}
{2 1 request_vote SenderVC: map[0:5 1:8 2:12] ReceiverVC: map[0:5 1:11 2:12]}
{2 0 request_vote SenderVC: map[0:5 1:8 2:13] ReceiverVC: map[0:10 1:9 2:13]}
{2 0 append_entries SenderVC: map[0:5 1:8 2:14] ReceiverVC: map[0:11 1:9 2:14]}
{2 1 append_entries SenderVC: map[0:5 1:8 2:15] ReceiverVC: map[0:5 1:12 2:15]}
{2 1 append_entries SenderVC: map[0:5 1:8 2:16] ReceiverVC: map[0:5 1:13 2:16]}
{2 0 append_entries SenderVC: map[0:5 1:8 2:17] ReceiverVC: map[0:12 1:9 2:17]}
{2 1 append_entries SenderVC: map[0:5 1:8 2:18] ReceiverVC: map[0:5 1:14 2:18]}
{2 1 append_entries SenderVC: map[0:5 1:8 2:19] ReceiverVC: map[0:5 1:15 2:19]}
{2 0 append_entries SenderVC: map[0:5 1:8 2:20] ReceiverVC: map[0:13 1:9 2:20]}
{2 1 append_entries SenderVC: map[0:5 1:8 2:21] ReceiverVC: map[0:5 1:16 2:21]}
{2 0 append_entries SenderVC: map[0:5 1:8 2:22] ReceiverVC: map[0:14 1:9 2:22]}
{2 1 append_entries SenderVC: map[0:5 1:8 2:23] ReceiverVC: map[0:5 1:17 2:23]}
{2 0 append_entries SenderVC: map[0:5 1:8 2:24] ReceiverVC: map[0:15 1:9 2:24]}
{2 1 append_entries SenderVC: map[0:5 1:8 2:25] ReceiverVC: map[0:5 1:18 2:25]}
{2 0 append_entries SenderVC: map[0:5 1:8 2:26] ReceiverVC: map[0:16 1:9 2:26]}
{2 1 append_entries SenderVC: map[0:5 1:8 2:27] ReceiverVC: map[0:5 1:19 2:27]}
{2 0 append_entries SenderVC: map[0:5 1:8 2:28] ReceiverVC: map[0:17 1:9 2:28]}
{2 1 append_entries SenderVC: map[0:5 1:8 2:29] ReceiverVC: map[0:5 1:20 2:29]}
{2 0 append_entries SenderVC: map[0:5 1:8 2:30] ReceiverVC: map[0:18 1:9 2:30]}
{2 1 append_entries SenderVC: map[0:5 1:8 2:31] ReceiverVC: map[0:5 1:21 2:31]}
{2 0 append_entries SenderVC: map[0:5 1:8 2:32] ReceiverVC: map[0:19 1:9 2:32]}
{2 1 append_entries SenderVC: map[0:5 1:8 2:33] ReceiverVC: map[0:5 1:22 2:33]}
{2 0 append_entries SenderVC: map[0:5 1:8 2:34] ReceiverVC: map[0:20 1:9 2:34]}
