{2 1 pre_vote SenderVC: map[0:0 1:0 2:1] ReceiverVC: map[0:0 1:1 2:1]}
{-1 -1 Drop Message Fault}
{0 1 pre_vote is dropped SenderVC: map[0:0 1:0 2:0] ReceiverVC: map[0:0 1:1 2:1]}
{2 0 pre_vote SenderVC: map[0:0 1:0 2:2] ReceiverVC: map[0:1 1:0 2:2]}
{1 2 pre_vote SenderVC: map[0:0 1:2 2:1] ReceiverVC: map[0:0 1:2 2:3]}
{1 0 pre_vote SenderVC: map[0:0 1:3 2:1] ReceiverVC: map[0:2 1:3 2:2]}
{0 2 pre_vote SenderVC: map[0:3 1:3 2:2] ReceiverVC: map[0:3 1:3 2:4]}
{2 0 request_vote SenderVC: map[0:3 1:3 2:5] ReceiverVC: map[0:4 1:3 2:5]}
{2 0 append_entries SenderVC: map[0:3 1:3 2:6] ReceiverVC: map[0:5 1:3 2:6]}
{2 1 append_entries SenderVC: map[0:3 1:3 2:7] ReceiverVC: map[0:3 1:4 2:7]}
{2 1 request_vote SenderVC: map[0:3 1:3 2:8] ReceiverVC: map[0:3 1:5 2:8]}
{-1 -1 Drop Message Fault}
{2 0 append_entries SenderVC: map[0:3 1:3 2:9] ReceiverVC: map[0:6 1:3 2:9]}
{2 1 append_entries SenderVC: map[0:3 1:3 2:10] ReceiverVC: map[0:3 1:6 2:10]}
{2 1 append_entries SenderVC: map[0:3 1:3 2:11] ReceiverVC: map[0:3 1:7 2:11]}
{2 0 append_entries SenderVC: map[0:3 1:3 2:12] ReceiverVC: map[0:7 1:3 2:12]}
{2 1 append_entries SenderVC: map[0:3 1:3 2:13] ReceiverVC: map[0:3 1:8 2:13]}
{2 1 append_entries SenderVC: map[0:3 1:3 2:14] ReceiverVC: map[0:3 1:9 2:14]}
{2 0 append_entries SenderVC: map[0:3 1:3 2:15] ReceiverVC: map[0:8 1:3 2:15]}
{2 1 append_entries SenderVC: map[0:3 1:3 2:16] ReceiverVC: map[0:3 1:10 2:16]}
{2 1 append_entries SenderVC: map[0:3 1:3 2:17] ReceiverVC: map[0:3 1:11 2:17]}
{2 1 append_entries SenderVC: map[0:3 1:3 2:18] ReceiverVC: map[0:3 1:12 2:18]}
{2 0 append_entries SenderVC: map[0:3 1:3 2:19] ReceiverVC: map[0:9 1:3 2:19]}
{2 0 append_entries SenderVC: map[0:3 1:3 2:20] ReceiverVC: map[0:10 1:3 2:20]}
{2 0 append_entries SenderVC: map[0:3 1:3 2:21] ReceiverVC: map[0:11 1:3 2:21]}
{2 1 append_entries SenderVC: map[0:3 1:3 2:22] ReceiverVC: map[0:3 1:13 2:22]}
{2 0 append_entries SenderVC: map[0:3 1:3 2:23] ReceiverVC: map[0:12 1:3 2:23]}
{2 1 append_entries SenderVC: map[0:3 1:3 2:24] ReceiverVC: map[0:3 1:14 2:24]}
{2 1 append_entries SenderVC: map[0:3 1:3 2:25] ReceiverVC: map[0:3 1:15 2:25]}
{2 1 append_entries SenderVC: map[0:3 1:3 2:26] ReceiverVC: map[0:3 1:16 2:26]}
{2 1 append_entries SenderVC: map[0:3 1:3 2:27] ReceiverVC: map[0:3 1:17 2:27]}
{2 1 append_entries SenderVC: map[0:3 1:3 2:28] ReceiverVC: map[0:3 1:18 2:28]}
{2 0 append_entries SenderVC: map[0:3 1:3 2:29] ReceiverVC: map[0:13 1:3 2:29]}
{2 0 append_entries SenderVC: map[0:3 1:3 2:30] ReceiverVC: map[0:14 1:3 2:30]}
{2 0 append_entries SenderVC: map[0:3 1:3 2:31] ReceiverVC: map[0:15 1:3 2:31]}
{2 1 append_entries SenderVC: map[0:3 1:3 2:32] ReceiverVC: map[0:3 1:19 2:32]}
{2 1 append_entries SenderVC: map[0:3 1:3 2:33] ReceiverVC: map[0:3 1:20 2:33]}
{2 0 append_entries SenderVC: map[0:3 1:3 2:34] ReceiverVC: map[0:16 1:3 2:34]}
{2 1 append_entries SenderVC: map[0:3 1:3 2:35] ReceiverVC: map[0:3 1:21 2:35]}
{2 1 append_entries SenderVC: map[0:3 1:3 2:36] ReceiverVC: map[0:3 1:22 2:36]}
{2 1 append_entries SenderVC: map[0:3 1:3 2:37] ReceiverVC: map[0:3 1:23 2:37]}
{2 1 append_entries SenderVC: map[0:3 1:3 2:38] ReceiverVC: map[0:3 1:24 2:38]}
{2 0 append_entries SenderVC: map[0:3 1:3 2:39] ReceiverVC: map[0:17 1:3 2:39]}
{2 0 append_entries SenderVC: map[0:3 1:3 2:40] ReceiverVC: map[0:18 1:3 2:40]}
{2 1 append_entries SenderVC: map[0:3 1:3 2:41] ReceiverVC: map[0:3 1:25 2:41]}
{2 1 append_entries SenderVC: map[0:3 1:3 2:42] ReceiverVC: map[0:3 1:26 2:42]}
{2 0 append_entries SenderVC: map[0:3 1:3 2:43] ReceiverVC: map[0:19 1:3 2:43]}
{2 0 append_entries SenderVC: map[0:3 1:3 2:44] ReceiverVC: map[0:20 1:3 2:44]}
{2 0 append_entries SenderVC: map[0:3 1:3 2:45] ReceiverVC: map[0:21 1:3 2:45]}
{2 0 append_entries SenderVC: map[0:3 1:3 2:46] ReceiverVC: map[0:22 1:3 2:46]}
{2 0 append_entries SenderVC: map[0:3 1:3 2:47] ReceiverVC: map[0:23 1:3 2:47]}
{2 1 append_entries SenderVC: map[0:3 1:3 2:48] ReceiverVC: map[0:3 1:27 2:48]}
{2 1 append_entries SenderVC: map[0:3 1:3 2:49] ReceiverVC: map[0:3 1:28 2:49]}
