{-1 -1 Drop Message Fault}
{1 0 pre_vote is dropped SenderVC: map[0:0 1:0 2:0] ReceiverVC: map[0:0 1:0 2:0]}
{1 2 pre_vote SenderVC: map[0:0 1:1 2:0] ReceiverVC: map[0:0 1:1 2:1]}
{0 1 pre_vote SenderVC: map[0:1 1:0 2:0] ReceiverVC: map[0:1 1:2 2:0]}
{0 2 pre_vote SenderVC: map[0:2 1:0 2:0] ReceiverVC: map[0:2 1:1 2:2]}
{1 2 request_vote SenderVC: map[0:1 1:3 2:0] ReceiverVC: map[0:2 1:3 2:3]}
{2 1 pre_vote SenderVC: map[0:2 1:3 2:4] ReceiverVC: map[0:2 1:4 2:4]}
{2 0 pre_vote SenderVC: map[0:2 1:3 2:5] ReceiverVC: map[0:3 1:3 2:5]}
{1 0 request_vote SenderVC: map[0:2 1:5 2:4] ReceiverVC: map[0:4 1:5 2:5]}
{1 0 append_entries SenderVC: map[0:2 1:6 2:4] ReceiverVC: map[0:5 1:6 2:5]}
{1 2 append_entries SenderVC: map[0:2 1:7 2:4] ReceiverVC: map[0:2 1:7 2:6]}
{-1 -1 Drop Message Fault}
{1 2 append_entries is dropped SenderVC: map[0:2 1:7 2:4] ReceiverVC: map[0:2 1:7 2:6]}
{1 0 append_entries SenderVC: map[0:2 1:8 2:4] ReceiverVC: map[0:6 1:8 2:5]}
{1 0 append_entries SenderVC: map[0:2 1:9 2:4] ReceiverVC: map[0:7 1:9 2:5]}
{1 0 append_entries SenderVC: map[0:2 1:10 2:4] ReceiverVC: map[0:8 1:10 2:5]}
{1 0 append_entries SenderVC: map[0:2 1:11 2:4] ReceiverVC: map[0:9 1:11 2:5]}
{1 0 append_entries SenderVC: map[0:2 1:12 2:4] ReceiverVC: map[0:10 1:12 2:5]}
{1 0 append_entries SenderVC: map[0:2 1:13 2:4] ReceiverVC: map[0:11 1:13 2:5]}
{1 0 append_entries SenderVC: map[0:2 1:14 2:4] ReceiverVC: map[0:12 1:14 2:5]}
{1 0 append_entries SenderVC: map[0:2 1:15 2:4] ReceiverVC: map[0:13 1:15 2:5]}
{1 0 append_entries SenderVC: map[0:2 1:16 2:4] ReceiverVC: map[0:14 1:16 2:5]}
{1 0 append_entries SenderVC: map[0:2 1:17 2:4] ReceiverVC: map[0:15 1:17 2:5]}
{1 0 append_entries SenderVC: map[0:2 1:18 2:4] ReceiverVC: map[0:16 1:18 2:5]}
{1 0 append_entries SenderVC: map[0:2 1:19 2:4] ReceiverVC: map[0:17 1:19 2:5]}
{1 0 append_entries SenderVC: map[0:2 1:20 2:4] ReceiverVC: map[0:18 1:20 2:5]}
{1 0 append_entries SenderVC: map[0:2 1:21 2:4] ReceiverVC: map[0:19 1:21 2:5]}
{1 0 append_entries SenderVC: map[0:2 1:22 2:4] ReceiverVC: map[0:20 1:22 2:5]}
{1 0 append_entries SenderVC: map[0:2 1:23 2:4] ReceiverVC: map[0:21 1:23 2:5]}
{1 0 append_entries SenderVC: map[0:2 1:24 2:4] ReceiverVC: map[0:22 1:24 2:5]}
{1 0 append_entries SenderVC: map[0:2 1:25 2:4] ReceiverVC: map[0:23 1:25 2:5]}
{1 0 append_entries SenderVC: map[0:2 1:26 2:4] ReceiverVC: map[0:24 1:26 2:5]}
{1 0 append_entries SenderVC: map[0:2 1:27 2:4] ReceiverVC: map[0:25 1:27 2:5]}
{1 0 append_entries SenderVC: map[0:2 1:28 2:4] ReceiverVC: map[0:26 1:28 2:5]}
{1 0 append_entries SenderVC: map[0:2 1:29 2:4] ReceiverVC: map[0:27 1:29 2:5]}
{1 0 append_entries SenderVC: map[0:2 1:30 2:4] ReceiverVC: map[0:28 1:30 2:5]}
{1 0 append_entries SenderVC: map[0:2 1:31 2:4] ReceiverVC: map[0:29 1:31 2:5]}
{1 0 append_entries SenderVC: map[0:2 1:32 2:4] ReceiverVC: map[0:30 1:32 2:5]}
{1 0 append_entries SenderVC: map[0:2 1:33 2:4] ReceiverVC: map[0:31 1:33 2:5]}
{1 0 append_entries SenderVC: map[0:2 1:34 2:4] ReceiverVC: map[0:32 1:34 2:5]}
{1 0 append_entries SenderVC: map[0:2 1:35 2:4] ReceiverVC: map[0:33 1:35 2:5]}
{1 0 append_entries SenderVC: map[0:2 1:36 2:4] ReceiverVC: map[0:34 1:36 2:5]}
{1 0 append_entries SenderVC: map[0:2 1:37 2:4] ReceiverVC: map[0:35 1:37 2:5]}
{1 0 append_entries SenderVC: map[0:2 1:38 2:4] ReceiverVC: map[0:36 1:38 2:5]}
