{2 0 pre_vote SenderVC: map[0:0 1:0 2:1] ReceiverVC: map[0:1 1:0 2:1]}
{0 2 pre_vote SenderVC: map[0:2 1:0 2:1] ReceiverVC: map[0:2 1:0 2:2]}
{1 0 pre_vote SenderVC: map[0:0 1:1 2:0] ReceiverVC: map[0:3 1:1 2:1]}
{2 0 request_vote SenderVC: map[0:2 1:0 2:3] ReceiverVC: map[0:4 1:1 2:3]}
{2 1 pre_vote SenderVC: map[0:2 1:0 2:4] ReceiverVC: map[0:2 1:2 2:4]}
{0 1 pre_vote SenderVC: map[0:5 1:1 2:3] ReceiverVC: map[0:5 1:3 2:4]}
{2 1 request_vote SenderVC: map[0:2 1:0 2:5] ReceiverVC: map[0:5 1:4 2:5]}
{1 2 pre_vote SenderVC: map[0:5 1:5 2:5] ReceiverVC: map[0:5 1:5 2:6]}
{2 1 append_entries SenderVC: map[0:5 1:5 2:7] ReceiverVC: map[0:5 1:6 2:7]}
{2 0 append_entries SenderVC: map[0:5 1:5 2:8] ReceiverVC: map[0:6 1:5 2:8]}
{-1 -1 Drop Message Fault}
{2 0 append_entries is dropped SenderVC: map[0:5 1:5 2:8] ReceiverVC: map[0:6 1:5 2:8]}
{-1 -1 Drop Message Fault}
{2 1 append_entries is dropped SenderVC: map[0:5 1:5 2:8] ReceiverVC: map[0:5 1:6 2:7]}
{-1 -1 Drop Message Fault}
{-1 -1 Drop Message Fault}
{1 2 pre_vote SenderVC: map[0:5 1:7 2:7] ReceiverVC: map[0:5 1:7 2:9]}
{1 0 pre_vote SenderVC: map[0:5 1:8 2:7] ReceiverVC: map[0:7 1:8 2:8]}
{2 1 pre_vote SenderVC: map[0:5 1:7 2:10] ReceiverVC: map[0:5 1:9 2:10]}
{2 0 pre_vote SenderVC: map[0:5 1:7 2:11] ReceiverVC: map[0:8 1:8 2:11]}
{1 0 pre_vote SenderVC: map[0:5 1:10 2:10] ReceiverVC: map[0:9 1:10 2:11]}
{1 2 pre_vote SenderVC: map[0:5 1:11 2:10] ReceiverVC: map[0:5 1:11 2:12]}
{2 1 pre_vote SenderVC: map[0:5 1:11 2:13] ReceiverVC: map[0:5 1:12 2:13]}
{2 0 pre_vote SenderVC: map[0:5 1:11 2:14] ReceiverVC: map[0:10 1:11 2:14]}
{1 0 pre_vote SenderVC: map[0:5 1:13 2:13] ReceiverVC: map[0:11 1:13 2:14]}
{1 2 pre_vote SenderVC: map[0:5 1:14 2:13] ReceiverVC: map[0:5 1:14 2:15]}
