{1 0 pre_vote SenderVC: map[0:0 1:1 2:0] ReceiverVC: map[0:1 1:1 2:0]}
{0 1 pre_vote SenderVC: map[0:2 1:1 2:0] ReceiverVC: map[0:2 1:2 2:0]}
{1 2 pre_vote SenderVC: map[0:2 1:3 2:0] ReceiverVC: map[0:2 1:3 2:1]}
{0 2 pre_vote SenderVC: map[0:3 1:1 2:0] ReceiverVC: map[0:3 1:3 2:2]}
{2 0 pre_vote SenderVC: map[0:3 1:3 2:3] ReceiverVC: map[0:4 1:3 2:3]}
{1 0 request_vote SenderVC: map[0:2 1:4 2:0] ReceiverVC: map[0:5 1:4 2:3]}
{1 0 append_entries SenderVC: map[0:2 1:5 2:0] ReceiverVC: map[0:6 1:5 2:3]}
{2 1 pre_vote SenderVC: map[0:3 1:3 2:4] ReceiverVC: map[0:3 1:6 2:4]}
{-1 -1 Drop Message Fault}
{0 1 request_vote is dropped SenderVC: map[0:6 1:5 2:3] ReceiverVC: map[0:3 1:6 2:4]}
{0 2 request_vote SenderVC: map[0:7 1:5 2:3] ReceiverVC: map[0:7 1:5 2:5]}
{1 2 request_vote SenderVC: map[0:3 1:7 2:4] ReceiverVC: map[0:7 1:7 2:6]}
{1 2 append_entries SenderVC: map[0:3 1:8 2:4] ReceiverVC: map[0:7 1:8 2:7]}
{-1 -1 Drop Message Fault}
{1 0 append_entries SenderVC: map[0:3 1:9 2:4] ReceiverVC: map[0:8 1:9 2:4]}
{1 2 append_entries SenderVC: map[0:3 1:10 2:4] ReceiverVC: map[0:7 1:10 2:8]}
{1 0 append_entries SenderVC: map[0:3 1:11 2:4] ReceiverVC: map[0:9 1:11 2:4]}
{1 2 append_entries SenderVC: map[0:3 1:12 2:4] ReceiverVC: map[0:7 1:12 2:9]}
{1 0 append_entries SenderVC: map[0:3 1:13 2:4] ReceiverVC: map[0:10 1:13 2:4]}
{1 2 append_entries SenderVC: map[0:3 1:14 2:4] ReceiverVC: map[0:7 1:14 2:10]}
{1 0 append_entries SenderVC: map[0:3 1:15 2:4] ReceiverVC: map[0:11 1:15 2:4]}
{1 2 append_entries SenderVC: map[0:3 1:16 2:4] ReceiverVC: map[0:7 1:16 2:11]}
{1 2 append_entries SenderVC: map[0:3 1:17 2:4] ReceiverVC: map[0:7 1:17 2:12]}
{1 0 append_entries SenderVC: map[0:3 1:18 2:4] ReceiverVC: map[0:12 1:18 2:4]}
{1 0 append_entries SenderVC: map[0:3 1:19 2:4] ReceiverVC: map[0:13 1:19 2:4]}
{1 0 append_entries SenderVC: map[0:3 1:20 2:4] ReceiverVC: map[0:14 1:20 2:4]}
{1 0 append_entries SenderVC: map[0:3 1:21 2:4] ReceiverVC: map[0:15 1:21 2:4]}
{1 0 append_entries SenderVC: map[0:3 1:22 2:4] ReceiverVC: map[0:16 1:22 2:4]}
{1 0 append_entries SenderVC: map[0:3 1:23 2:4] ReceiverVC: map[0:17 1:23 2:4]}
{1 2 append_entries SenderVC: map[0:3 1:24 2:4] ReceiverVC: map[0:7 1:24 2:13]}
{1 0 append_entries SenderVC: map[0:3 1:25 2:4] ReceiverVC: map[0:18 1:25 2:4]}
{1 2 append_entries SenderVC: map[0:3 1:26 2:4] ReceiverVC: map[0:7 1:26 2:14]}
{1 0 append_entries SenderVC: map[0:3 1:27 2:4] ReceiverVC: map[0:19 1:27 2:4]}
{1 2 append_entries SenderVC: map[0:3 1:28 2:4] ReceiverVC: map[0:7 1:28 2:15]}
{1 2 append_entries SenderVC: map[0:3 1:29 2:4] ReceiverVC: map[0:7 1:29 2:16]}
{1 2 append_entries SenderVC: map[0:3 1:30 2:4] ReceiverVC: map[0:7 1:30 2:17]}
{1 2 append_entries SenderVC: map[0:3 1:31 2:4] ReceiverVC: map[0:7 1:31 2:18]}
{1 2 append_entries SenderVC: map[0:3 1:32 2:4] ReceiverVC: map[0:7 1:32 2:19]}
{1 0 append_entries SenderVC: map[0:3 1:33 2:4] ReceiverVC: map[0:20 1:33 2:4]}
{1 2 append_entries SenderVC: map[0:3 1:34 2:4] ReceiverVC: map[0:7 1:34 2:20]}
{1 0 append_entries SenderVC: map[0:3 1:35 2:4] ReceiverVC: map[0:21 1:35 2:4]}
{1 0 append_entries SenderVC: map[0:3 1:36 2:4] ReceiverVC: map[0:22 1:36 2:4]}
{1 0 append_entries SenderVC: map[0:3 1:37 2:4] ReceiverVC: map[0:23 1:37 2:4]}
{1 0 append_entries SenderVC: map[0:3 1:38 2:4] ReceiverVC: map[0:24 1:38 2:4]}
