{-1 -1 Drop Message Fault}
{1 2 pre_vote is dropped SenderVC: map[0:0 1:0 2:0] ReceiverVC: map[0:0 1:0 2:0]}
{2 0 pre_vote SenderVC: map[0:0 1:0 2:1] ReceiverVC: map[0:1 1:0 2:1]}
{-1 -1 Drop Message Fault}
{2 1 pre_vote is dropped SenderVC: map[0:0 1:0 2:1] ReceiverVC: map[0:0 1:0 2:0]}
{0 2 pre_vote SenderVC: map[0:2 1:0 2:1] ReceiverVC: map[0:2 1:0 2:2]}
{1 0 pre_vote SenderVC: map[0:0 1:1 2:0] ReceiverVC: map[0:3 1:1 2:1]}
{2 0 request_vote SenderVC: map[0:2 1:0 2:3] ReceiverVC: map[0:4 1:1 2:3]}
{1 0 request_vote SenderVC: map[0:0 1:2 2:0] ReceiverVC: map[0:5 1:2 2:3]}
{1 2 request_vote SenderVC: map[0:0 1:3 2:0] ReceiverVC: map[0:2 1:3 2:4]}
{1 0 append_entries SenderVC: map[0:0 1:4 2:0] ReceiverVC: map[0:6 1:4 2:3]}
{0 1 pre_vote SenderVC: map[0:7 1:4 2:3] ReceiverVC: map[0:7 1:5 2:3]}
{2 1 request_vote SenderVC: map[0:2 1:3 2:5] ReceiverVC: map[0:7 1:6 2:5]}
{1 2 append_entries SenderVC: map[0:7 1:7 2:5] ReceiverVC: map[0:7 1:7 2:6]}
{1 0 append_entries SenderVC: map[0:7 1:8 2:5] ReceiverVC: map[0:8 1:8 2:5]}
{1 2 append_entries SenderVC: map[0:7 1:9 2:5] ReceiverVC: map[0:7 1:9 2:7]}
{1 2 append_entries SenderVC: map[0:7 1:10 2:5] ReceiverVC: map[0:7 1:10 2:8]}
{1 0 append_entries SenderVC: map[0:7 1:11 2:5] ReceiverVC: map[0:9 1:11 2:5]}
{1 0 append_entries SenderVC: map[0:7 1:12 2:5] ReceiverVC: map[0:10 1:12 2:5]}
{1 2 append_entries SenderVC: map[0:7 1:13 2:5] ReceiverVC: map[0:7 1:13 2:9]}
{1 0 append_entries SenderVC: map[0:7 1:14 2:5] ReceiverVC: map[0:11 1:14 2:5]}
{1 2 append_entries SenderVC: map[0:7 1:15 2:5] ReceiverVC: map[0:7 1:15 2:10]}
