{0 2 pre_vote SenderVC: map[0:1 1:0 2:0] ReceiverVC: map[0:1 1:0 2:1]}
{1 2 pre_vote SenderVC: map[0:0 1:1 2:0] ReceiverVC: map[0:1 1:1 2:2]}
{2 0 pre_vote SenderVC: map[0:1 1:1 2:3] ReceiverVC: map[0:2 1:1 2:3]}
{1 0 pre_vote SenderVC: map[0:0 1:2 2:0] ReceiverVC: map[0:3 1:2 2:3]}
{1 2 request_vote SenderVC: map[0:0 1:3 2:0] ReceiverVC: map[0:1 1:3 2:4]}
{1 0 request_vote SenderVC: map[0:0 1:4 2:0] ReceiverVC: map[0:4 1:4 2:3]}
{1 2 append_entries SenderVC: map[0:0 1:5 2:0] ReceiverVC: map[0:1 1:5 2:5]}
{1 0 append_entries SenderVC: map[0:0 1:6 2:0] ReceiverVC: map[0:5 1:6 2:3]}
{0 1 pre_vote SenderVC: map[0:6 1:6 2:3] ReceiverVC: map[0:6 1:7 2:3]}
{2 0 request_vote SenderVC: map[0:1 1:5 2:6] ReceiverVC: map[0:7 1:6 2:6]}
{2 1 pre_vote SenderVC: map[0:1 1:5 2:7] ReceiverVC: map[0:6 1:8 2:7]}
{2 1 request_vote SenderVC: map[0:1 1:5 2:8] ReceiverVC: map[0:6 1:9 2:8]}
{-1 -1 Drop Message Fault}
{1 0 append_entries is dropped SenderVC: map[0:6 1:9 2:8] ReceiverVC: map[0:7 1:6 2:6]}
{1 2 append_entries SenderVC: map[0:6 1:10 2:8] ReceiverVC: map[0:6 1:10 2:9]}
{-1 -1 Drop Message Fault}
{1 2 append_entries SenderVC: map[0:6 1:11 2:8] ReceiverVC: map[0:6 1:11 2:10]}
{1 2 append_entries SenderVC: map[0:6 1:12 2:8] ReceiverVC: map[0:6 1:12 2:11]}
{1 2 append_entries SenderVC: map[0:6 1:13 2:8] ReceiverVC: map[0:6 1:13 2:12]}
{1 2 append_entries SenderVC: map[0:6 1:14 2:8] ReceiverVC: map[0:6 1:14 2:13]}
{-1 -1 Drop Message Fault}
{1 2 append_entries SenderVC: map[0:6 1:15 2:8] ReceiverVC: map[0:6 1:15 2:14]}
{-1 -1 Drop Message Fault}
{1 2 append_entries SenderVC: map[0:6 1:16 2:8] ReceiverVC: map[0:6 1:16 2:15]}
{1 2 append_entries SenderVC: map[0:6 1:17 2:8] ReceiverVC: map[0:6 1:17 2:16]}
{1 2 append_entries SenderVC: map[0:6 1:18 2:8] ReceiverVC: map[0:6 1:18 2:17]}
{1 2 append_entries SenderVC: map[0:6 1:19 2:8] ReceiverVC: map[0:6 1:19 2:18]}
{1 2 append_entries SenderVC: map[0:6 1:20 2:8] ReceiverVC: map[0:6 1:20 2:19]}
{0 1 pre_vote SenderVC: map[0:8 1:6 2:6] ReceiverVC: map[0:8 1:21 2:8]}
{0 2 pre_vote SenderVC: map[0:9 1:6 2:6] ReceiverVC: map[0:9 1:20 2:20]}
