{1 0 pre_vote SenderVC: map[0:0 1:1 2:0] ReceiverVC: map[0:1 1:1 2:0]}
{2 0 pre_vote SenderVC: map[0:0 1:0 2:1] ReceiverVC: map[0:2 1:1 2:1]}
{2 1 pre_vote SenderVC: map[0:0 1:0 2:2] ReceiverVC: map[0:0 1:2 2:2]}
{1 2 pre_vote SenderVC: map[0:0 1:3 2:2] ReceiverVC: map[0:0 1:3 2:3]}
{0 2 pre_vote SenderVC: map[0:3 1:1 2:1] ReceiverVC: map[0:3 1:3 2:4]}
{1 0 request_vote SenderVC: map[0:0 1:4 2:2] ReceiverVC: map[0:4 1:4 2:2]}
{0 1 pre_vote SenderVC: map[0:5 1:4 2:2] ReceiverVC: map[0:5 1:5 2:2]}
{0 1 request_vote SenderVC: map[0:6 1:4 2:2] ReceiverVC: map[0:6 1:6 2:2]}
{1 2 request_vote SenderVC: map[0:6 1:7 2:2] ReceiverVC: map[0:6 1:7 2:5]}
{0 2 request_vote SenderVC: map[0:7 1:4 2:2] ReceiverVC: map[0:7 1:7 2:6]}
{0 1 append_entries SenderVC: map[0:8 1:4 2:2] ReceiverVC: map[0:8 1:8 2:2]}
{0 2 append_entries SenderVC: map[0:9 1:4 2:2] ReceiverVC: map[0:9 1:7 2:7]}
{-1 -1 Drop Message Fault}
{0 2 append_entries SenderVC: map[0:10 1:4 2:2] ReceiverVC: map[0:10 1:7 2:8]}
{-1 -1 Drop Message Fault}
{0 1 append_entries is dropped SenderVC: map[0:10 1:4 2:2] ReceiverVC: map[0:8 1:8 2:2]}
{0 2 append_entries SenderVC: map[0:11 1:4 2:2] ReceiverVC: map[0:11 1:7 2:9]}
{0 2 append_entries SenderVC: map[0:12 1:4 2:2] ReceiverVC: map[0:12 1:7 2:10]}
{0 2 append_entries SenderVC: map[0:13 1:4 2:2] ReceiverVC: map[0:13 1:7 2:11]}
{0 2 append_entries SenderVC: map[0:14 1:4 2:2] ReceiverVC: map[0:14 1:7 2:12]}
{0 2 append_entries SenderVC: map[0:15 1:4 2:2] ReceiverVC: map[0:15 1:7 2:13]}
{0 2 append_entries SenderVC: map[0:16 1:4 2:2] ReceiverVC: map[0:16 1:7 2:14]}
{0 2 append_entries SenderVC: map[0:17 1:4 2:2] ReceiverVC: map[0:17 1:7 2:15]}
{0 2 append_entries SenderVC: map[0:18 1:4 2:2] ReceiverVC: map[0:18 1:7 2:16]}
{0 2 append_entries SenderVC: map[0:19 1:4 2:2] ReceiverVC: map[0:19 1:7 2:17]}
{0 2 append_entries SenderVC: map[0:20 1:4 2:2] ReceiverVC: map[0:20 1:7 2:18]}
{0 2 append_entries SenderVC: map[0:21 1:4 2:2] ReceiverVC: map[0:21 1:7 2:19]}
{1 0 pre_vote SenderVC: map[0:8 1:9 2:2] ReceiverVC: map[0:22 1:9 2:2]}
{1 2 pre_vote SenderVC: map[0:8 1:10 2:2] ReceiverVC: map[0:21 1:10 2:20]}
{0 2 append_entries SenderVC: map[0:23 1:9 2:2] ReceiverVC: map[0:23 1:10 2:21]}
