{2 0 pre_vote SenderVC: map[0:0 1:0 2:1] ReceiverVC: map[0:1 1:0 2:1]}
{1 0 pre_vote SenderVC: map[0:0 1:1 2:0] ReceiverVC: map[0:2 1:1 2:1]}
{1 2 pre_vote SenderVC: map[0:0 1:2 2:0] ReceiverVC: map[0:0 1:2 2:2]}
{0 2 pre_vote SenderVC: map[0:3 1:1 2:1] ReceiverVC: map[0:3 1:2 2:3]}
{1 0 request_vote SenderVC: map[0:0 1:3 2:0] ReceiverVC: map[0:4 1:3 2:1]}
{2 1 pre_vote SenderVC: map[0:3 1:2 2:4] ReceiverVC: map[0:3 1:4 2:4]}
{-1 -1 Drop Message Fault}
{1 2 request_vote is dropped SenderVC: map[0:3 1:4 2:4] ReceiverVC: map[0:3 1:2 2:4]}
{0 1 pre_vote SenderVC: map[0:5 1:3 2:1] ReceiverVC: map[0:5 1:5 2:4]}
{2 1 request_vote SenderVC: map[0:3 1:2 2:5] ReceiverVC: map[0:5 1:6 2:5]}
{2 0 request_vote SenderVC: map[0:3 1:2 2:6] ReceiverVC: map[0:6 1:3 2:6]}
{2 1 append_entries SenderVC: map[0:3 1:2 2:7] ReceiverVC: map[0:5 1:7 2:7]}
{2 0 append_entries SenderVC: map[0:3 1:2 2:8] ReceiverVC: map[0:7 1:3 2:8]}
{-1 -1 Drop Message Fault}
{2 1 append_entries is dropped SenderVC: map[0:3 1:2 2:8] ReceiverVC: map[0:5 1:7 2:7]}
{2 0 append_entries SenderVC: map[0:3 1:2 2:9] ReceiverVC: map[0:8 1:3 2:9]}
{-1 -1 Drop Message Fault}
{-1 -1 Drop Message Fault}
{2 0 append_entries SenderVC: map[0:3 1:2 2:10] ReceiverVC: map[0:9 1:3 2:10]}
{2 0 append_entries SenderVC: map[0:3 1:2 2:11] ReceiverVC: map[0:10 1:3 2:11]}
{2 0 append_entries SenderVC: map[0:3 1:2 2:12] ReceiverVC: map[0:11 1:3 2:12]}
{2 0 append_entries SenderVC: map[0:3 1:2 2:13] ReceiverVC: map[0:12 1:3 2:13]}
{2 0 append_entries SenderVC: map[0:3 1:2 2:14] ReceiverVC: map[0:13 1:3 2:14]}
{2 0 append_entries SenderVC: map[0:3 1:2 2:15] ReceiverVC: map[0:14 1:3 2:15]}
{2 0 append_entries SenderVC: map[0:3 1:2 2:16] ReceiverVC: map[0:15 1:3 2:16]}
{2 0 append_entries SenderVC: map[0:3 1:2 2:17] ReceiverVC: map[0:16 1:3 2:17]}
{2 0 append_entries SenderVC: map[0:3 1:2 2:18] ReceiverVC: map[0:17 1:3 2:18]}
{2 0 append_entries SenderVC: map[0:3 1:2 2:19] ReceiverVC: map[0:18 1:3 2:19]}
{1 2 pre_vote SenderVC: map[0:5 1:8 2:7] ReceiverVC: map[0:5 1:8 2:20]}
{1 0 pre_vote SenderVC: map[0:5 1:9 2:7] ReceiverVC: map[0:19 1:9 2:19]}
