{1 2 pre_vote SenderVC: map[0:0 1:1 2:0] ReceiverVC: map[0:0 1:1 2:1]}
{0 2 pre_vote SenderVC: map[0:1 1:0 2:0] ReceiverVC: map[0:1 1:1 2:2]}
{1 2 request_vote SenderVC: map[0:0 1:2 2:0] ReceiverVC: map[0:1 1:2 2:3]}
{0 2 request_vote SenderVC: map[0:2 1:0 2:0] ReceiverVC: map[0:2 1:2 2:4]}
{2 1 pre_vote SenderVC: map[0:2 1:2 2:5] ReceiverVC: map[0:2 1:3 2:5]}
{0 1 pre_vote SenderVC: map[0:3 1:0 2:0] ReceiverVC: map[0:3 1:4 2:5]}
{1 0 pre_vote SenderVC: map[0:3 1:5 2:5] ReceiverVC: map[0:4 1:5 2:5]}
{0 1 request_vote SenderVC: map[0:5 1:5 2:5] ReceiverVC: map[0:5 1:6 2:5]}
{2 0 pre_vote SenderVC: map[0:2 1:2 2:6] ReceiverVC: map[0:6 1:5 2:6]}
{0 1 append_entries SenderVC: map[0:7 1:5 2:6] ReceiverVC: map[0:7 1:7 2:6]}
{1 0 request_vote SenderVC: map[0:7 1:8 2:6] ReceiverVC: map[0:8 1:8 2:6]}
{0 2 append_entries SenderVC: map[0:9 1:8 2:6] ReceiverVC: map[0:9 1:8 2:7]}
{0 1 append_entries SenderVC: map[0:10 1:8 2:6] ReceiverVC: map[0:10 1:9 2:6]}
{-1 -1 Drop Message Fault}
{0 1 append_entries is dropped SenderVC: map[0:10 1:8 2:6] ReceiverVC: map[0:10 1:9 2:6]}
{0 2 append_entries SenderVC: map[0:11 1:8 2:6] ReceiverVC: map[0:11 1:8 2:8]}
{-1 -1 Drop Message Fault}
{0 2 append_entries SenderVC: map[0:12 1:8 2:6] ReceiverVC: map[0:12 1:8 2:9]}
{0 2 append_entries SenderVC: map[0:13 1:8 2:6] ReceiverVC: map[0:13 1:8 2:10]}
{0 2 append_entries SenderVC: map[0:14 1:8 2:6] ReceiverVC: map[0:14 1:8 2:11]}
{0 2 append_entries SenderVC: map[0:15 1:8 2:6] ReceiverVC: map[0:15 1:8 2:12]}
{0 2 append_entries SenderVC: map[0:16 1:8 2:6] ReceiverVC: map[0:16 1:8 2:13]}
{0 2 append_entries SenderVC: map[0:17 1:8 2:6] ReceiverVC: map[0:17 1:8 2:14]}
{0 2 append_entries SenderVC: map[0:18 1:8 2:6] ReceiverVC: map[0:18 1:8 2:15]}
{0 2 append_entries SenderVC: map[0:19 1:8 2:6] ReceiverVC: map[0:19 1:8 2:16]}
{0 2 append_entries SenderVC: map[0:20 1:8 2:6] ReceiverVC: map[0:20 1:8 2:17]}
{0 2 append_entries SenderVC: map[0:21 1:8 2:6] ReceiverVC: map[0:21 1:8 2:18]}
{0 2 append_entries SenderVC: map[0:22 1:8 2:6] ReceiverVC: map[0:22 1:8 2:19]}
{0 2 append_entries SenderVC: map[0:23 1:8 2:6] ReceiverVC: map[0:23 1:8 2:20]}
{0 2 append_entries SenderVC: map[0:24 1:8 2:6] ReceiverVC: map[0:24 1:8 2:21]}
