{1 2 pre_vote SenderVC: map[0:0 1:1 2:0] ReceiverVC: map[0:0 1:1 2:1]}
{0 2 pre_vote SenderVC: map[0:1 1:0 2:0] ReceiverVC: map[0:1 1:1 2:2]}
{2 0 pre_vote SenderVC: map[0:1 1:1 2:3] ReceiverVC: map[0:2 1:1 2:3]}
{0 2 request_vote SenderVC: map[0:3 1:1 2:3] ReceiverVC: map[0:3 1:1 2:4]}
{2 1 pre_vote SenderVC: map[0:3 1:1 2:5] ReceiverVC: map[0:3 1:2 2:5]}
{0 1 pre_vote SenderVC: map[0:4 1:1 2:3] ReceiverVC: map[0:4 1:3 2:5]}
{2 1 request_vote SenderVC: map[0:3 1:1 2:6] ReceiverVC: map[0:4 1:4 2:6]}
{1 0 pre_vote SenderVC: map[0:4 1:5 2:6] ReceiverVC: map[0:5 1:5 2:6]}
{2 0 request_vote SenderVC: map[0:3 1:1 2:7] ReceiverVC: map[0:6 1:5 2:7]}
{2 0 append_entries SenderVC: map[0:3 1:1 2:8] ReceiverVC: map[0:7 1:5 2:8]}
{-1 -1 Drop Message Fault}
{0 1 request_vote is dropped SenderVC: map[0:7 1:5 2:8] ReceiverVC: map[0:4 1:5 2:6]}
{2 1 append_entries SenderVC: map[0:3 1:1 2:9] ReceiverVC: map[0:4 1:6 2:9]}
{-1 -1 Drop Message Fault}
{2 0 append_entries SenderVC: map[0:3 1:1 2:10] ReceiverVC: map[0:8 1:5 2:10]}
{2 1 append_entries SenderVC: map[0:3 1:1 2:11] ReceiverVC: map[0:4 1:7 2:11]}
{2 0 append_entries SenderVC: map[0:3 1:1 2:12] ReceiverVC: map[0:9 1:5 2:12]}
{-1 -1 Drop Message Fault}
{-1 -1 Drop Message Fault}
{2 1 append_entries SenderVC: map[0:3 1:1 2:13] ReceiverVC: map[0:4 1:8 2:13]}
{2 1 append_entries SenderVC: map[0:3 1:1 2:14] ReceiverVC: map[0:4 1:9 2:14]}
{2 1 append_entries SenderVC: map[0:3 1:1 2:15] ReceiverVC: map[0:4 1:10 2:15]}
{2 1 append_entries SenderVC: map[0:3 1:1 2:16] ReceiverVC: map[0:4 1:11 2:16]}
{2 0 append_entries SenderVC: map[0:3 1:1 2:17] ReceiverVC: map[0:10 1:5 2:17]}
{2 1 append_entries SenderVC: map[0:3 1:1 2:18] ReceiverVC: map[0:4 1:12 2:18]}
{2 0 append_entries SenderVC: map[0:3 1:1 2:19] ReceiverVC: map[0:11 1:5 2:19]}
{2 0 append_entries SenderVC: map[0:3 1:1 2:20] ReceiverVC: map[0:12 1:5 2:20]}
{2 0 append_entries SenderVC: map[0:3 1:1 2:21] ReceiverVC: map[0:13 1:5 2:21]}
{2 0 append_entries SenderVC: map[0:3 1:1 2:22] ReceiverVC: map[0:14 1:5 2:22]}
{2 1 append_entries SenderVC: map[0:3 1:1 2:23] ReceiverVC: map[0:4 1:13 2:23]}
{2 0 append_entries SenderVC: map[0:3 1:1 2:24] ReceiverVC: map[0:15 1:5 2:24]}
{2 0 append_entries SenderVC: map[0:3 1:1 2:25] ReceiverVC: map[0:16 1:5 2:25]}
{2 1 append_entries SenderVC: map[0:3 1:1 2:26] ReceiverVC: map[0:4 1:14 2:26]}
{2 0 append_entries SenderVC: map[0:3 1:1 2:27] ReceiverVC: map[0:17 1:5 2:27]}
{2 1 append_entries SenderVC: map[0:3 1:1 2:28] ReceiverVC: map[0:4 1:15 2:28]}
{2 1 append_entries SenderVC: map[0:3 1:1 2:29] ReceiverVC: map[0:4 1:16 2:29]}
{2 0 append_entries SenderVC: map[0:3 1:1 2:30] ReceiverVC: map[0:18 1:5 2:30]}
{2 0 append_entries SenderVC: map[0:3 1:1 2:31] ReceiverVC: map[0:19 1:5 2:31]}
{2 1 append_entries SenderVC: map[0:3 1:1 2:32] ReceiverVC: map[0:4 1:17 2:32]}
{2 0 append_entries SenderVC: map[0:3 1:1 2:33] ReceiverVC: map[0:20 1:5 2:33]}
{2 1 append_entries SenderVC: map[0:3 1:1 2:34] ReceiverVC: map[0:4 1:18 2:34]}
{2 0 append_entries SenderVC: map[0:3 1:1 2:35] ReceiverVC: map[0:21 1:5 2:35]}
{2 1 append_entries SenderVC: map[0:3 1:1 2:36] ReceiverVC: map[0:4 1:19 2:36]}
{2 0 append_entries SenderVC: map[0:3 1:1 2:37] ReceiverVC: map[0:22 1:5 2:37]}
{2 1 append_entries SenderVC: map[0:3 1:1 2:38] ReceiverVC: map[0:4 1:20 2:38]}
{2 1 append_entries SenderVC: map[0:3 1:1 2:39] ReceiverVC: map[0:4 1:21 2:39]}
{2 1 append_entries SenderVC: map[0:3 1:1 2:40] ReceiverVC: map[0:4 1:22 2:40]}
{2 1 append_entries SenderVC: map[0:3 1:1 2:41] ReceiverVC: map[0:4 1:23 2:41]}
{2 1 append_entries SenderVC: map[0:3 1:1 2:42] ReceiverVC: map[0:4 1:24 2:42]}
{2 1 append_entries SenderVC: map[0:3 1:1 2:43] ReceiverVC: map[0:4 1:25 2:43]}
{2 0 append_entries SenderVC: map[0:3 1:1 2:44] ReceiverVC: map[0:23 1:5 2:44]}
{2 1 append_entries SenderVC: map[0:3 1:1 2:45] ReceiverVC: map[0:4 1:26 2:45]}
{2 0 append_entries SenderVC: map[0:3 1:1 2:46] ReceiverVC: map[0:24 1:5 2:46]}
{2 1 append_entries SenderVC: map[0:3 1:1 2:47] ReceiverVC: map[0:4 1:27 2:47]}
{2 1 append_entries SenderVC: map[0:3 1:1 2:48] ReceiverVC: map[0:4 1:28 2:48]}
