{1 2 pre_vote SenderVC: map[0:0 1:1 2:0] ReceiverVC: map[0:0 1:1 2:1]}
{1 0 pre_vote SenderVC: map[0:0 1:2 2:0] ReceiverVC: map[0:1 1:2 2:0]}
{2 0 pre_vote SenderVC: map[0:0 1:1 2:2] ReceiverVC: map[0:2 1:2 2:2]}
{2 1 pre_vote SenderVC: map[0:0 1:1 2:3] ReceiverVC: map[0:0 1:3 2:3]}
{2 0 request_vote SenderVC: map[0:0 1:1 2:4] ReceiverVC: map[0:3 1:2 2:4]}
{0 1 pre_vote SenderVC: map[0:4 1:2 2:4] ReceiverVC: map[0:4 1:4 2:4]}
{2 1 request_vote SenderVC: map[0:0 1:1 2:5] ReceiverVC: map[0:4 1:5 2:5]}
{0 2 pre_vote SenderVC: map[0:5 1:2 2:4] ReceiverVC: map[0:5 1:2 2:6]}
{-1 -1 Drop Message Fault}
{2 1 append_entries is dropped SenderVC: map[0:5 1:2 2:6] ReceiverVC: map[0:4 1:5 2:5]}
{-1 -1 Drop Message Fault}
{2 0 append_entries is dropped SenderVC: map[0:5 1:2 2:6] ReceiverVC: map[0:5 1:2 2:4]}
{-1 -1 Drop Message Fault}
{-1 -1 Drop Message Fault}
{1 2 pre_vote SenderVC: map[0:4 1:6 2:5] ReceiverVC: map[0:5 1:6 2:7]}
{1 0 pre_vote SenderVC: map[0:4 1:7 2:5] ReceiverVC: map[0:6 1:7 2:5]}
{1 2 request_vote SenderVC: map[0:4 1:8 2:5] ReceiverVC: map[0:5 1:8 2:8]}
{1 0 request_vote SenderVC: map[0:4 1:9 2:5] ReceiverVC: map[0:7 1:9 2:5]}
{1 2 append_entries SenderVC: map[0:4 1:10 2:5] ReceiverVC: map[0:5 1:10 2:9]}
{1 0 append_entries SenderVC: map[0:4 1:11 2:5] ReceiverVC: map[0:8 1:11 2:5]}
{1 0 append_entries SenderVC: map[0:4 1:12 2:5] ReceiverVC: map[0:9 1:12 2:5]}
{1 0 append_entries SenderVC: map[0:4 1:13 2:5] ReceiverVC: map[0:10 1:13 2:5]}
{1 2 append_entries SenderVC: map[0:4 1:14 2:5] ReceiverVC: map[0:5 1:14 2:10]}
{1 2 append_entries SenderVC: map[0:4 1:15 2:5] ReceiverVC: map[0:5 1:15 2:11]}
{1 0 append_entries SenderVC: map[0:4 1:16 2:5] ReceiverVC: map[0:11 1:16 2:5]}
{1 2 append_entries SenderVC: map[0:4 1:17 2:5] ReceiverVC: map[0:5 1:17 2:12]}
{1 0 append_entries SenderVC: map[0:4 1:18 2:5] ReceiverVC: map[0:12 1:18 2:5]}
{1 2 append_entries SenderVC: map[0:4 1:19 2:5] ReceiverVC: map[0:5 1:19 2:13]}
{1 0 append_entries SenderVC: map[0:4 1:20 2:5] ReceiverVC: map[0:13 1:20 2:5]}
{1 0 append_entries SenderVC: map[0:4 1:21 2:5] ReceiverVC: map[0:14 1:21 2:5]}
{1 0 append_entries SenderVC: map[0:4 1:22 2:5] ReceiverVC: map[0:15 1:22 2:5]}
{1 0 append_entries SenderVC: map[0:4 1:23 2:5] ReceiverVC: map[0:16 1:23 2:5]}
{1 0 append_entries SenderVC: map[0:4 1:24 2:5] ReceiverVC: map[0:17 1:24 2:5]}
{1 0 append_entries SenderVC: map[0:4 1:25 2:5] ReceiverVC: map[0:18 1:25 2:5]}
{1 2 append_entries SenderVC: map[0:4 1:26 2:5] ReceiverVC: map[0:5 1:26 2:14]}
{1 0 append_entries SenderVC: map[0:4 1:27 2:5] ReceiverVC: map[0:19 1:27 2:5]}
{1 0 append_entries SenderVC: map[0:4 1:28 2:5] ReceiverVC: map[0:20 1:28 2:5]}
{1 2 append_entries SenderVC: map[0:4 1:29 2:5] ReceiverVC: map[0:5 1:29 2:15]}
{1 0 append_entries SenderVC: map[0:4 1:30 2:5] ReceiverVC: map[0:21 1:30 2:5]}
{1 2 append_entries SenderVC: map[0:4 1:31 2:5] ReceiverVC: map[0:5 1:31 2:16]}
{1 0 append_entries SenderVC: map[0:4 1:32 2:5] ReceiverVC: map[0:22 1:32 2:5]}
{1 0 append_entries SenderVC: map[0:4 1:33 2:5] ReceiverVC: map[0:23 1:33 2:5]}
{1 0 append_entries SenderVC: map[0:4 1:34 2:5] ReceiverVC: map[0:24 1:34 2:5]}
{1 0 append_entries SenderVC: map[0:4 1:35 2:5] ReceiverVC: map[0:25 1:35 2:5]}
{1 2 append_entries SenderVC: map[0:4 1:36 2:5] ReceiverVC: map[0:5 1:36 2:17]}
{1 2 append_entries SenderVC: map[0:4 1:37 2:5] ReceiverVC: map[0:5 1:37 2:18]}
{1 0 append_entries SenderVC: map[0:4 1:38 2:5] ReceiverVC: map[0:26 1:38 2:5]}
{1 0 append_entries SenderVC: map[0:4 1:39 2:5] ReceiverVC: map[0:27 1:39 2:5]}
{1 0 append_entries SenderVC: map[0:4 1:40 2:5] ReceiverVC: map[0:28 1:40 2:5]}
{1 0 append_entries SenderVC: map[0:4 1:41 2:5] ReceiverVC: map[0:29 1:41 2:5]}
{1 2 append_entries SenderVC: map[0:4 1:42 2:5] ReceiverVC: map[0:5 1:42 2:19]}
{1 0 append_entries SenderVC: map[0:4 1:43 2:5] ReceiverVC: map[0:30 1:43 2:5]}
{1 2 append_entries SenderVC: map[0:4 1:44 2:5] ReceiverVC: map[0:5 1:44 2:20]}
{1 2 append_entries SenderVC: map[0:4 1:45 2:5] ReceiverVC: map[0:5 1:45 2:21]}
{1 2 append_entries SenderVC: map[0:4 1:46 2:5] ReceiverVC: map[0:5 1:46 2:22]}
{1 2 append_entries SenderVC: map[0:4 1:47 2:5] ReceiverVC: map[0:5 1:47 2:23]}
