{0 2 pre_vote SenderVC: map[0:1 1:0 2:0] ReceiverVC: map[0:1 1:0 2:1]}
{-1 -1 Drop Message Fault}
{1 0 pre_vote is dropped SenderVC: map[0:0 1:0 2:0] ReceiverVC: map[0:1 1:0 2:0]}
{0 1 pre_vote SenderVC: map[0:2 1:0 2:0] ReceiverVC: map[0:2 1:1 2:0]}
{0 1 request_vote SenderVC: map[0:3 1:0 2:0] ReceiverVC: map[0:3 1:2 2:0]}
{2 0 pre_vote SenderVC: map[0:1 1:0 2:2] ReceiverVC: map[0:4 1:0 2:2]}
{0 2 request_vote SenderVC: map[0:5 1:0 2:2] ReceiverVC: map[0:5 1:0 2:3]}
{2 1 pre_vote SenderVC: map[0:5 1:0 2:4] ReceiverVC: map[0:5 1:3 2:4]}
{1 2 pre_vote SenderVC: map[0:5 1:4 2:4] ReceiverVC: map[0:5 1:4 2:5]}
{-1 -1 Drop Message Fault}
{1 2 pre_vote SenderVC: map[0:5 1:5 2:4] ReceiverVC: map[0:5 1:5 2:6]}
{1 0 pre_vote SenderVC: map[0:5 1:6 2:4] ReceiverVC: map[0:6 1:6 2:4]}
{2 0 pre_vote SenderVC: map[0:5 1:5 2:7] ReceiverVC: map[0:7 1:6 2:7]}
{2 1 pre_vote SenderVC: map[0:5 1:5 2:8] ReceiverVC: map[0:5 1:7 2:8]}
{0 1 pre_vote SenderVC: map[0:8 1:6 2:7] ReceiverVC: map[0:8 1:8 2:8]}
{0 2 pre_vote SenderVC: map[0:9 1:6 2:7] ReceiverVC: map[0:9 1:6 2:9]}
{0 1 request_vote SenderVC: map[0:10 1:6 2:7] ReceiverVC: map[0:10 1:9 2:8]}
{0 2 request_vote SenderVC: map[0:11 1:6 2:7] ReceiverVC: map[0:11 1:6 2:10]}
{1 2 pre_vote SenderVC: map[0:10 1:10 2:8] ReceiverVC: map[0:11 1:10 2:11]}
{1 2 request_vote SenderVC: map[0:10 1:11 2:8] ReceiverVC: map[0:11 1:11 2:12]}
{1 0 pre_vote SenderVC: map[0:10 1:12 2:8] ReceiverVC: map[0:12 1:12 2:8]}
{1 0 request_vote SenderVC: map[0:10 1:13 2:8] ReceiverVC: map[0:13 1:13 2:8]}
{1 2 append_entries SenderVC: map[0:10 1:14 2:8] ReceiverVC: map[0:11 1:14 2:13]}
{2 1 pre_vote SenderVC: map[0:11 1:14 2:14] ReceiverVC: map[0:11 1:15 2:14]}
{1 0 append_entries SenderVC: map[0:11 1:16 2:14] ReceiverVC: map[0:14 1:16 2:14]}
{2 0 pre_vote SenderVC: map[0:11 1:14 2:15] ReceiverVC: map[0:15 1:16 2:15]}
{1 2 append_entries SenderVC: map[0:11 1:17 2:14] ReceiverVC: map[0:11 1:17 2:16]}
{1 0 append_entries SenderVC: map[0:11 1:18 2:14] ReceiverVC: map[0:16 1:18 2:15]}
{1 2 append_entries SenderVC: map[0:11 1:19 2:14] ReceiverVC: map[0:11 1:19 2:17]}
{1 0 append_entries SenderVC: map[0:11 1:20 2:14] ReceiverVC: map[0:17 1:20 2:15]}
{1 0 append_entries SenderVC: map[0:11 1:21 2:14] ReceiverVC: map[0:18 1:21 2:15]}
{1 2 append_entries SenderVC: map[0:11 1:22 2:14] ReceiverVC: map[0:11 1:22 2:18]}
{1 2 append_entries SenderVC: map[0:11 1:23 2:14] ReceiverVC: map[0:11 1:23 2:19]}
{1 2 append_entries SenderVC: map[0:11 1:24 2:14] ReceiverVC: map[0:11 1:24 2:20]}
{1 2 append_entries SenderVC: map[0:11 1:25 2:14] ReceiverVC: map[0:11 1:25 2:21]}
{1 0 append_entries SenderVC: map[0:11 1:26 2:14] ReceiverVC: map[0:19 1:26 2:15]}
{1 2 append_entries SenderVC: map[0:11 1:27 2:14] ReceiverVC: map[0:11 1:27 2:22]}
{1 2 append_entries SenderVC: map[0:11 1:28 2:14] ReceiverVC: map[0:11 1:28 2:23]}
{1 0 append_entries SenderVC: map[0:11 1:29 2:14] ReceiverVC: map[0:20 1:29 2:15]}
{1 0 append_entries SenderVC: map[0:11 1:30 2:14] ReceiverVC: map[0:21 1:30 2:15]}
{1 2 append_entries SenderVC: map[0:11 1:31 2:14] ReceiverVC: map[0:11 1:31 2:24]}
{1 0 append_entries SenderVC: map[0:11 1:32 2:14] ReceiverVC: map[0:22 1:32 2:15]}
{1 2 append_entries SenderVC: map[0:11 1:33 2:14] ReceiverVC: map[0:11 1:33 2:25]}
{1 2 append_entries SenderVC: map[0:11 1:34 2:14] ReceiverVC: map[0:11 1:34 2:26]}
{1 2 append_entries SenderVC: map[0:11 1:35 2:14] ReceiverVC: map[0:11 1:35 2:27]}
{1 0 append_entries SenderVC: map[0:11 1:36 2:14] ReceiverVC: map[0:23 1:36 2:15]}
{1 2 append_entries SenderVC: map[0:11 1:37 2:14] ReceiverVC: map[0:11 1:37 2:28]}
{1 2 append_entries SenderVC: map[0:11 1:38 2:14] ReceiverVC: map[0:11 1:38 2:29]}
{1 0 append_entries SenderVC: map[0:11 1:39 2:14] ReceiverVC: map[0:24 1:39 2:15]}
