{2 1 pre_vote SenderVC: map[0:0 1:0 2:1] ReceiverVC: map[0:0 1:1 2:1]}
{0 2 pre_vote SenderVC: map[0:1 1:0 2:0] ReceiverVC: map[0:1 1:0 2:2]}
{0 1 pre_vote SenderVC: map[0:2 1:0 2:0] ReceiverVC: map[0:2 1:2 2:1]}
{2 0 pre_vote SenderVC: map[0:1 1:0 2:3] ReceiverVC: map[0:3 1:0 2:3]}
{1 2 pre_vote SenderVC: map[0:2 1:3 2:1] ReceiverVC: map[0:2 1:3 2:4]}
{2 1 request_vote SenderVC: map[0:2 1:3 2:5] ReceiverVC: map[0:2 1:4 2:5]}
{1 0 pre_vote SenderVC: map[0:2 1:5 2:5] ReceiverVC: map[0:4 1:5 2:5]}
{2 0 request_vote SenderVC: map[0:2 1:3 2:6] ReceiverVC: map[0:5 1:5 2:6]}
{2 0 append_entries SenderVC: map[0:2 1:3 2:7] ReceiverVC: map[0:6 1:5 2:7]}
{2 1 append_entries SenderVC: map[0:2 1:3 2:8] ReceiverVC: map[0:2 1:6 2:8]}
{-1 -1 Drop Message Fault}
{2 1 append_entries SenderVC: map[0:2 1:3 2:9] ReceiverVC: map[0:2 1:7 2:9]}
{2 0 append_entries SenderVC: map[0:2 1:3 2:10] ReceiverVC: map[0:7 1:5 2:10]}
{-1 -1 Drop Message Fault}
{-1 -1 Drop Message Fault}
{2 1 append_entries is dropped SenderVC: map[0:2 1:3 2:10] ReceiverVC: map[0:2 1:7 2:9]}
{-1 -1 Drop Message Fault}
{2 0 append_entries SenderVC: map[0:2 1:3 2:11] ReceiverVC: map[0:8 1:5 2:11]}
{2 0 append_entries SenderVC: map[0:2 1:3 2:12] ReceiverVC: map[0:9 1:5 2:12]}
{2 0 append_entries SenderVC: map[0:2 1:3 2:13] ReceiverVC: map[0:10 1:5 2:13]}
{2 0 append_entries SenderVC: map[0:2 1:3 2:14] ReceiverVC: map[0:11 1:5 2:14]}
{2 0 append_entries SenderVC: map[0:2 1:3 2:15] ReceiverVC: map[0:12 1:5 2:15]}
{2 0 append_entries SenderVC: map[0:2 1:3 2:16] ReceiverVC: map[0:13 1:5 2:16]}
{2 0 append_entries SenderVC: map[0:2 1:3 2:17] ReceiverVC: map[0:14 1:5 2:17]}
{2 0 append_entries SenderVC: map[0:2 1:3 2:18] ReceiverVC: map[0:15 1:5 2:18]}
{2 0 append_entries SenderVC: map[0:2 1:3 2:19] ReceiverVC: map[0:16 1:5 2:19]}
{2 0 append_entries SenderVC: map[0:2 1:3 2:20] ReceiverVC: map[0:17 1:5 2:20]}
{2 0 append_entries SenderVC: map[0:2 1:3 2:21] ReceiverVC: map[0:18 1:5 2:21]}
{2 0 append_entries SenderVC: map[0:2 1:3 2:22] ReceiverVC: map[0:19 1:5 2:22]}
