{1 0 pre_vote SenderVC: map[0:0 1:1 2:0] ReceiverVC: map[0:1 1:1 2:0]}
{1 2 pre_vote SenderVC: map[0:0 1:2 2:0] ReceiverVC: map[0:0 1:2 2:1]}
{0 2 pre_vote SenderVC: map[0:2 1:1 2:0] ReceiverVC: map[0:2 1:2 2:2]}
{2 0 pre_vote SenderVC: map[0:2 1:2 2:3] ReceiverVC: map[0:3 1:2 2:3]}
{-1 -1 Drop Message Fault}
{1 0 request_vote is dropped SenderVC: map[0:0 1:2 2:0] ReceiverVC: map[0:3 1:2 2:3]}
{2 0 request_vote SenderVC: map[0:2 1:2 2:4] ReceiverVC: map[0:4 1:2 2:4]}
{1 2 request_vote SenderVC: map[0:0 1:3 2:0] ReceiverVC: map[0:2 1:3 2:5]}
{0 1 pre_vote SenderVC: map[0:5 1:2 2:4] ReceiverVC: map[0:5 1:4 2:4]}
{2 1 request_vote SenderVC: map[0:2 1:3 2:6] ReceiverVC: map[0:5 1:5 2:6]}
{2 1 pre_vote SenderVC: map[0:2 1:3 2:7] ReceiverVC: map[0:5 1:6 2:7]}
{-1 -1 Drop Message Fault}
{2 0 pre_vote SenderVC: map[0:2 1:3 2:8] ReceiverVC: map[0:6 1:3 2:8]}
{0 2 pre_vote SenderVC: map[0:7 1:3 2:8] ReceiverVC: map[0:7 1:3 2:9]}
{2 1 pre_vote SenderVC: map[0:7 1:3 2:10] ReceiverVC: map[0:7 1:7 2:10]}
{2 1 request_vote SenderVC: map[0:7 1:3 2:11] ReceiverVC: map[0:7 1:8 2:11]}
{0 1 pre_vote SenderVC: map[0:8 1:3 2:8] ReceiverVC: map[0:8 1:9 2:11]}
{2 0 request_vote SenderVC: map[0:7 1:3 2:12] ReceiverVC: map[0:9 1:3 2:12]}
{1 2 pre_vote SenderVC: map[0:8 1:10 2:11] ReceiverVC: map[0:8 1:10 2:13]}
{1 0 pre_vote SenderVC: map[0:8 1:11 2:11] ReceiverVC: map[0:10 1:11 2:12]}
{1 0 request_vote SenderVC: map[0:8 1:12 2:11] ReceiverVC: map[0:11 1:12 2:12]}
{1 2 request_vote SenderVC: map[0:8 1:13 2:11] ReceiverVC: map[0:8 1:13 2:14]}
{1 0 append_entries SenderVC: map[0:8 1:14 2:11] ReceiverVC: map[0:12 1:14 2:12]}
{1 2 append_entries SenderVC: map[0:8 1:15 2:11] ReceiverVC: map[0:8 1:15 2:15]}
{1 2 append_entries SenderVC: map[0:8 1:16 2:11] ReceiverVC: map[0:8 1:16 2:16]}
{1 0 append_entries SenderVC: map[0:8 1:17 2:11] ReceiverVC: map[0:13 1:17 2:12]}
{1 2 append_entries SenderVC: map[0:8 1:18 2:11] ReceiverVC: map[0:8 1:18 2:17]}
{1 0 append_entries SenderVC: map[0:8 1:19 2:11] ReceiverVC: map[0:14 1:19 2:12]}
{1 2 append_entries SenderVC: map[0:8 1:20 2:11] ReceiverVC: map[0:8 1:20 2:18]}
{1 0 append_entries SenderVC: map[0:8 1:21 2:11] ReceiverVC: map[0:15 1:21 2:12]}
{1 0 append_entries SenderVC: map[0:8 1:22 2:11] ReceiverVC: map[0:16 1:22 2:12]}
{1 0 append_entries SenderVC: map[0:8 1:23 2:11] ReceiverVC: map[0:17 1:23 2:12]}
{1 0 append_entries SenderVC: map[0:8 1:24 2:11] ReceiverVC: map[0:18 1:24 2:12]}
{1 0 append_entries SenderVC: map[0:8 1:25 2:11] ReceiverVC: map[0:19 1:25 2:12]}
{1 2 append_entries SenderVC: map[0:8 1:26 2:11] ReceiverVC: map[0:8 1:26 2:19]}
{1 2 append_entries SenderVC: map[0:8 1:27 2:11] ReceiverVC: map[0:8 1:27 2:20]}
{1 2 append_entries SenderVC: map[0:8 1:28 2:11] ReceiverVC: map[0:8 1:28 2:21]}
{1 2 append_entries SenderVC: map[0:8 1:29 2:11] ReceiverVC: map[0:8 1:29 2:22]}
{1 0 append_entries SenderVC: map[0:8 1:30 2:11] ReceiverVC: map[0:20 1:30 2:12]}
{1 0 append_entries SenderVC: map[0:8 1:31 2:11] ReceiverVC: map[0:21 1:31 2:12]}
