{2 0 pre_vote SenderVC: map[0:0 1:0 2:1] ReceiverVC: map[0:1 1:0 2:1]}
{0 2 pre_vote SenderVC: map[0:2 1:0 2:1] ReceiverVC: map[0:2 1:0 2:2]}
{2 1 pre_vote SenderVC: map[0:2 1:0 2:3] ReceiverVC: map[0:2 1:1 2:3]}
{0 1 pre_vote SenderVC: map[0:3 1:0 2:1] ReceiverVC: map[0:3 1:2 2:3]}
{0 2 request_vote SenderVC: map[0:4 1:0 2:1] ReceiverVC: map[0:4 1:0 2:4]}
{0 1 request_vote SenderVC: map[0:5 1:0 2:1] ReceiverVC: map[0:5 1:3 2:3]}
{2 1 request_vote SenderVC: map[0:4 1:0 2:5] ReceiverVC: map[0:5 1:4 2:5]}
{2 0 request_vote SenderVC: map[0:4 1:0 2:6] ReceiverVC: map[0:6 1:0 2:6]}
{-1 -1 Drop Message Fault}
{1 2 pre_vote is dropped SenderVC: map[0:5 1:4 2:5] ReceiverVC: map[0:4 1:0 2:6]}
{1 0 pre_vote SenderVC: map[0:5 1:5 2:5] ReceiverVC: map[0:7 1:5 2:6]}
{1 2 request_vote SenderVC: map[0:5 1:6 2:5] ReceiverVC: map[0:5 1:6 2:7]}
{1 0 request_vote SenderVC: map[0:5 1:7 2:5] ReceiverVC: map[0:8 1:7 2:6]}
{1 0 append_entries SenderVC: map[0:5 1:8 2:5] ReceiverVC: map[0:9 1:8 2:6]}
{1 2 append_entries SenderVC: map[0:5 1:9 2:5] ReceiverVC: map[0:5 1:9 2:8]}
{-1 -1 Drop Message Fault}
{1 2 append_entries SenderVC: map[0:5 1:10 2:5] ReceiverVC: map[0:5 1:10 2:9]}
{1 0 append_entries SenderVC: map[0:5 1:11 2:5] ReceiverVC: map[0:10 1:11 2:6]}
{1 0 append_entries SenderVC: map[0:5 1:12 2:5] ReceiverVC: map[0:11 1:12 2:6]}
{1 2 append_entries SenderVC: map[0:5 1:13 2:5] ReceiverVC: map[0:5 1:13 2:10]}
{1 2 append_entries SenderVC: map[0:5 1:14 2:5] ReceiverVC: map[0:5 1:14 2:11]}
{1 0 append_entries SenderVC: map[0:5 1:15 2:5] ReceiverVC: map[0:12 1:15 2:6]}
{1 2 append_entries SenderVC: map[0:5 1:16 2:5] ReceiverVC: map[0:5 1:16 2:12]}
{1 0 append_entries SenderVC: map[0:5 1:17 2:5] ReceiverVC: map[0:13 1:17 2:6]}
{1 0 append_entries SenderVC: map[0:5 1:18 2:5] ReceiverVC: map[0:14 1:18 2:6]}
{1 2 append_entries SenderVC: map[0:5 1:19 2:5] ReceiverVC: map[0:5 1:19 2:13]}
{1 2 append_entries SenderVC: map[0:5 1:20 2:5] ReceiverVC: map[0:5 1:20 2:14]}
{1 2 append_entries SenderVC: map[0:5 1:21 2:5] ReceiverVC: map[0:5 1:21 2:15]}
{1 2 append_entries SenderVC: map[0:5 1:22 2:5] ReceiverVC: map[0:5 1:22 2:16]}
{1 2 append_entries SenderVC: map[0:5 1:23 2:5] ReceiverVC: map[0:5 1:23 2:17]}
{1 2 append_entries SenderVC: map[0:5 1:24 2:5] ReceiverVC: map[0:5 1:24 2:18]}
{1 0 append_entries SenderVC: map[0:5 1:25 2:5] ReceiverVC: map[0:15 1:25 2:6]}
{1 0 append_entries SenderVC: map[0:5 1:26 2:5] ReceiverVC: map[0:16 1:26 2:6]}
{1 2 append_entries SenderVC: map[0:5 1:27 2:5] ReceiverVC: map[0:5 1:27 2:19]}
{1 0 append_entries SenderVC: map[0:5 1:28 2:5] ReceiverVC: map[0:17 1:28 2:6]}
{1 0 append_entries SenderVC: map[0:5 1:29 2:5] ReceiverVC: map[0:18 1:29 2:6]}
{1 2 append_entries SenderVC: map[0:5 1:30 2:5] ReceiverVC: map[0:5 1:30 2:20]}
