{2 0 pre_vote SenderVC: map[0:0 1:0 2:1] ReceiverVC: map[0:1 1:0 2:1]}
{1 0 pre_vote SenderVC: map[0:0 1:1 2:0] ReceiverVC: map[0:2 1:1 2:1]}
{2 1 pre_vote SenderVC: map[0:0 1:0 2:2] ReceiverVC: map[0:0 1:2 2:2]}
{0 1 pre_vote SenderVC: map[0:3 1:1 2:1] ReceiverVC: map[0:3 1:3 2:2]}
{1 0 request_vote SenderVC: map[0:3 1:4 2:2] ReceiverVC: map[0:4 1:4 2:2]}
{1 0 append_entries SenderVC: map[0:3 1:5 2:2] ReceiverVC: map[0:5 1:5 2:2]}
{0 2 pre_vote SenderVC: map[0:6 1:5 2:2] ReceiverVC: map[0:6 1:5 2:3]}
{1 2 pre_vote SenderVC: map[0:3 1:6 2:2] ReceiverVC: map[0:6 1:6 2:4]}
{1 2 request_vote SenderVC: map[0:3 1:7 2:2] ReceiverVC: map[0:6 1:7 2:5]}
{1 2 append_entries SenderVC: map[0:3 1:8 2:2] ReceiverVC: map[0:6 1:8 2:6]}
{1 2 append_entries SenderVC: map[0:3 1:9 2:2] ReceiverVC: map[0:6 1:9 2:7]}
{1 0 append_entries SenderVC: map[0:3 1:10 2:2] ReceiverVC: map[0:7 1:10 2:2]}
{1 0 append_entries SenderVC: map[0:3 1:11 2:2] ReceiverVC: map[0:8 1:11 2:2]}
{1 2 append_entries SenderVC: map[0:3 1:12 2:2] ReceiverVC: map[0:6 1:12 2:8]}
{-1 -1 Drop Message Fault}
{1 0 append_entries is dropped SenderVC: map[0:3 1:12 2:2] ReceiverVC: map[0:8 1:11 2:2]}
{-1 -1 Drop Message Fault}
{1 2 append_entries SenderVC: map[0:3 1:13 2:2] ReceiverVC: map[0:6 1:13 2:9]}
{1 2 append_entries SenderVC: map[0:3 1:14 2:2] ReceiverVC: map[0:6 1:14 2:10]}
{1 2 append_entries SenderVC: map[0:3 1:15 2:2] ReceiverVC: map[0:6 1:15 2:11]}
{1 2 append_entries SenderVC: map[0:3 1:16 2:2] ReceiverVC: map[0:6 1:16 2:12]}
{1 2 append_entries SenderVC: map[0:3 1:17 2:2] ReceiverVC: map[0:6 1:17 2:13]}
{1 2 append_entries SenderVC: map[0:3 1:18 2:2] ReceiverVC: map[0:6 1:18 2:14]}
{1 2 append_entries SenderVC: map[0:3 1:19 2:2] ReceiverVC: map[0:6 1:19 2:15]}
{1 2 append_entries SenderVC: map[0:3 1:20 2:2] ReceiverVC: map[0:6 1:20 2:16]}
{1 2 append_entries SenderVC: map[0:3 1:21 2:2] ReceiverVC: map[0:6 1:21 2:17]}
{1 2 append_entries SenderVC: map[0:3 1:22 2:2] ReceiverVC: map[0:6 1:22 2:18]}
{0 2 pre_vote SenderVC: map[0:9 1:11 2:2] ReceiverVC: map[0:9 1:22 2:19]}
{1 2 append_entries SenderVC: map[0:3 1:23 2:2] ReceiverVC: map[0:9 1:23 2:20]}
{0 1 pre_vote SenderVC: map[0:10 1:11 2:2] ReceiverVC: map[0:10 1:24 2:2]}
{1 2 append_entries SenderVC: map[0:10 1:25 2:2] ReceiverVC: map[0:10 1:25 2:21]}
{1 2 append_entries SenderVC: map[0:10 1:26 2:2] ReceiverVC: map[0:10 1:26 2:22]}
{1 2 append_entries SenderVC: map[0:10 1:27 2:2] ReceiverVC: map[0:10 1:27 2:23]}
{1 2 append_entries SenderVC: map[0:10 1:28 2:2] ReceiverVC: map[0:10 1:28 2:24]}
{1 2 append_entries SenderVC: map[0:10 1:29 2:2] ReceiverVC: map[0:10 1:29 2:25]}
{1 2 append_entries SenderVC: map[0:10 1:30 2:2] ReceiverVC: map[0:10 1:30 2:26]}
{1 2 append_entries SenderVC: map[0:10 1:31 2:2] ReceiverVC: map[0:10 1:31 2:27]}
