{1 0 pre_vote SenderVC: map[0:0 1:1 2:0] ReceiverVC: map[0:1 1:1 2:0]}
{0 2 pre_vote SenderVC: map[0:2 1:1 2:0] ReceiverVC: map[0:2 1:1 2:1]}
{1 2 pre_vote SenderVC: map[0:0 1:2 2:0] ReceiverVC: map[0:2 1:2 2:2]}
{1 2 request_vote SenderVC: map[0:0 1:3 2:0] ReceiverVC: map[0:2 1:3 2:3]}
{2 0 pre_vote SenderVC: map[0:2 1:3 2:4] ReceiverVC: map[0:3 1:3 2:4]}
{1 0 request_vote SenderVC: map[0:0 1:4 2:0] ReceiverVC: map[0:4 1:4 2:4]}
{1 2 append_entries SenderVC: map[0:0 1:5 2:0] ReceiverVC: map[0:2 1:5 2:5]}
{-1 -1 Drop Message Fault}
{1 0 append_entries is dropped SenderVC: map[0:0 1:5 2:0] ReceiverVC: map[0:4 1:4 2:4]}
{-1 -1 Drop Message Fault}
{0 1 pre_vote is dropped SenderVC: map[0:4 1:4 2:4] ReceiverVC: map[0:0 1:5 2:0]}
{2 1 pre_vote SenderVC: map[0:2 1:5 2:6] ReceiverVC: map[0:2 1:6 2:6]}
{1 2 append_entries SenderVC: map[0:2 1:7 2:6] ReceiverVC: map[0:2 1:7 2:7]}
{-1 -1 Drop Message Fault}
{1 2 append_entries SenderVC: map[0:2 1:8 2:6] ReceiverVC: map[0:2 1:8 2:8]}
{-1 -1 Drop Message Fault}
{1 2 append_entries SenderVC: map[0:2 1:9 2:6] ReceiverVC: map[0:2 1:9 2:9]}
{0 2 pre_vote SenderVC: map[0:5 1:4 2:4] ReceiverVC: map[0:5 1:9 2:10]}
{0 1 pre_vote SenderVC: map[0:6 1:4 2:4] ReceiverVC: map[0:6 1:10 2:6]}
{1 2 append_entries SenderVC: map[0:6 1:11 2:6] ReceiverVC: map[0:6 1:11 2:11]}
{1 2 append_entries SenderVC: map[0:6 1:12 2:6] ReceiverVC: map[0:6 1:12 2:12]}
{1 2 append_entries SenderVC: map[0:6 1:13 2:6] ReceiverVC: map[0:6 1:13 2:13]}
{1 2 append_entries SenderVC: map[0:6 1:14 2:6] ReceiverVC: map[0:6 1:14 2:14]}
{1 2 append_entries SenderVC: map[0:6 1:15 2:6] ReceiverVC: map[0:6 1:15 2:15]}
{1 2 append_entries SenderVC: map[0:6 1:16 2:6] ReceiverVC: map[0:6 1:16 2:16]}
{0 1 pre_vote SenderVC: map[0:7 1:4 2:4] ReceiverVC: map[0:7 1:17 2:6]}
{0 2 pre_vote SenderVC: map[0:8 1:4 2:4] ReceiverVC: map[0:8 1:16 2:17]}
{1 2 append_entries SenderVC: map[0:7 1:18 2:6] ReceiverVC: map[0:8 1:18 2:18]}
{1 2 append_entries SenderVC: map[0:7 1:19 2:6] ReceiverVC: map[0:8 1:19 2:19]}
{1 2 append_entries SenderVC: map[0:7 1:20 2:6] ReceiverVC: map[0:8 1:20 2:20]}
{1 2 append_entries SenderVC: map[0:7 1:21 2:6] ReceiverVC: map[0:8 1:21 2:21]}
{1 2 append_entries SenderVC: map[0:7 1:22 2:6] ReceiverVC: map[0:8 1:22 2:22]}
{0 1 pre_vote SenderVC: map[0:9 1:4 2:4] ReceiverVC: map[0:9 1:23 2:6]}
{0 2 pre_vote SenderVC: map[0:10 1:4 2:4] ReceiverVC: map[0:10 1:22 2:23]}
{1 2 append_entries SenderVC: map[0:9 1:24 2:6] ReceiverVC: map[0:10 1:24 2:24]}
{1 2 append_entries SenderVC: map[0:9 1:25 2:6] ReceiverVC: map[0:10 1:25 2:25]}
{1 2 append_entries SenderVC: map[0:9 1:26 2:6] ReceiverVC: map[0:10 1:26 2:26]}
{0 2 pre_vote SenderVC: map[0:11 1:4 2:4] ReceiverVC: map[0:11 1:26 2:27]}
{0 1 pre_vote SenderVC: map[0:12 1:4 2:4] ReceiverVC: map[0:12 1:27 2:6]}
{1 2 append_entries SenderVC: map[0:12 1:28 2:6] ReceiverVC: map[0:12 1:28 2:28]}
