{1 2 pre_vote SenderVC: map[0:0 1:1 2:0] ReceiverVC: map[0:0 1:1 2:1]}
{1 0 pre_vote SenderVC: map[0:0 1:2 2:0] ReceiverVC: map[0:1 1:2 2:0]}
{2 0 pre_vote SenderVC: map[0:0 1:1 2:2] ReceiverVC: map[0:2 1:2 2:2]}
{1 0 request_vote SenderVC: map[0:0 1:3 2:0] ReceiverVC: map[0:3 1:3 2:2]}
{0 2 pre_vote SenderVC: map[0:4 1:3 2:2] ReceiverVC: map[0:4 1:3 2:3]}
{1 2 request_vote SenderVC: map[0:0 1:4 2:0] ReceiverVC: map[0:4 1:4 2:4]}
{2 1 pre_vote SenderVC: map[0:4 1:4 2:5] ReceiverVC: map[0:4 1:5 2:5]}
{0 1 pre_vote SenderVC: map[0:5 1:3 2:2] ReceiverVC: map[0:5 1:6 2:5]}
{1 0 append_entries SenderVC: map[0:5 1:7 2:5] ReceiverVC: map[0:6 1:7 2:5]}
{1 2 append_entries SenderVC: map[0:5 1:8 2:5] ReceiverVC: map[0:5 1:8 2:6]}
{-1 -1 Drop Message Fault}
{1 0 append_entries is dropped SenderVC: map[0:5 1:8 2:5] ReceiverVC: map[0:6 1:7 2:5]}
{1 2 append_entries SenderVC: map[0:5 1:9 2:5] ReceiverVC: map[0:5 1:9 2:7]}
{-1 -1 Drop Message Fault}
{1 2 append_entries SenderVC: map[0:5 1:10 2:5] ReceiverVC: map[0:5 1:10 2:8]}
{1 2 append_entries SenderVC: map[0:5 1:11 2:5] ReceiverVC: map[0:5 1:11 2:9]}
{1 2 append_entries SenderVC: map[0:5 1:12 2:5] ReceiverVC: map[0:5 1:12 2:10]}
{1 2 append_entries SenderVC: map[0:5 1:13 2:5] ReceiverVC: map[0:5 1:13 2:11]}
{1 2 append_entries SenderVC: map[0:5 1:14 2:5] ReceiverVC: map[0:5 1:14 2:12]}
{1 2 append_entries SenderVC: map[0:5 1:15 2:5] ReceiverVC: map[0:5 1:15 2:13]}
{1 2 append_entries SenderVC: map[0:5 1:16 2:5] ReceiverVC: map[0:5 1:16 2:14]}
{1 2 append_entries SenderVC: map[0:5 1:17 2:5] ReceiverVC: map[0:5 1:17 2:15]}
{1 2 append_entries SenderVC: map[0:5 1:18 2:5] ReceiverVC: map[0:5 1:18 2:16]}
{1 2 append_entries SenderVC: map[0:5 1:19 2:5] ReceiverVC: map[0:5 1:19 2:17]}
{1 2 append_entries SenderVC: map[0:5 1:20 2:5] ReceiverVC: map[0:5 1:20 2:18]}
{1 2 append_entries SenderVC: map[0:5 1:21 2:5] ReceiverVC: map[0:5 1:21 2:19]}
{1 2 append_entries SenderVC: map[0:5 1:22 2:5] ReceiverVC: map[0:5 1:22 2:20]}
{0 1 pre_vote SenderVC: map[0:7 1:7 2:5] ReceiverVC: map[0:7 1:23 2:5]}
{0 2 pre_vote SenderVC: map[0:8 1:7 2:5] ReceiverVC: map[0:8 1:22 2:21]}
{1 2 append_entries SenderVC: map[0:7 1:24 2:5] ReceiverVC: map[0:8 1:24 2:22]}
{1 2 append_entries SenderVC: map[0:7 1:25 2:5] ReceiverVC: map[0:8 1:25 2:23]}
