{-1 -1 Drop Message Fault}
{0 1 pre_vote is dropped SenderVC: map[0:0 1:0 2:0] ReceiverVC: map[0:0 1:0 2:0]}
{2 1 pre_vote SenderVC: map[0:0 1:0 2:1] ReceiverVC: map[0:0 1:1 2:1]}
{1 0 pre_vote SenderVC: map[0:0 1:2 2:1] ReceiverVC: map[0:1 1:2 2:1]}
{1 2 pre_vote SenderVC: map[0:0 1:3 2:1] ReceiverVC: map[0:0 1:3 2:2]}
{2 0 pre_vote SenderVC: map[0:0 1:3 2:3] ReceiverVC: map[0:2 1:3 2:3]}
{2 0 request_vote SenderVC: map[0:0 1:3 2:4] ReceiverVC: map[0:3 1:3 2:4]}
{2 1 request_vote SenderVC: map[0:0 1:3 2:5] ReceiverVC: map[0:0 1:4 2:5]}
{-1 -1 Drop Message Fault}
{0 2 pre_vote is dropped SenderVC: map[0:3 1:3 2:4] ReceiverVC: map[0:0 1:3 2:5]}
{-1 -1 Drop Message Fault}
{-1 -1 Drop Message Fault}
{0 2 pre_vote SenderVC: map[0:4 1:3 2:4] ReceiverVC: map[0:4 1:3 2:6]}
{0 1 pre_vote SenderVC: map[0:5 1:3 2:4] ReceiverVC: map[0:5 1:5 2:5]}
{1 2 pre_vote SenderVC: map[0:5 1:6 2:5] ReceiverVC: map[0:5 1:6 2:7]}
{1 0 pre_vote SenderVC: map[0:5 1:7 2:5] ReceiverVC: map[0:6 1:7 2:5]}
{2 0 pre_vote SenderVC: map[0:5 1:6 2:8] ReceiverVC: map[0:7 1:7 2:8]}
{2 1 pre_vote SenderVC: map[0:5 1:6 2:9] ReceiverVC: map[0:5 1:8 2:9]}
{0 2 pre_vote SenderVC: map[0:8 1:7 2:8] ReceiverVC: map[0:8 1:7 2:10]}
{0 1 request_vote SenderVC: map[0:9 1:7 2:8] ReceiverVC: map[0:9 1:9 2:9]}
{0 2 request_vote SenderVC: map[0:10 1:7 2:8] ReceiverVC: map[0:10 1:7 2:11]}
{0 1 pre_vote SenderVC: map[0:11 1:7 2:8] ReceiverVC: map[0:11 1:10 2:9]}
{1 2 pre_vote SenderVC: map[0:11 1:11 2:9] ReceiverVC: map[0:11 1:11 2:12]}
{1 0 pre_vote SenderVC: map[0:11 1:12 2:9] ReceiverVC: map[0:12 1:12 2:9]}
{1 0 request_vote SenderVC: map[0:11 1:13 2:9] ReceiverVC: map[0:13 1:13 2:9]}
{1 2 request_vote SenderVC: map[0:11 1:14 2:9] ReceiverVC: map[0:11 1:14 2:13]}
{2 1 pre_vote SenderVC: map[0:11 1:14 2:14] ReceiverVC: map[0:11 1:15 2:14]}
{2 0 pre_vote SenderVC: map[0:11 1:14 2:15] ReceiverVC: map[0:14 1:14 2:15]}
{2 1 request_vote SenderVC: map[0:11 1:14 2:16] ReceiverVC: map[0:11 1:16 2:16]}
{2 0 request_vote SenderVC: map[0:11 1:14 2:17] ReceiverVC: map[0:15 1:14 2:17]}
{0 2 pre_vote SenderVC: map[0:16 1:14 2:17] ReceiverVC: map[0:16 1:14 2:18]}
{1 0 pre_vote SenderVC: map[0:11 1:17 2:16] ReceiverVC: map[0:17 1:17 2:17]}
{0 1 pre_vote SenderVC: map[0:18 1:17 2:17] ReceiverVC: map[0:18 1:18 2:17]}
{1 2 pre_vote SenderVC: map[0:18 1:19 2:17] ReceiverVC: map[0:18 1:19 2:19]}
{0 2 request_vote SenderVC: map[0:19 1:17 2:17] ReceiverVC: map[0:19 1:19 2:20]}
{0 1 request_vote SenderVC: map[0:20 1:17 2:17] ReceiverVC: map[0:20 1:20 2:17]}
{1 2 pre_vote SenderVC: map[0:20 1:21 2:17] ReceiverVC: map[0:20 1:21 2:21]}
{1 0 pre_vote SenderVC: map[0:20 1:22 2:17] ReceiverVC: map[0:21 1:22 2:17]}
{2 1 pre_vote SenderVC: map[0:20 1:21 2:22] ReceiverVC: map[0:20 1:23 2:22]}
{2 1 request_vote SenderVC: map[0:20 1:21 2:23] ReceiverVC: map[0:20 1:24 2:23]}
{2 0 pre_vote SenderVC: map[0:20 1:21 2:24] ReceiverVC: map[0:22 1:22 2:24]}
{2 0 request_vote SenderVC: map[0:20 1:21 2:25] ReceiverVC: map[0:23 1:22 2:25]}
{2 1 append_entries SenderVC: map[0:20 1:21 2:26] ReceiverVC: map[0:20 1:25 2:26]}
{2 0 append_entries SenderVC: map[0:20 1:21 2:27] ReceiverVC: map[0:24 1:22 2:27]}
{2 0 append_entries SenderVC: map[0:20 1:21 2:28] ReceiverVC: map[0:25 1:22 2:28]}
{2 1 append_entries SenderVC: map[0:20 1:21 2:29] ReceiverVC: map[0:20 1:26 2:29]}
