{-1 -1 Drop Message Fault}
{1 0 pre_vote is dropped SenderVC: map[0:0 1:0 2:0] ReceiverVC: map[0:0 1:0 2:0]}
{1 2 pre_vote SenderVC: map[0:0 1:1 2:0] ReceiverVC: map[0:0 1:1 2:1]}
{1 0 request_vote SenderVC: map[0:0 1:2 2:0] ReceiverVC: map[0:1 1:2 2:0]}
{2 0 pre_vote SenderVC: map[0:0 1:1 2:2] ReceiverVC: map[0:2 1:2 2:2]}
{0 2 pre_vote SenderVC: map[0:3 1:2 2:2] ReceiverVC: map[0:3 1:2 2:3]}
{-1 -1 Drop Message Fault}
{1 2 request_vote is dropped SenderVC: map[0:0 1:2 2:0] ReceiverVC: map[0:3 1:2 2:3]}
{0 1 pre_vote SenderVC: map[0:4 1:2 2:2] ReceiverVC: map[0:4 1:3 2:2]}
{2 1 pre_vote SenderVC: map[0:3 1:2 2:4] ReceiverVC: map[0:4 1:4 2:4]}
{0 2 pre_vote SenderVC: map[0:5 1:2 2:2] ReceiverVC: map[0:5 1:2 2:5]}
{0 1 pre_vote SenderVC: map[0:6 1:2 2:2] ReceiverVC: map[0:6 1:5 2:4]}
{0 2 request_vote SenderVC: map[0:7 1:2 2:2] ReceiverVC: map[0:7 1:2 2:6]}
{0 1 request_vote SenderVC: map[0:8 1:2 2:2] ReceiverVC: map[0:8 1:6 2:4]}
{0 2 append_entries SenderVC: map[0:9 1:2 2:2] ReceiverVC: map[0:9 1:2 2:7]}
{0 1 append_entries SenderVC: map[0:10 1:2 2:2] ReceiverVC: map[0:10 1:7 2:4]}
{0 1 append_entries SenderVC: map[0:11 1:2 2:2] ReceiverVC: map[0:11 1:8 2:4]}
{0 2 append_entries SenderVC: map[0:12 1:2 2:2] ReceiverVC: map[0:12 1:2 2:8]}
{0 1 append_entries SenderVC: map[0:13 1:2 2:2] ReceiverVC: map[0:13 1:9 2:4]}
{0 1 append_entries SenderVC: map[0:14 1:2 2:2] ReceiverVC: map[0:14 1:10 2:4]}
{0 1 append_entries SenderVC: map[0:15 1:2 2:2] ReceiverVC: map[0:15 1:11 2:4]}
{0 1 append_entries SenderVC: map[0:16 1:2 2:2] ReceiverVC: map[0:16 1:12 2:4]}
{0 1 append_entries SenderVC: map[0:17 1:2 2:2] ReceiverVC: map[0:17 1:13 2:4]}
{0 2 append_entries SenderVC: map[0:18 1:2 2:2] ReceiverVC: map[0:18 1:2 2:9]}
{0 1 append_entries SenderVC: map[0:19 1:2 2:2] ReceiverVC: map[0:19 1:14 2:4]}
{0 2 append_entries SenderVC: map[0:20 1:2 2:2] ReceiverVC: map[0:20 1:2 2:10]}
{0 1 append_entries SenderVC: map[0:21 1:2 2:2] ReceiverVC: map[0:21 1:15 2:4]}
{0 2 append_entries SenderVC: map[0:22 1:2 2:2] ReceiverVC: map[0:22 1:2 2:11]}
{0 1 append_entries SenderVC: map[0:23 1:2 2:2] ReceiverVC: map[0:23 1:16 2:4]}
{0 1 append_entries SenderVC: map[0:24 1:2 2:2] ReceiverVC: map[0:24 1:17 2:4]}
{0 2 append_entries SenderVC: map[0:25 1:2 2:2] ReceiverVC: map[0:25 1:2 2:12]}
{0 1 append_entries SenderVC: map[0:26 1:2 2:2] ReceiverVC: map[0:26 1:18 2:4]}
{0 2 append_entries SenderVC: map[0:27 1:2 2:2] ReceiverVC: map[0:27 1:2 2:13]}
{0 2 append_entries SenderVC: map[0:28 1:2 2:2] ReceiverVC: map[0:28 1:2 2:14]}
{0 1 append_entries SenderVC: map[0:29 1:2 2:2] ReceiverVC: map[0:29 1:19 2:4]}
{0 1 append_entries SenderVC: map[0:30 1:2 2:2] ReceiverVC: map[0:30 1:20 2:4]}
{0 2 append_entries SenderVC: map[0:31 1:2 2:2] ReceiverVC: map[0:31 1:2 2:15]}
{0 1 append_entries SenderVC: map[0:32 1:2 2:2] ReceiverVC: map[0:32 1:21 2:4]}
{0 2 append_entries SenderVC: map[0:33 1:2 2:2] ReceiverVC: map[0:33 1:2 2:16]}
{0 1 append_entries SenderVC: map[0:34 1:2 2:2] ReceiverVC: map[0:34 1:22 2:4]}
{0 2 append_entries SenderVC: map[0:35 1:2 2:2] ReceiverVC: map[0:35 1:2 2:17]}
{0 1 append_entries SenderVC: map[0:36 1:2 2:2] ReceiverVC: map[0:36 1:23 2:4]}
{0 2 append_entries SenderVC: map[0:37 1:2 2:2] ReceiverVC: map[0:37 1:2 2:18]}
{0 1 append_entries SenderVC: map[0:38 1:2 2:2] ReceiverVC: map[0:38 1:24 2:4]}
{0 1 append_entries SenderVC: map[0:39 1:2 2:2] ReceiverVC: map[0:39 1:25 2:4]}
{0 2 append_entries SenderVC: map[0:40 1:2 2:2] ReceiverVC: map[0:40 1:2 2:19]}
{0 1 append_entries SenderVC: map[0:41 1:2 2:2] ReceiverVC: map[0:41 1:26 2:4]}
{0 2 append_entries SenderVC: map[0:42 1:2 2:2] ReceiverVC: map[0:42 1:2 2:20]}
{0 1 append_entries SenderVC: map[0:43 1:2 2:2] ReceiverVC: map[0:43 1:27 2:4]}
{0 2 append_entries SenderVC: map[0:44 1:2 2:2] ReceiverVC: map[0:44 1:2 2:21]}
{0 2 append_entries SenderVC: map[0:45 1:2 2:2] ReceiverVC: map[0:45 1:2 2:22]}
{0 2 append_entries SenderVC: map[0:46 1:2 2:2] ReceiverVC: map[0:46 1:2 2:23]}
{0 2 append_entries SenderVC: map[0:47 1:2 2:2] ReceiverVC: map[0:47 1:2 2:24]}
{0 2 append_entries SenderVC: map[0:48 1:2 2:2] ReceiverVC: map[0:48 1:2 2:25]}
