{1 0 pre_vote SenderVC: map[0:0 1:1 2:0] ReceiverVC: map[0:1 1:1 2:0]}
{0 1 pre_vote SenderVC: map[0:2 1:1 2:0] ReceiverVC: map[0:2 1:2 2:0]}
{0 2 pre_vote SenderVC: map[0:3 1:1 2:0] ReceiverVC: map[0:3 1:1 2:1]}
{1 2 pre_vote SenderVC: map[0:2 1:3 2:0] ReceiverVC: map[0:3 1:3 2:2]}
{1 0 request_vote SenderVC: map[0:2 1:4 2:0] ReceiverVC: map[0:4 1:4 2:0]}
{1 2 request_vote SenderVC: map[0:2 1:5 2:0] ReceiverVC: map[0:3 1:5 2:3]}
{1 2 append_entries SenderVC: map[0:2 1:6 2:0] ReceiverVC: map[0:3 1:6 2:4]}
{-1 -1 Drop Message Fault}
{1 0 append_entries is dropped SenderVC: map[0:2 1:6 2:0] ReceiverVC: map[0:4 1:4 2:0]}
{-1 -1 Drop Message Fault}
{1 2 append_entries is dropped SenderVC: map[0:2 1:6 2:0] ReceiverVC: map[0:3 1:6 2:4]}
{0 2 pre_vote SenderVC: map[0:5 1:4 2:0] ReceiverVC: map[0:5 1:6 2:5]}
{0 1 pre_vote SenderVC: map[0:6 1:4 2:0] ReceiverVC: map[0:6 1:7 2:0]}
{0 2 pre_vote SenderVC: map[0:7 1:4 2:0] ReceiverVC: map[0:7 1:6 2:6]}
{0 1 pre_vote SenderVC: map[0:8 1:4 2:0] ReceiverVC: map[0:8 1:8 2:0]}
{1 0 pre_vote SenderVC: map[0:8 1:9 2:0] ReceiverVC: map[0:9 1:9 2:0]}
{1 2 pre_vote SenderVC: map[0:8 1:10 2:0] ReceiverVC: map[0:8 1:10 2:7]}
{1 2 request_vote SenderVC: map[0:8 1:11 2:0] ReceiverVC: map[0:8 1:11 2:8]}
{0 1 pre_vote SenderVC: map[0:10 1:9 2:0] ReceiverVC: map[0:10 1:12 2:0]}
{1 0 request_vote SenderVC: map[0:10 1:13 2:0] ReceiverVC: map[0:11 1:13 2:0]}
{0 2 pre_vote SenderVC: map[0:12 1:13 2:0] ReceiverVC: map[0:12 1:13 2:9]}
{1 2 append_entries SenderVC: map[0:10 1:14 2:0] ReceiverVC: map[0:12 1:14 2:10]}
{1 0 append_entries SenderVC: map[0:10 1:15 2:0] ReceiverVC: map[0:13 1:15 2:0]}
{1 0 append_entries SenderVC: map[0:10 1:16 2:0] ReceiverVC: map[0:14 1:16 2:0]}
{1 2 append_entries SenderVC: map[0:10 1:17 2:0] ReceiverVC: map[0:12 1:17 2:11]}
{1 0 append_entries SenderVC: map[0:10 1:18 2:0] ReceiverVC: map[0:15 1:18 2:0]}
{1 2 append_entries SenderVC: map[0:10 1:19 2:0] ReceiverVC: map[0:12 1:19 2:12]}
{1 2 append_entries SenderVC: map[0:10 1:20 2:0] ReceiverVC: map[0:12 1:20 2:13]}
{1 0 append_entries SenderVC: map[0:10 1:21 2:0] ReceiverVC: map[0:16 1:21 2:0]}
{1 2 append_entries SenderVC: map[0:10 1:22 2:0] ReceiverVC: map[0:12 1:22 2:14]}
{1 2 append_entries SenderVC: map[0:10 1:23 2:0] ReceiverVC: map[0:12 1:23 2:15]}
{1 0 append_entries SenderVC: map[0:10 1:24 2:0] ReceiverVC: map[0:17 1:24 2:0]}
{1 0 append_entries SenderVC: map[0:10 1:25 2:0] ReceiverVC: map[0:18 1:25 2:0]}
{1 2 append_entries SenderVC: map[0:10 1:26 2:0] ReceiverVC: map[0:12 1:26 2:16]}
{1 0 append_entries SenderVC: map[0:10 1:27 2:0] ReceiverVC: map[0:19 1:27 2:0]}
{1 2 append_entries SenderVC: map[0:10 1:28 2:0] ReceiverVC: map[0:12 1:28 2:17]}
{1 0 append_entries SenderVC: map[0:10 1:29 2:0] ReceiverVC: map[0:20 1:29 2:0]}
{1 2 append_entries SenderVC: map[0:10 1:30 2:0] ReceiverVC: map[0:12 1:30 2:18]}
{1 2 append_entries SenderVC: map[0:10 1:31 2:0] ReceiverVC: map[0:12 1:31 2:19]}
{1 2 append_entries SenderVC: map[0:10 1:32 2:0] ReceiverVC: map[0:12 1:32 2:20]}
