{2 0 pre_vote SenderVC: map[0:0 1:0 2:1] ReceiverVC: map[0:1 1:0 2:1]}
{-1 -1 Drop Message Fault}
{2 1 pre_vote is dropped SenderVC: map[0:0 1:0 2:1] ReceiverVC: map[0:0 1:0 2:0]}
{0 2 pre_vote SenderVC: map[0:2 1:0 2:1] ReceiverVC: map[0:2 1:0 2:2]}
{1 2 pre_vote SenderVC: map[0:0 1:1 2:0] ReceiverVC: map[0:2 1:1 2:3]}
{0 2 request_vote SenderVC: map[0:3 1:0 2:1] ReceiverVC: map[0:3 1:1 2:4]}
{0 1 request_vote SenderVC: map[0:4 1:0 2:1] ReceiverVC: map[0:4 1:2 2:1]}
{-1 -1 Drop Message Fault}
{1 0 pre_vote is dropped SenderVC: map[0:4 1:2 2:1] ReceiverVC: map[0:4 1:0 2:1]}
{0 1 pre_vote SenderVC: map[0:5 1:0 2:1] ReceiverVC: map[0:5 1:3 2:1]}
{2 1 pre_vote SenderVC: map[0:3 1:1 2:5] ReceiverVC: map[0:5 1:4 2:5]}
{2 0 pre_vote SenderVC: map[0:3 1:1 2:6] ReceiverVC: map[0:6 1:1 2:6]}
{1 0 pre_vote SenderVC: map[0:5 1:5 2:5] ReceiverVC: map[0:7 1:5 2:6]}
{1 2 pre_vote SenderVC: map[0:5 1:6 2:5] ReceiverVC: map[0:5 1:6 2:7]}
{1 2 request_vote SenderVC: map[0:5 1:7 2:5] ReceiverVC: map[0:5 1:7 2:8]}
{1 2 append_entries SenderVC: map[0:5 1:8 2:5] ReceiverVC: map[0:5 1:8 2:9]}
{1 0 request_vote SenderVC: map[0:5 1:9 2:5] ReceiverVC: map[0:8 1:9 2:6]}
{1 0 append_entries SenderVC: map[0:5 1:10 2:5] ReceiverVC: map[0:9 1:10 2:6]}
{1 0 append_entries SenderVC: map[0:5 1:11 2:5] ReceiverVC: map[0:10 1:11 2:6]}
{1 2 append_entries SenderVC: map[0:5 1:12 2:5] ReceiverVC: map[0:5 1:12 2:10]}
{1 0 append_entries SenderVC: map[0:5 1:13 2:5] ReceiverVC: map[0:11 1:13 2:6]}
{1 2 append_entries SenderVC: map[0:5 1:14 2:5] ReceiverVC: map[0:5 1:14 2:11]}
{1 2 append_entries SenderVC: map[0:5 1:15 2:5] ReceiverVC: map[0:5 1:15 2:12]}
{1 0 append_entries SenderVC: map[0:5 1:16 2:5] ReceiverVC: map[0:12 1:16 2:6]}
{1 2 append_entries SenderVC: map[0:5 1:17 2:5] ReceiverVC: map[0:5 1:17 2:13]}
{1 0 append_entries SenderVC: map[0:5 1:18 2:5] ReceiverVC: map[0:13 1:18 2:6]}
{1 0 append_entries SenderVC: map[0:5 1:19 2:5] ReceiverVC: map[0:14 1:19 2:6]}
{1 2 append_entries SenderVC: map[0:5 1:20 2:5] ReceiverVC: map[0:5 1:20 2:14]}
{1 2 append_entries SenderVC: map[0:5 1:21 2:5] ReceiverVC: map[0:5 1:21 2:15]}
{1 2 append_entries SenderVC: map[0:5 1:22 2:5] ReceiverVC: map[0:5 1:22 2:16]}
{1 0 append_entries SenderVC: map[0:5 1:23 2:5] ReceiverVC: map[0:15 1:23 2:6]}
{1 2 append_entries SenderVC: map[0:5 1:24 2:5] ReceiverVC: map[0:5 1:24 2:17]}
{1 2 append_entries SenderVC: map[0:5 1:25 2:5] ReceiverVC: map[0:5 1:25 2:18]}
{1 2 append_entries SenderVC: map[0:5 1:26 2:5] ReceiverVC: map[0:5 1:26 2:19]}
{1 0 append_entries SenderVC: map[0:5 1:27 2:5] ReceiverVC: map[0:16 1:27 2:6]}
{1 0 append_entries SenderVC: map[0:5 1:28 2:5] ReceiverVC: map[0:17 1:28 2:6]}
{1 2 append_entries SenderVC: map[0:5 1:29 2:5] ReceiverVC: map[0:5 1:29 2:20]}
{1 2 append_entries SenderVC: map[0:5 1:30 2:5] ReceiverVC: map[0:5 1:30 2:21]}
{1 2 append_entries SenderVC: map[0:5 1:31 2:5] ReceiverVC: map[0:5 1:31 2:22]}
{1 2 append_entries SenderVC: map[0:5 1:32 2:5] ReceiverVC: map[0:5 1:32 2:23]}
{1 2 append_entries SenderVC: map[0:5 1:33 2:5] ReceiverVC: map[0:5 1:33 2:24]}
{1 0 append_entries SenderVC: map[0:5 1:34 2:5] ReceiverVC: map[0:18 1:34 2:6]}
{1 2 append_entries SenderVC: map[0:5 1:35 2:5] ReceiverVC: map[0:5 1:35 2:25]}
{1 0 append_entries SenderVC: map[0:5 1:36 2:5] ReceiverVC: map[0:19 1:36 2:6]}
{1 2 append_entries SenderVC: map[0:5 1:37 2:5] ReceiverVC: map[0:5 1:37 2:26]}
{1 0 append_entries SenderVC: map[0:5 1:38 2:5] ReceiverVC: map[0:20 1:38 2:6]}
{1 2 append_entries SenderVC: map[0:5 1:39 2:5] ReceiverVC: map[0:5 1:39 2:27]}
{1 0 append_entries SenderVC: map[0:5 1:40 2:5] ReceiverVC: map[0:21 1:40 2:6]}
{1 0 append_entries SenderVC: map[0:5 1:41 2:5] ReceiverVC: map[0:22 1:41 2:6]}
{1 2 append_entries SenderVC: map[0:5 1:42 2:5] ReceiverVC: map[0:5 1:42 2:28]}
{1 2 append_entries SenderVC: map[0:5 1:43 2:5] ReceiverVC: map[0:5 1:43 2:29]}
{1 0 append_entries SenderVC: map[0:5 1:44 2:5] ReceiverVC: map[0:23 1:44 2:6]}
{1 2 append_entries SenderVC: map[0:5 1:45 2:5] ReceiverVC: map[0:5 1:45 2:30]}
{1 0 append_entries SenderVC: map[0:5 1:46 2:5] ReceiverVC: map[0:24 1:46 2:6]}
