{1 0 pre_vote SenderVC: map[0:0 1:1 2:0] ReceiverVC: map[0:1 1:1 2:0]}
{2 0 pre_vote SenderVC: map[0:0 1:0 2:1] ReceiverVC: map[0:2 1:1 2:1]}
{0 1 pre_vote SenderVC: map[0:3 1:1 2:1] ReceiverVC: map[0:3 1:2 2:1]}
{2 1 pre_vote SenderVC: map[0:0 1:0 2:2] ReceiverVC: map[0:3 1:3 2:2]}
{0 2 pre_vote SenderVC: map[0:4 1:1 2:1] ReceiverVC: map[0:4 1:1 2:3]}
{1 0 request_vote SenderVC: map[0:3 1:4 2:2] ReceiverVC: map[0:5 1:4 2:2]}
{1 2 pre_vote SenderVC: map[0:3 1:5 2:2] ReceiverVC: map[0:4 1:5 2:4]}
{1 2 request_vote SenderVC: map[0:3 1:6 2:2] ReceiverVC: map[0:4 1:6 2:5]}
{-1 -1 Drop Message Fault}
{1 2 append_entries is dropped SenderVC: map[0:3 1:6 2:2] ReceiverVC: map[0:4 1:6 2:5]}
{0 2 request_vote SenderVC: map[0:6 1:4 2:2] ReceiverVC: map[0:6 1:6 2:6]}
{0 1 request_vote SenderVC: map[0:7 1:4 2:2] ReceiverVC: map[0:7 1:7 2:2]}
{1 0 append_entries SenderVC: map[0:7 1:8 2:2] ReceiverVC: map[0:8 1:8 2:2]}
{-1 -1 Drop Message Fault}
{1 0 append_entries is dropped SenderVC: map[0:7 1:8 2:2] ReceiverVC: map[0:8 1:8 2:2]}
{-1 -1 Drop Message Fault}
{-1 -1 Drop Message Fault}
{2 0 pre_vote SenderVC: map[0:6 1:6 2:7] ReceiverVC: map[0:9 1:8 2:7]}
{2 1 pre_vote SenderVC: map[0:6 1:6 2:8] ReceiverVC: map[0:7 1:9 2:8]}
{2 0 pre_vote SenderVC: map[0:6 1:6 2:9] ReceiverVC: map[0:10 1:8 2:9]}
{2 1 pre_vote SenderVC: map[0:6 1:6 2:10] ReceiverVC: map[0:7 1:10 2:10]}
