{2 1 pre_vote SenderVC: map[0:0 1:0 2:1] ReceiverVC: map[0:0 1:1 2:1]}
{2 0 pre_vote SenderVC: map[0:0 1:0 2:2] ReceiverVC: map[0:1 1:0 2:2]}
{0 2 pre_vote SenderVC: map[0:2 1:0 2:2] ReceiverVC: map[0:2 1:0 2:3]}
{0 1 pre_vote SenderVC: map[0:3 1:0 2:2] ReceiverVC: map[0:3 1:2 2:2]}
{2 1 request_vote SenderVC: map[0:2 1:0 2:4] ReceiverVC: map[0:3 1:3 2:4]}
{2 0 request_vote SenderVC: map[0:2 1:0 2:5] ReceiverVC: map[0:4 1:0 2:5]}
{1 2 pre_vote SenderVC: map[0:3 1:4 2:4] ReceiverVC: map[0:3 1:4 2:6]}
{-1 -1 Drop Message Fault}
{1 2 request_vote is dropped SenderVC: map[0:3 1:4 2:4] ReceiverVC: map[0:3 1:4 2:6]}
{1 0 pre_vote SenderVC: map[0:3 1:5 2:4] ReceiverVC: map[0:5 1:5 2:5]}
{1 0 request_vote SenderVC: map[0:3 1:6 2:4] ReceiverVC: map[0:6 1:6 2:5]}
{-1 -1 Drop Message Fault}
{0 2 pre_vote SenderVC: map[0:7 1:6 2:5] ReceiverVC: map[0:7 1:6 2:7]}
{0 1 pre_vote SenderVC: map[0:8 1:6 2:5] ReceiverVC: map[0:8 1:7 2:5]}
{0 2 request_vote SenderVC: map[0:9 1:6 2:5] ReceiverVC: map[0:9 1:6 2:8]}
{0 1 request_vote SenderVC: map[0:10 1:6 2:5] ReceiverVC: map[0:10 1:8 2:5]}
{1 2 pre_vote SenderVC: map[0:10 1:9 2:5] ReceiverVC: map[0:10 1:9 2:9]}
{1 0 pre_vote SenderVC: map[0:10 1:10 2:5] ReceiverVC: map[0:11 1:10 2:5]}
{2 0 pre_vote SenderVC: map[0:10 1:9 2:10] ReceiverVC: map[0:12 1:10 2:10]}
{2 1 pre_vote SenderVC: map[0:10 1:9 2:11] ReceiverVC: map[0:10 1:11 2:11]}
{0 1 pre_vote SenderVC: map[0:13 1:10 2:10] ReceiverVC: map[0:13 1:12 2:11]}
{0 2 pre_vote SenderVC: map[0:14 1:10 2:10] ReceiverVC: map[0:14 1:10 2:12]}
{0 1 request_vote SenderVC: map[0:15 1:10 2:10] ReceiverVC: map[0:15 1:13 2:11]}
{0 2 request_vote SenderVC: map[0:16 1:10 2:10] ReceiverVC: map[0:16 1:10 2:13]}
{0 2 append_entries SenderVC: map[0:17 1:10 2:10] ReceiverVC: map[0:17 1:10 2:14]}
{0 1 append_entries SenderVC: map[0:18 1:10 2:10] ReceiverVC: map[0:18 1:14 2:11]}
{0 1 append_entries SenderVC: map[0:19 1:10 2:10] ReceiverVC: map[0:19 1:15 2:11]}
{0 2 append_entries SenderVC: map[0:20 1:10 2:10] ReceiverVC: map[0:20 1:10 2:15]}
{0 2 append_entries SenderVC: map[0:21 1:10 2:10] ReceiverVC: map[0:21 1:10 2:16]}
{0 1 append_entries SenderVC: map[0:22 1:10 2:10] ReceiverVC: map[0:22 1:16 2:11]}
{0 2 append_entries SenderVC: map[0:23 1:10 2:10] ReceiverVC: map[0:23 1:10 2:17]}
{0 2 append_entries SenderVC: map[0:24 1:10 2:10] ReceiverVC: map[0:24 1:10 2:18]}
{0 2 append_entries SenderVC: map[0:25 1:10 2:10] ReceiverVC: map[0:25 1:10 2:19]}
{0 2 append_entries SenderVC: map[0:26 1:10 2:10] ReceiverVC: map[0:26 1:10 2:20]}
{0 2 append_entries SenderVC: map[0:27 1:10 2:10] ReceiverVC: map[0:27 1:10 2:21]}
{0 1 append_entries SenderVC: map[0:28 1:10 2:10] ReceiverVC: map[0:28 1:17 2:11]}
{0 2 append_entries SenderVC: map[0:29 1:10 2:10] ReceiverVC: map[0:29 1:10 2:22]}
{0 1 append_entries SenderVC: map[0:30 1:10 2:10] ReceiverVC: map[0:30 1:18 2:11]}
{0 2 append_entries SenderVC: map[0:31 1:10 2:10] ReceiverVC: map[0:31 1:10 2:23]}
{0 1 append_entries SenderVC: map[0:32 1:10 2:10] ReceiverVC: map[0:32 1:19 2:11]}
{0 2 append_entries SenderVC: map[0:33 1:10 2:10] ReceiverVC: map[0:33 1:10 2:24]}
{0 2 append_entries SenderVC: map[0:34 1:10 2:10] ReceiverVC: map[0:34 1:10 2:25]}
{0 1 append_entries SenderVC: map[0:35 1:10 2:10] ReceiverVC: map[0:35 1:20 2:11]}
{0 2 append_entries SenderVC: map[0:36 1:10 2:10] ReceiverVC: map[0:36 1:10 2:26]}
{0 1 append_entries SenderVC: map[0:37 1:10 2:10] ReceiverVC: map[0:37 1:21 2:11]}
{0 2 append_entries SenderVC: map[0:38 1:10 2:10] ReceiverVC: map[0:38 1:10 2:27]}
{0 2 append_entries SenderVC: map[0:39 1:10 2:10] ReceiverVC: map[0:39 1:10 2:28]}
{0 2 append_entries SenderVC: map[0:40 1:10 2:10] ReceiverVC: map[0:40 1:10 2:29]}
