{2 1 pre_vote SenderVC: map[0:0 1:0 2:1] ReceiverVC: map[0:0 1:1 2:1]}
{1 2 pre_vote SenderVC: map[0:0 1:2 2:1] ReceiverVC: map[0:0 1:2 2:2]}
{0 1 pre_vote SenderVC: map[0:1 1:0 2:0] ReceiverVC: map[0:1 1:3 2:1]}
{2 0 pre_vote SenderVC: map[0:0 1:2 2:3] ReceiverVC: map[0:2 1:2 2:3]}
{1 0 pre_vote SenderVC: map[0:1 1:4 2:1] ReceiverVC: map[0:3 1:4 2:3]}
{2 1 request_vote SenderVC: map[0:0 1:2 2:4] ReceiverVC: map[0:1 1:5 2:4]}
{1 0 request_vote SenderVC: map[0:1 1:6 2:4] ReceiverVC: map[0:4 1:6 2:4]}
{2 0 request_vote SenderVC: map[0:0 1:2 2:5] ReceiverVC: map[0:5 1:6 2:5]}
{-1 -1 Drop Message Fault}
{1 0 append_entries is dropped SenderVC: map[0:1 1:6 2:4] ReceiverVC: map[0:5 1:6 2:5]}
{0 2 pre_vote SenderVC: map[0:6 1:6 2:5] ReceiverVC: map[0:6 1:6 2:6]}
{1 2 request_vote SenderVC: map[0:1 1:7 2:4] ReceiverVC: map[0:6 1:7 2:7]}
{1 2 append_entries SenderVC: map[0:1 1:8 2:4] ReceiverVC: map[0:6 1:8 2:8]}
{-1 -1 Drop Message Fault}
{1 2 append_entries is dropped SenderVC: map[0:1 1:8 2:4] ReceiverVC: map[0:6 1:8 2:8]}
{-1 -1 Drop Message Fault}
{-1 -1 Drop Message Fault}
{0 2 pre_vote SenderVC: map[0:7 1:6 2:5] ReceiverVC: map[0:7 1:8 2:9]}
{0 1 pre_vote SenderVC: map[0:8 1:6 2:5] ReceiverVC: map[0:8 1:9 2:5]}
{0 1 request_vote SenderVC: map[0:9 1:6 2:5] ReceiverVC: map[0:9 1:10 2:5]}
{0 2 request_vote SenderVC: map[0:10 1:6 2:5] ReceiverVC: map[0:10 1:8 2:10]}
{1 0 pre_vote SenderVC: map[0:9 1:11 2:5] ReceiverVC: map[0:11 1:11 2:5]}
{1 2 pre_vote SenderVC: map[0:9 1:12 2:5] ReceiverVC: map[0:10 1:12 2:11]}
{1 2 request_vote SenderVC: map[0:9 1:13 2:5] ReceiverVC: map[0:10 1:13 2:12]}
{1 0 request_vote SenderVC: map[0:9 1:14 2:5] ReceiverVC: map[0:12 1:14 2:5]}
{2 1 pre_vote SenderVC: map[0:10 1:13 2:13] ReceiverVC: map[0:10 1:15 2:13]}
{0 1 pre_vote SenderVC: map[0:13 1:14 2:5] ReceiverVC: map[0:13 1:16 2:13]}
{1 2 append_entries SenderVC: map[0:13 1:17 2:13] ReceiverVC: map[0:13 1:17 2:14]}
{0 2 pre_vote SenderVC: map[0:14 1:14 2:5] ReceiverVC: map[0:14 1:17 2:15]}
{2 0 pre_vote SenderVC: map[0:14 1:17 2:16] ReceiverVC: map[0:15 1:17 2:16]}
{1 0 append_entries SenderVC: map[0:13 1:18 2:13] ReceiverVC: map[0:16 1:18 2:16]}
{1 0 append_entries SenderVC: map[0:13 1:19 2:13] ReceiverVC: map[0:17 1:19 2:16]}
{1 2 append_entries SenderVC: map[0:13 1:20 2:13] ReceiverVC: map[0:14 1:20 2:17]}
{1 0 append_entries SenderVC: map[0:13 1:21 2:13] ReceiverVC: map[0:18 1:21 2:16]}
{1 0 append_entries SenderVC: map[0:13 1:22 2:13] ReceiverVC: map[0:19 1:22 2:16]}
{1 2 append_entries SenderVC: map[0:13 1:23 2:13] ReceiverVC: map[0:14 1:23 2:18]}
{1 0 append_entries SenderVC: map[0:13 1:24 2:13] ReceiverVC: map[0:20 1:24 2:16]}
{1 2 append_entries SenderVC: map[0:13 1:25 2:13] ReceiverVC: map[0:14 1:25 2:19]}
{1 0 append_entries SenderVC: map[0:13 1:26 2:13] ReceiverVC: map[0:21 1:26 2:16]}
{1 0 append_entries SenderVC: map[0:13 1:27 2:13] ReceiverVC: map[0:22 1:27 2:16]}
{1 0 append_entries SenderVC: map[0:13 1:28 2:13] ReceiverVC: map[0:23 1:28 2:16]}
{1 0 append_entries SenderVC: map[0:13 1:29 2:13] ReceiverVC: map[0:24 1:29 2:16]}
{1 0 append_entries SenderVC: map[0:13 1:30 2:13] ReceiverVC: map[0:25 1:30 2:16]}
{1 0 append_entries SenderVC: map[0:13 1:31 2:13] ReceiverVC: map[0:26 1:31 2:16]}
{1 0 append_entries SenderVC: map[0:13 1:32 2:13] ReceiverVC: map[0:27 1:32 2:16]}
{1 2 append_entries SenderVC: map[0:13 1:33 2:13] ReceiverVC: map[0:14 1:33 2:20]}
{1 0 append_entries SenderVC: map[0:13 1:34 2:13] ReceiverVC: map[0:28 1:34 2:16]}
{1 0 append_entries SenderVC: map[0:13 1:35 2:13] ReceiverVC: map[0:29 1:35 2:16]}
{1 0 append_entries SenderVC: map[0:13 1:36 2:13] ReceiverVC: map[0:30 1:36 2:16]}
{1 0 append_entries SenderVC: map[0:13 1:37 2:13] ReceiverVC: map[0:31 1:37 2:16]}
