{0 1 pre_vote SenderVC: map[0:1 1:0 2:0] ReceiverVC: map[0:1 1:1 2:0]}
{0 2 pre_vote SenderVC: map[0:2 1:0 2:0] ReceiverVC: map[0:2 1:0 2:1]}
{0 1 request_vote SenderVC: map[0:3 1:0 2:0] ReceiverVC: map[0:3 1:2 2:0]}
{1 2 pre_vote SenderVC: map[0:3 1:3 2:0] ReceiverVC: map[0:3 1:3 2:2]}
{1 0 pre_vote SenderVC: map[0:3 1:4 2:0] ReceiverVC: map[0:4 1:4 2:0]}
{0 2 request_vote SenderVC: map[0:5 1:4 2:0] ReceiverVC: map[0:5 1:4 2:3]}
{-1 -1 Drop Message Fault}
{0 1 append_entries is dropped SenderVC: map[0:5 1:4 2:0] ReceiverVC: map[0:3 1:4 2:0]}
{0 2 append_entries SenderVC: map[0:6 1:4 2:0] ReceiverVC: map[0:6 1:4 2:4]}
{2 1 pre_vote SenderVC: map[0:6 1:4 2:5] ReceiverVC: map[0:6 1:5 2:5]}
{-1 -1 Drop Message Fault}
{2 0 pre_vote is dropped SenderVC: map[0:6 1:4 2:5] ReceiverVC: map[0:6 1:4 2:0]}
{0 2 append_entries SenderVC: map[0:7 1:4 2:0] ReceiverVC: map[0:7 1:4 2:6]}
{0 2 append_entries SenderVC: map[0:8 1:4 2:0] ReceiverVC: map[0:8 1:4 2:7]}
{0 2 append_entries SenderVC: map[0:9 1:4 2:0] ReceiverVC: map[0:9 1:4 2:8]}
{0 2 append_entries SenderVC: map[0:10 1:4 2:0] ReceiverVC: map[0:10 1:4 2:9]}
{0 2 append_entries SenderVC: map[0:11 1:4 2:0] ReceiverVC: map[0:11 1:4 2:10]}
{1 2 pre_vote SenderVC: map[0:6 1:6 2:5] ReceiverVC: map[0:11 1:6 2:11]}
{1 0 pre_vote SenderVC: map[0:6 1:7 2:5] ReceiverVC: map[0:12 1:7 2:5]}
{0 2 append_entries SenderVC: map[0:13 1:7 2:5] ReceiverVC: map[0:13 1:7 2:12]}
{0 2 append_entries SenderVC: map[0:14 1:7 2:5] ReceiverVC: map[0:14 1:7 2:13]}
{0 2 append_entries SenderVC: map[0:15 1:7 2:5] ReceiverVC: map[0:15 1:7 2:14]}
{0 2 append_entries SenderVC: map[0:16 1:7 2:5] ReceiverVC: map[0:16 1:7 2:15]}
{0 2 append_entries SenderVC: map[0:17 1:7 2:5] ReceiverVC: map[0:17 1:7 2:16]}
{0 2 append_entries SenderVC: map[0:18 1:7 2:5] ReceiverVC: map[0:18 1:7 2:17]}
{1 0 pre_vote SenderVC: map[0:6 1:8 2:5] ReceiverVC: map[0:19 1:8 2:5]}
{1 2 pre_vote SenderVC: map[0:6 1:9 2:5] ReceiverVC: map[0:18 1:9 2:18]}
{0 2 append_entries SenderVC: map[0:20 1:8 2:5] ReceiverVC: map[0:20 1:9 2:19]}
{0 2 append_entries SenderVC: map[0:21 1:8 2:5] ReceiverVC: map[0:21 1:9 2:20]}
{0 2 append_entries SenderVC: map[0:22 1:8 2:5] ReceiverVC: map[0:22 1:9 2:21]}
{0 2 append_entries SenderVC: map[0:23 1:8 2:5] ReceiverVC: map[0:23 1:9 2:22]}
{1 2 pre_vote SenderVC: map[0:6 1:10 2:5] ReceiverVC: map[0:23 1:10 2:23]}
{1 0 pre_vote SenderVC: map[0:6 1:11 2:5] ReceiverVC: map[0:24 1:11 2:5]}
{0 2 append_entries SenderVC: map[0:25 1:11 2:5] ReceiverVC: map[0:25 1:11 2:24]}
{0 2 append_entries SenderVC: map[0:26 1:11 2:5] ReceiverVC: map[0:26 1:11 2:25]}
{0 2 append_entries SenderVC: map[0:27 1:11 2:5] ReceiverVC: map[0:27 1:11 2:26]}
{0 2 append_entries SenderVC: map[0:28 1:11 2:5] ReceiverVC: map[0:28 1:11 2:27]}
{0 2 append_entries SenderVC: map[0:29 1:11 2:5] ReceiverVC: map[0:29 1:11 2:28]}
{0 2 append_entries SenderVC: map[0:30 1:11 2:5] ReceiverVC: map[0:30 1:11 2:29]}
{0 2 append_entries SenderVC: map[0:31 1:11 2:5] ReceiverVC: map[0:31 1:11 2:30]}
{0 2 append_entries SenderVC: map[0:32 1:11 2:5] ReceiverVC: map[0:32 1:11 2:31]}
{0 2 append_entries SenderVC: map[0:33 1:11 2:5] ReceiverVC: map[0:33 1:11 2:32]}
{1 2 pre_vote SenderVC: map[0:6 1:12 2:5] ReceiverVC: map[0:33 1:12 2:33]}
{1 0 pre_vote SenderVC: map[0:6 1:13 2:5] ReceiverVC: map[0:34 1:13 2:5]}
{0 2 append_entries SenderVC: map[0:35 1:13 2:5] ReceiverVC: map[0:35 1:13 2:34]}
{0 2 append_entries SenderVC: map[0:36 1:13 2:5] ReceiverVC: map[0:36 1:13 2:35]}
{0 2 append_entries SenderVC: map[0:37 1:13 2:5] ReceiverVC: map[0:37 1:13 2:36]}
{0 2 append_entries SenderVC: map[0:38 1:13 2:5] ReceiverVC: map[0:38 1:13 2:37]}
