{1 0 pre_vote SenderVC: map[0:0 1:1 2:0] ReceiverVC: map[0:1 1:1 2:0]}
{2 0 pre_vote SenderVC: map[0:0 1:0 2:1] ReceiverVC: map[0:2 1:1 2:1]}
{0 1 pre_vote SenderVC: map[0:3 1:1 2:1] ReceiverVC: map[0:3 1:2 2:1]}
{0 2 pre_vote SenderVC: map[0:4 1:1 2:1] ReceiverVC: map[0:4 1:1 2:2]}
{1 0 request_vote SenderVC: map[0:3 1:3 2:1] ReceiverVC: map[0:5 1:3 2:1]}
{2 0 request_vote SenderVC: map[0:4 1:1 2:3] ReceiverVC: map[0:6 1:3 2:3]}
{2 1 pre_vote SenderVC: map[0:4 1:1 2:4] ReceiverVC: map[0:4 1:4 2:4]}
{2 1 request_vote SenderVC: map[0:4 1:1 2:5] ReceiverVC: map[0:4 1:5 2:5]}
{-1 -1 Drop Message Fault}
{1 0 append_entries is dropped SenderVC: map[0:4 1:5 2:5] ReceiverVC: map[0:6 1:3 2:3]}
{1 2 pre_vote SenderVC: map[0:4 1:6 2:5] ReceiverVC: map[0:4 1:6 2:6]}
{1 2 request_vote SenderVC: map[0:4 1:7 2:5] ReceiverVC: map[0:4 1:7 2:7]}
{1 2 append_entries SenderVC: map[0:4 1:8 2:5] ReceiverVC: map[0:4 1:8 2:8]}
{1 2 append_entries SenderVC: map[0:4 1:9 2:5] ReceiverVC: map[0:4 1:9 2:9]}
{1 2 append_entries SenderVC: map[0:4 1:10 2:5] ReceiverVC: map[0:4 1:10 2:10]}
{-1 -1 Drop Message Fault}
{0 2 pre_vote SenderVC: map[0:7 1:3 2:3] ReceiverVC: map[0:7 1:10 2:11]}
{0 1 pre_vote SenderVC: map[0:8 1:3 2:3] ReceiverVC: map[0:8 1:11 2:5]}
{1 2 append_entries SenderVC: map[0:8 1:12 2:5] ReceiverVC: map[0:8 1:12 2:12]}
{1 2 append_entries SenderVC: map[0:8 1:13 2:5] ReceiverVC: map[0:8 1:13 2:13]}
{1 2 append_entries SenderVC: map[0:8 1:14 2:5] ReceiverVC: map[0:8 1:14 2:14]}
{1 2 append_entries SenderVC: map[0:8 1:15 2:5] ReceiverVC: map[0:8 1:15 2:15]}
{1 2 append_entries SenderVC: map[0:8 1:16 2:5] ReceiverVC: map[0:8 1:16 2:16]}
{1 2 append_entries SenderVC: map[0:8 1:17 2:5] ReceiverVC: map[0:8 1:17 2:17]}
{1 2 append_entries SenderVC: map[0:8 1:18 2:5] ReceiverVC: map[0:8 1:18 2:18]}
{1 2 append_entries SenderVC: map[0:8 1:19 2:5] ReceiverVC: map[0:8 1:19 2:19]}
{0 1 pre_vote SenderVC: map[0:9 1:3 2:3] ReceiverVC: map[0:9 1:20 2:5]}
{0 2 pre_vote SenderVC: map[0:10 1:3 2:3] ReceiverVC: map[0:10 1:19 2:20]}
{1 2 append_entries SenderVC: map[0:9 1:21 2:5] ReceiverVC: map[0:10 1:21 2:21]}
{1 2 append_entries SenderVC: map[0:9 1:22 2:5] ReceiverVC: map[0:10 1:22 2:22]}
{1 2 append_entries SenderVC: map[0:9 1:23 2:5] ReceiverVC: map[0:10 1:23 2:23]}
