{1 2 pre_vote SenderVC: map[0:0 1:1 2:0] ReceiverVC: map[0:0 1:1 2:1]}
{-1 -1 Drop Message Fault}
{0 2 pre_vote is dropped SenderVC: map[0:0 1:0 2:0] ReceiverVC: map[0:0 1:1 2:1]}
{0 1 pre_vote SenderVC: map[0:1 1:0 2:0] ReceiverVC: map[0:1 1:2 2:0]}
{2 1 pre_vote SenderVC: map[0:0 1:1 2:2] ReceiverVC: map[0:1 1:3 2:2]}
{1 0 pre_vote SenderVC: map[0:1 1:4 2:2] ReceiverVC: map[0:2 1:4 2:2]}
{2 0 pre_vote SenderVC: map[0:0 1:1 2:3] ReceiverVC: map[0:3 1:4 2:3]}
{2 0 request_vote SenderVC: map[0:0 1:1 2:4] ReceiverVC: map[0:4 1:4 2:4]}
{2 1 request_vote SenderVC: map[0:0 1:1 2:5] ReceiverVC: map[0:1 1:5 2:5]}
{1 0 request_vote SenderVC: map[0:1 1:6 2:5] ReceiverVC: map[0:5 1:6 2:5]}
{1 2 request_vote SenderVC: map[0:1 1:7 2:5] ReceiverVC: map[0:1 1:7 2:6]}
{-1 -1 Drop Message Fault}
{0 2 pre_vote SenderVC: map[0:6 1:6 2:5] ReceiverVC: map[0:6 1:7 2:7]}
{0 1 pre_vote SenderVC: map[0:7 1:6 2:5] ReceiverVC: map[0:7 1:8 2:5]}
{0 2 request_vote SenderVC: map[0:8 1:6 2:5] ReceiverVC: map[0:8 1:7 2:8]}
{0 1 request_vote SenderVC: map[0:9 1:6 2:5] ReceiverVC: map[0:9 1:9 2:5]}
{0 1 append_entries SenderVC: map[0:10 1:6 2:5] ReceiverVC: map[0:10 1:10 2:5]}
{0 2 append_entries SenderVC: map[0:11 1:6 2:5] ReceiverVC: map[0:11 1:7 2:9]}
{0 2 append_entries SenderVC: map[0:12 1:6 2:5] ReceiverVC: map[0:12 1:7 2:10]}
{0 1 append_entries SenderVC: map[0:13 1:6 2:5] ReceiverVC: map[0:13 1:11 2:5]}
{0 2 append_entries SenderVC: map[0:14 1:6 2:5] ReceiverVC: map[0:14 1:7 2:11]}
{0 2 append_entries SenderVC: map[0:15 1:6 2:5] ReceiverVC: map[0:15 1:7 2:12]}
{0 1 append_entries SenderVC: map[0:16 1:6 2:5] ReceiverVC: map[0:16 1:12 2:5]}
{0 2 append_entries SenderVC: map[0:17 1:6 2:5] ReceiverVC: map[0:17 1:7 2:13]}
{0 2 append_entries SenderVC: map[0:18 1:6 2:5] ReceiverVC: map[0:18 1:7 2:14]}
{0 2 append_entries SenderVC: map[0:19 1:6 2:5] ReceiverVC: map[0:19 1:7 2:15]}
{0 2 append_entries SenderVC: map[0:20 1:6 2:5] ReceiverVC: map[0:20 1:7 2:16]}
{0 2 append_entries SenderVC: map[0:21 1:6 2:5] ReceiverVC: map[0:21 1:7 2:17]}
{0 1 append_entries SenderVC: map[0:22 1:6 2:5] ReceiverVC: map[0:22 1:13 2:5]}
{0 2 append_entries SenderVC: map[0:23 1:6 2:5] ReceiverVC: map[0:23 1:7 2:18]}
{0 1 append_entries SenderVC: map[0:24 1:6 2:5] ReceiverVC: map[0:24 1:14 2:5]}
{0 1 append_entries SenderVC: map[0:25 1:6 2:5] ReceiverVC: map[0:25 1:15 2:5]}
{0 1 append_entries SenderVC: map[0:26 1:6 2:5] ReceiverVC: map[0:26 1:16 2:5]}
{0 1 append_entries SenderVC: map[0:27 1:6 2:5] ReceiverVC: map[0:27 1:17 2:5]}
{0 1 append_entries SenderVC: map[0:28 1:6 2:5] ReceiverVC: map[0:28 1:18 2:5]}
{0 2 append_entries SenderVC: map[0:29 1:6 2:5] ReceiverVC: map[0:29 1:7 2:19]}
{0 1 append_entries SenderVC: map[0:30 1:6 2:5] ReceiverVC: map[0:30 1:19 2:5]}
{0 2 append_entries SenderVC: map[0:31 1:6 2:5] ReceiverVC: map[0:31 1:7 2:20]}
{0 1 append_entries SenderVC: map[0:32 1:6 2:5] ReceiverVC: map[0:32 1:20 2:5]}
