{1 2 pre_vote SenderVC: map[0:0 1:1 2:0] ReceiverVC: map[0:0 1:1 2:1]}
{0 2 pre_vote SenderVC: map[0:1 1:0 2:0] ReceiverVC: map[0:1 1:1 2:2]}
{2 1 pre_vote SenderVC: map[0:1 1:1 2:3] ReceiverVC: map[0:1 1:2 2:3]}
{1 0 pre_vote SenderVC: map[0:1 1:3 2:3] ReceiverVC: map[0:2 1:3 2:3]}
{2 0 pre_vote SenderVC: map[0:1 1:1 2:4] ReceiverVC: map[0:3 1:3 2:4]}
{1 0 request_vote SenderVC: map[0:1 1:4 2:3] ReceiverVC: map[0:4 1:4 2:4]}
{1 2 request_vote SenderVC: map[0:1 1:5 2:3] ReceiverVC: map[0:1 1:5 2:5]}
{0 2 request_vote SenderVC: map[0:5 1:4 2:4] ReceiverVC: map[0:5 1:5 2:6]}
{1 0 append_entries SenderVC: map[0:1 1:6 2:3] ReceiverVC: map[0:6 1:6 2:4]}
{0 1 pre_vote SenderVC: map[0:7 1:6 2:4] ReceiverVC: map[0:7 1:7 2:4]}
{-1 -1 Drop Message Fault}
{1 2 append_entries is dropped SenderVC: map[0:7 1:7 2:4] ReceiverVC: map[0:5 1:5 2:6]}
{0 1 request_vote SenderVC: map[0:8 1:6 2:4] ReceiverVC: map[0:8 1:8 2:4]}
{-1 -1 Drop Message Fault}
{1 0 append_entries SenderVC: map[0:8 1:9 2:4] ReceiverVC: map[0:9 1:9 2:4]}
{1 0 append_entries SenderVC: map[0:8 1:10 2:4] ReceiverVC: map[0:10 1:10 2:4]}
{1 0 append_entries SenderVC: map[0:8 1:11 2:4] ReceiverVC: map[0:11 1:11 2:4]}
{1 0 append_entries SenderVC: map[0:8 1:12 2:4] ReceiverVC: map[0:12 1:12 2:4]}
{1 0 append_entries SenderVC: map[0:8 1:13 2:4] ReceiverVC: map[0:13 1:13 2:4]}
{1 0 append_entries SenderVC: map[0:8 1:14 2:4] ReceiverVC: map[0:14 1:14 2:4]}
{1 0 append_entries SenderVC: map[0:8 1:15 2:4] ReceiverVC: map[0:15 1:15 2:4]}
{1 0 append_entries SenderVC: map[0:8 1:16 2:4] ReceiverVC: map[0:16 1:16 2:4]}
{1 0 append_entries SenderVC: map[0:8 1:17 2:4] ReceiverVC: map[0:17 1:17 2:4]}
{1 0 append_entries SenderVC: map[0:8 1:18 2:4] ReceiverVC: map[0:18 1:18 2:4]}
{2 1 pre_vote SenderVC: map[0:5 1:5 2:7] ReceiverVC: map[0:8 1:19 2:7]}
{2 0 pre_vote SenderVC: map[0:5 1:5 2:8] ReceiverVC: map[0:19 1:18 2:8]}
{1 0 append_entries SenderVC: map[0:8 1:20 2:7] ReceiverVC: map[0:20 1:20 2:8]}
{1 0 append_entries SenderVC: map[0:8 1:21 2:7] ReceiverVC: map[0:21 1:21 2:8]}
{1 0 append_entries SenderVC: map[0:8 1:22 2:7] ReceiverVC: map[0:22 1:22 2:8]}
{1 0 append_entries SenderVC: map[0:8 1:23 2:7] ReceiverVC: map[0:23 1:23 2:8]}
{1 0 append_entries SenderVC: map[0:8 1:24 2:7] ReceiverVC: map[0:24 1:24 2:8]}
{1 0 append_entries SenderVC: map[0:8 1:25 2:7] ReceiverVC: map[0:25 1:25 2:8]}
{1 0 append_entries SenderVC: map[0:8 1:26 2:7] ReceiverVC: map[0:26 1:26 2:8]}
{1 0 append_entries SenderVC: map[0:8 1:27 2:7] ReceiverVC: map[0:27 1:27 2:8]}
{1 0 append_entries SenderVC: map[0:8 1:28 2:7] ReceiverVC: map[0:28 1:28 2:8]}
{1 0 append_entries SenderVC: map[0:8 1:29 2:7] ReceiverVC: map[0:29 1:29 2:8]}
{2 0 pre_vote SenderVC: map[0:5 1:5 2:9] ReceiverVC: map[0:30 1:29 2:9]}
{2 1 pre_vote SenderVC: map[0:5 1:5 2:10] ReceiverVC: map[0:8 1:30 2:10]}
{1 0 append_entries SenderVC: map[0:8 1:31 2:10] ReceiverVC: map[0:31 1:31 2:10]}
{1 0 append_entries SenderVC: map[0:8 1:32 2:10] ReceiverVC: map[0:32 1:32 2:10]}
{1 0 append_entries SenderVC: map[0:8 1:33 2:10] ReceiverVC: map[0:33 1:33 2:10]}
{1 0 append_entries SenderVC: map[0:8 1:34 2:10] ReceiverVC: map[0:34 1:34 2:10]}
{1 0 append_entries SenderVC: map[0:8 1:35 2:10] ReceiverVC: map[0:35 1:35 2:10]}
{1 0 append_entries SenderVC: map[0:8 1:36 2:10] ReceiverVC: map[0:36 1:36 2:10]}
{1 0 append_entries SenderVC: map[0:8 1:37 2:10] ReceiverVC: map[0:37 1:37 2:10]}
