{2 1 pre_vote SenderVC: map[0:0 1:0 2:1] ReceiverVC: map[0:0 1:1 2:1]}
{2 0 pre_vote SenderVC: map[0:0 1:0 2:2] ReceiverVC: map[0:1 1:0 2:2]}
{2 0 request_vote SenderVC: map[0:0 1:0 2:3] ReceiverVC: map[0:2 1:0 2:3]}
{0 1 pre_vote SenderVC: map[0:3 1:0 2:3] ReceiverVC: map[0:3 1:2 2:3]}
{2 0 append_entries SenderVC: map[0:0 1:0 2:4] ReceiverVC: map[0:4 1:0 2:4]}
{0 2 pre_vote SenderVC: map[0:5 1:0 2:4] ReceiverVC: map[0:5 1:0 2:5]}
{2 1 append_entries SenderVC: map[0:5 1:0 2:6] ReceiverVC: map[0:5 1:3 2:6]}
{-1 -1 Drop Message Fault}
{2 0 append_entries is dropped SenderVC: map[0:5 1:0 2:6] ReceiverVC: map[0:5 1:0 2:4]}
{2 1 request_vote SenderVC: map[0:5 1:0 2:7] ReceiverVC: map[0:5 1:4 2:7]}
{-1 -1 Drop Message Fault}
{2 1 append_entries is dropped SenderVC: map[0:5 1:0 2:7] ReceiverVC: map[0:5 1:4 2:7]}
{-1 -1 Drop Message Fault}
{-1 -1 Drop Message Fault}
{0 1 pre_vote SenderVC: map[0:6 1:0 2:4] ReceiverVC: map[0:6 1:5 2:7]}
{0 2 pre_vote SenderVC: map[0:7 1:0 2:4] ReceiverVC: map[0:7 1:0 2:8]}
{0 2 request_vote SenderVC: map[0:8 1:0 2:4] ReceiverVC: map[0:8 1:0 2:9]}
{0 1 request_vote SenderVC: map[0:9 1:0 2:4] ReceiverVC: map[0:9 1:6 2:7]}
{2 0 pre_vote SenderVC: map[0:8 1:0 2:10] ReceiverVC: map[0:10 1:0 2:10]}
{2 1 pre_vote SenderVC: map[0:8 1:0 2:11] ReceiverVC: map[0:9 1:7 2:11]}
{2 0 request_vote SenderVC: map[0:8 1:0 2:12] ReceiverVC: map[0:11 1:0 2:12]}
{2 1 request_vote SenderVC: map[0:8 1:0 2:13] ReceiverVC: map[0:9 1:8 2:13]}
{1 0 pre_vote SenderVC: map[0:9 1:9 2:13] ReceiverVC: map[0:12 1:9 2:13]}
{1 2 pre_vote SenderVC: map[0:9 1:10 2:13] ReceiverVC: map[0:9 1:10 2:14]}
{0 2 pre_vote SenderVC: map[0:13 1:9 2:13] ReceiverVC: map[0:13 1:10 2:15]}
{0 1 pre_vote SenderVC: map[0:14 1:9 2:13] ReceiverVC: map[0:14 1:11 2:13]}
{1 0 pre_vote SenderVC: map[0:14 1:12 2:13] ReceiverVC: map[0:15 1:12 2:13]}
{1 2 pre_vote SenderVC: map[0:14 1:13 2:13] ReceiverVC: map[0:14 1:13 2:16]}
{1 2 request_vote SenderVC: map[0:14 1:14 2:13] ReceiverVC: map[0:14 1:14 2:17]}
{2 1 pre_vote SenderVC: map[0:14 1:14 2:18] ReceiverVC: map[0:14 1:15 2:18]}
{1 0 request_vote SenderVC: map[0:14 1:16 2:18] ReceiverVC: map[0:16 1:16 2:18]}
{2 0 pre_vote SenderVC: map[0:14 1:14 2:19] ReceiverVC: map[0:17 1:16 2:19]}
{1 2 append_entries SenderVC: map[0:14 1:17 2:18] ReceiverVC: map[0:14 1:17 2:20]}
{1 0 append_entries SenderVC: map[0:14 1:18 2:18] ReceiverVC: map[0:18 1:18 2:19]}
{1 2 append_entries SenderVC: map[0:14 1:19 2:18] ReceiverVC: map[0:14 1:19 2:21]}
{1 0 append_entries SenderVC: map[0:14 1:20 2:18] ReceiverVC: map[0:19 1:20 2:19]}
{1 2 append_entries SenderVC: map[0:14 1:21 2:18] ReceiverVC: map[0:14 1:21 2:22]}
{1 0 append_entries SenderVC: map[0:14 1:22 2:18] ReceiverVC: map[0:20 1:22 2:19]}
{1 2 append_entries SenderVC: map[0:14 1:23 2:18] ReceiverVC: map[0:14 1:23 2:23]}
{1 0 append_entries SenderVC: map[0:14 1:24 2:18] ReceiverVC: map[0:21 1:24 2:19]}
{1 2 append_entries SenderVC: map[0:14 1:25 2:18] ReceiverVC: map[0:14 1:25 2:24]}
{1 2 append_entries SenderVC: map[0:14 1:26 2:18] ReceiverVC: map[0:14 1:26 2:25]}
{1 2 append_entries SenderVC: map[0:14 1:27 2:18] ReceiverVC: map[0:14 1:27 2:26]}
{1 2 append_entries SenderVC: map[0:14 1:28 2:18] ReceiverVC: map[0:14 1:28 2:27]}
{1 2 append_entries SenderVC: map[0:14 1:29 2:18] ReceiverVC: map[0:14 1:29 2:28]}
{1 2 append_entries SenderVC: map[0:14 1:30 2:18] ReceiverVC: map[0:14 1:30 2:29]}
{1 2 append_entries SenderVC: map[0:14 1:31 2:18] ReceiverVC: map[0:14 1:31 2:30]}
{1 0 append_entries SenderVC: map[0:14 1:32 2:18] ReceiverVC: map[0:22 1:32 2:19]}
{1 2 append_entries SenderVC: map[0:14 1:33 2:18] ReceiverVC: map[0:14 1:33 2:31]}
{1 0 append_entries SenderVC: map[0:14 1:34 2:18] ReceiverVC: map[0:23 1:34 2:19]}
{1 2 append_entries SenderVC: map[0:14 1:35 2:18] ReceiverVC: map[0:14 1:35 2:32]}
{1 0 append_entries SenderVC: map[0:14 1:36 2:18] ReceiverVC: map[0:24 1:36 2:19]}
{1 2 append_entries SenderVC: map[0:14 1:37 2:18] ReceiverVC: map[0:14 1:37 2:33]}
{1 0 append_entries SenderVC: map[0:14 1:38 2:18] ReceiverVC: map[0:25 1:38 2:19]}
{1 2 append_entries SenderVC: map[0:14 1:39 2:18] ReceiverVC: map[0:14 1:39 2:34]}
{1 0 append_entries SenderVC: map[0:14 1:40 2:18] ReceiverVC: map[0:26 1:40 2:19]}
