{2 1 pre_vote SenderVC: map[0:0 1:0 2:1] ReceiverVC: map[0:0 1:1 2:1]}
{0 1 pre_vote SenderVC: map[0:1 1:0 2:0] ReceiverVC: map[0:1 1:2 2:1]}
{2 0 pre_vote SenderVC: map[0:0 1:0 2:2] ReceiverVC: map[0:2 1:0 2:2]}
{0 2 pre_vote SenderVC: map[0:3 1:0 2:2] ReceiverVC: map[0:3 1:0 2:3]}
{1 0 pre_vote SenderVC: map[0:1 1:3 2:1] ReceiverVC: map[0:4 1:3 2:2]}
{0 2 request_vote SenderVC: map[0:5 1:3 2:2] ReceiverVC: map[0:5 1:3 2:4]}
{1 2 pre_vote SenderVC: map[0:1 1:4 2:1] ReceiverVC: map[0:5 1:4 2:5]}
{0 1 request_vote SenderVC: map[0:6 1:3 2:2] ReceiverVC: map[0:6 1:5 2:2]}
{-1 -1 Drop Message Fault}
{0 2 append_entries is dropped SenderVC: map[0:6 1:3 2:2] ReceiverVC: map[0:5 1:4 2:5]}
{0 1 append_entries SenderVC: map[0:7 1:3 2:2] ReceiverVC: map[0:7 1:6 2:2]}
{-1 -1 Drop Message Fault}
{-1 -1 Drop Message Fault}
{0 1 append_entries SenderVC: map[0:8 1:3 2:2] ReceiverVC: map[0:8 1:7 2:2]}
{-1 -1 Drop Message Fault}
{0 1 append_entries SenderVC: map[0:9 1:3 2:2] ReceiverVC: map[0:9 1:8 2:2]}
{0 1 append_entries SenderVC: map[0:10 1:3 2:2] ReceiverVC: map[0:10 1:9 2:2]}
{0 1 append_entries SenderVC: map[0:11 1:3 2:2] ReceiverVC: map[0:11 1:10 2:2]}
{0 1 append_entries SenderVC: map[0:12 1:3 2:2] ReceiverVC: map[0:12 1:11 2:2]}
{0 1 append_entries SenderVC: map[0:13 1:3 2:2] ReceiverVC: map[0:13 1:12 2:2]}
{0 1 append_entries SenderVC: map[0:14 1:3 2:2] ReceiverVC: map[0:14 1:13 2:2]}
{0 1 append_entries SenderVC: map[0:15 1:3 2:2] ReceiverVC: map[0:15 1:14 2:2]}
{2 0 pre_vote SenderVC: map[0:5 1:4 2:6] ReceiverVC: map[0:16 1:4 2:6]}
{2 1 pre_vote SenderVC: map[0:5 1:4 2:7] ReceiverVC: map[0:15 1:15 2:7]}
{0 1 append_entries SenderVC: map[0:17 1:4 2:6] ReceiverVC: map[0:17 1:16 2:7]}
{0 1 append_entries SenderVC: map[0:18 1:4 2:6] ReceiverVC: map[0:18 1:17 2:7]}
{2 1 pre_vote SenderVC: map[0:5 1:4 2:8] ReceiverVC: map[0:18 1:18 2:8]}
{2 0 pre_vote SenderVC: map[0:5 1:4 2:9] ReceiverVC: map[0:19 1:4 2:9]}
{2 1 pre_vote SenderVC: map[0:5 1:4 2:10] ReceiverVC: map[0:18 1:19 2:10]}
{2 0 pre_vote SenderVC: map[0:5 1:4 2:11] ReceiverVC: map[0:20 1:4 2:11]}
{0 1 pre_vote SenderVC: map[0:21 1:4 2:11] ReceiverVC: map[0:21 1:20 2:11]}
{0 2 pre_vote SenderVC: map[0:22 1:4 2:11] ReceiverVC: map[0:22 1:4 2:12]}
{2 1 pre_vote SenderVC: map[0:22 1:4 2:13] ReceiverVC: map[0:22 1:21 2:13]}
{2 0 pre_vote SenderVC: map[0:22 1:4 2:14] ReceiverVC: map[0:23 1:4 2:14]}
{0 1 pre_vote SenderVC: map[0:24 1:4 2:14] ReceiverVC: map[0:24 1:22 2:14]}
{0 2 pre_vote SenderVC: map[0:25 1:4 2:14] ReceiverVC: map[0:25 1:4 2:15]}
{0 2 request_vote SenderVC: map[0:26 1:4 2:14] ReceiverVC: map[0:26 1:4 2:16]}
{0 2 append_entries SenderVC: map[0:27 1:4 2:14] ReceiverVC: map[0:27 1:4 2:17]}
{0 1 append_entries SenderVC: map[0:28 1:4 2:14] ReceiverVC: map[0:28 1:23 2:14]}
{0 1 request_vote SenderVC: map[0:29 1:4 2:14] ReceiverVC: map[0:29 1:24 2:14]}
{0 1 append_entries SenderVC: map[0:30 1:4 2:14] ReceiverVC: map[0:30 1:25 2:14]}
{0 2 append_entries SenderVC: map[0:31 1:4 2:14] ReceiverVC: map[0:31 1:4 2:18]}
{0 2 append_entries SenderVC: map[0:32 1:4 2:14] ReceiverVC: map[0:32 1:4 2:19]}
{0 1 append_entries SenderVC: map[0:33 1:4 2:14] ReceiverVC: map[0:33 1:26 2:14]}
{0 1 append_entries SenderVC: map[0:34 1:4 2:14] ReceiverVC: map[0:34 1:27 2:14]}
{0 2 append_entries SenderVC: map[0:35 1:4 2:14] ReceiverVC: map[0:35 1:4 2:20]}
{0 1 append_entries SenderVC: map[0:36 1:4 2:14] ReceiverVC: map[0:36 1:28 2:14]}
