{0 2 pre_vote SenderVC: map[0:1 1:0 2:0] ReceiverVC: map[0:1 1:0 2:1]}
{1 2 pre_vote SenderVC: map[0:0 1:1 2:0] ReceiverVC: map[0:1 1:1 2:2]}
{-1 -1 Drop Message Fault}
{1 0 pre_vote is dropped SenderVC: map[0:0 1:1 2:0] ReceiverVC: map[0:1 1:0 2:0]}
{0 1 pre_vote SenderVC: map[0:2 1:0 2:0] ReceiverVC: map[0:2 1:2 2:0]}
{1 2 request_vote SenderVC: map[0:2 1:3 2:0] ReceiverVC: map[0:2 1:3 2:3]}
{2 1 pre_vote SenderVC: map[0:2 1:3 2:4] ReceiverVC: map[0:2 1:4 2:4]}
{2 0 pre_vote SenderVC: map[0:2 1:3 2:5] ReceiverVC: map[0:3 1:3 2:5]}
{1 0 request_vote SenderVC: map[0:2 1:5 2:4] ReceiverVC: map[0:4 1:5 2:5]}
{-1 -1 Drop Message Fault}
{0 2 pre_vote SenderVC: map[0:5 1:5 2:5] ReceiverVC: map[0:5 1:5 2:6]}
{2 1 pre_vote SenderVC: map[0:5 1:5 2:7] ReceiverVC: map[0:5 1:6 2:7]}
{0 1 pre_vote SenderVC: map[0:6 1:5 2:5] ReceiverVC: map[0:6 1:7 2:7]}
{2 0 pre_vote SenderVC: map[0:5 1:5 2:8] ReceiverVC: map[0:7 1:5 2:8]}
{2 0 request_vote SenderVC: map[0:5 1:5 2:9] ReceiverVC: map[0:8 1:5 2:9]}
{2 1 request_vote SenderVC: map[0:5 1:5 2:10] ReceiverVC: map[0:6 1:8 2:10]}
{1 0 pre_vote SenderVC: map[0:6 1:9 2:10] ReceiverVC: map[0:9 1:9 2:10]}
{1 2 pre_vote SenderVC: map[0:6 1:10 2:10] ReceiverVC: map[0:6 1:10 2:11]}
{0 1 pre_vote SenderVC: map[0:10 1:9 2:10] ReceiverVC: map[0:10 1:11 2:10]}
{0 2 pre_vote SenderVC: map[0:11 1:9 2:10] ReceiverVC: map[0:11 1:10 2:12]}
{0 2 request_vote SenderVC: map[0:12 1:9 2:10] ReceiverVC: map[0:12 1:10 2:13]}
{0 1 request_vote SenderVC: map[0:13 1:9 2:10] ReceiverVC: map[0:13 1:12 2:10]}
{1 2 pre_vote SenderVC: map[0:13 1:13 2:10] ReceiverVC: map[0:13 1:13 2:14]}
{1 0 pre_vote SenderVC: map[0:13 1:14 2:10] ReceiverVC: map[0:14 1:14 2:10]}
{2 1 pre_vote SenderVC: map[0:13 1:13 2:15] ReceiverVC: map[0:13 1:15 2:15]}
{2 0 pre_vote SenderVC: map[0:13 1:13 2:16] ReceiverVC: map[0:15 1:14 2:16]}
{0 2 pre_vote SenderVC: map[0:16 1:14 2:16] ReceiverVC: map[0:16 1:14 2:17]}
{0 1 pre_vote SenderVC: map[0:17 1:14 2:16] ReceiverVC: map[0:17 1:16 2:16]}
{0 1 request_vote SenderVC: map[0:18 1:14 2:16] ReceiverVC: map[0:18 1:17 2:16]}
{1 0 pre_vote SenderVC: map[0:18 1:18 2:16] ReceiverVC: map[0:19 1:18 2:16]}
{0 2 request_vote SenderVC: map[0:20 1:18 2:16] ReceiverVC: map[0:20 1:18 2:18]}
{1 2 pre_vote SenderVC: map[0:18 1:19 2:16] ReceiverVC: map[0:20 1:19 2:19]}
{0 2 append_entries SenderVC: map[0:21 1:18 2:16] ReceiverVC: map[0:21 1:19 2:20]}
{0 1 append_entries SenderVC: map[0:22 1:18 2:16] ReceiverVC: map[0:22 1:20 2:16]}
{0 1 append_entries SenderVC: map[0:23 1:18 2:16] ReceiverVC: map[0:23 1:21 2:16]}
{0 2 append_entries SenderVC: map[0:24 1:18 2:16] ReceiverVC: map[0:24 1:19 2:21]}
{0 1 append_entries SenderVC: map[0:25 1:18 2:16] ReceiverVC: map[0:25 1:22 2:16]}
{0 1 append_entries SenderVC: map[0:26 1:18 2:16] ReceiverVC: map[0:26 1:23 2:16]}
{0 1 append_entries SenderVC: map[0:27 1:18 2:16] ReceiverVC: map[0:27 1:24 2:16]}
{0 1 append_entries SenderVC: map[0:28 1:18 2:16] ReceiverVC: map[0:28 1:25 2:16]}
{0 1 append_entries SenderVC: map[0:29 1:18 2:16] ReceiverVC: map[0:29 1:26 2:16]}
{0 2 append_entries SenderVC: map[0:30 1:18 2:16] ReceiverVC: map[0:30 1:19 2:22]}
{0 1 append_entries SenderVC: map[0:31 1:18 2:16] ReceiverVC: map[0:31 1:27 2:16]}
{0 2 append_entries SenderVC: map[0:32 1:18 2:16] ReceiverVC: map[0:32 1:19 2:23]}
{0 1 append_entries SenderVC: map[0:33 1:18 2:16] ReceiverVC: map[0:33 1:28 2:16]}
{0 1 append_entries SenderVC: map[0:34 1:18 2:16] ReceiverVC: map[0:34 1:29 2:16]}
{0 1 append_entries SenderVC: map[0:35 1:18 2:16] ReceiverVC: map[0:35 1:30 2:16]}
