{1 2 pre_vote SenderVC: map[0:0 1:1 2:0] ReceiverVC: map[0:0 1:1 2:1]}
{1 0 pre_vote SenderVC: map[0:0 1:2 2:0] ReceiverVC: map[0:1 1:2 2:0]}
{1 2 request_vote SenderVC: map[0:0 1:3 2:0] ReceiverVC: map[0:0 1:3 2:2]}
{0 2 pre_vote SenderVC: map[0:2 1:2 2:0] ReceiverVC: map[0:2 1:3 2:3]}
{0 1 pre_vote SenderVC: map[0:3 1:2 2:0] ReceiverVC: map[0:3 1:4 2:0]}
{2 1 pre_vote SenderVC: map[0:2 1:3 2:4] ReceiverVC: map[0:3 1:5 2:4]}
{2 1 request_vote SenderVC: map[0:2 1:3 2:5] ReceiverVC: map[0:3 1:6 2:5]}
{2 0 pre_vote SenderVC: map[0:2 1:3 2:6] ReceiverVC: map[0:4 1:3 2:6]}
{-1 -1 Drop Message Fault}
{2 0 request_vote is dropped SenderVC: map[0:2 1:3 2:6] ReceiverVC: map[0:4 1:3 2:6]}
{1 0 request_vote SenderVC: map[0:3 1:7 2:5] ReceiverVC: map[0:5 1:7 2:6]}
{-1 -1 Drop Message Fault}
{-1 -1 Drop Message Fault}
{-1 -1 Drop Message Fault}
{0 1 pre_vote SenderVC: map[0:6 1:7 2:6] ReceiverVC: map[0:6 1:8 2:6]}
{0 2 pre_vote SenderVC: map[0:7 1:7 2:6] ReceiverVC: map[0:7 1:7 2:7]}
{0 1 request_vote SenderVC: map[0:8 1:7 2:6] ReceiverVC: map[0:8 1:9 2:6]}
{0 2 request_vote SenderVC: map[0:9 1:7 2:6] ReceiverVC: map[0:9 1:7 2:8]}
{1 0 pre_vote SenderVC: map[0:8 1:10 2:6] ReceiverVC: map[0:10 1:10 2:6]}
{1 2 pre_vote SenderVC: map[0:8 1:11 2:6] ReceiverVC: map[0:9 1:11 2:9]}
{2 1 pre_vote SenderVC: map[0:9 1:11 2:10] ReceiverVC: map[0:9 1:12 2:10]}
{2 0 pre_vote SenderVC: map[0:9 1:11 2:11] ReceiverVC: map[0:11 1:11 2:11]}
{2 0 request_vote SenderVC: map[0:9 1:11 2:12] ReceiverVC: map[0:12 1:11 2:12]}
{2 1 request_vote SenderVC: map[0:9 1:11 2:13] ReceiverVC: map[0:9 1:13 2:13]}
{2 0 append_entries SenderVC: map[0:9 1:11 2:14] ReceiverVC: map[0:13 1:11 2:14]}
{2 1 append_entries SenderVC: map[0:9 1:11 2:15] ReceiverVC: map[0:9 1:14 2:15]}
{2 1 append_entries SenderVC: map[0:9 1:11 2:16] ReceiverVC: map[0:9 1:15 2:16]}
{2 0 append_entries SenderVC: map[0:9 1:11 2:17] ReceiverVC: map[0:14 1:11 2:17]}
{2 0 append_entries SenderVC: map[0:9 1:11 2:18] ReceiverVC: map[0:15 1:11 2:18]}
{2 0 append_entries SenderVC: map[0:9 1:11 2:19] ReceiverVC: map[0:16 1:11 2:19]}
{2 1 append_entries SenderVC: map[0:9 1:11 2:20] ReceiverVC: map[0:9 1:16 2:20]}
{2 1 append_entries SenderVC: map[0:9 1:11 2:21] ReceiverVC: map[0:9 1:17 2:21]}
{2 0 append_entries SenderVC: map[0:9 1:11 2:22] ReceiverVC: map[0:17 1:11 2:22]}
{2 1 append_entries SenderVC: map[0:9 1:11 2:23] ReceiverVC: map[0:9 1:18 2:23]}
{2 0 append_entries SenderVC: map[0:9 1:11 2:24] ReceiverVC: map[0:18 1:11 2:24]}
{2 0 append_entries SenderVC: map[0:9 1:11 2:25] ReceiverVC: map[0:19 1:11 2:25]}
{2 1 append_entries SenderVC: map[0:9 1:11 2:26] ReceiverVC: map[0:9 1:19 2:26]}
{2 1 append_entries SenderVC: map[0:9 1:11 2:27] ReceiverVC: map[0:9 1:20 2:27]}
{2 0 append_entries SenderVC: map[0:9 1:11 2:28] ReceiverVC: map[0:20 1:11 2:28]}
{2 0 append_entries SenderVC: map[0:9 1:11 2:29] ReceiverVC: map[0:21 1:11 2:29]}
{2 0 append_entries SenderVC: map[0:9 1:11 2:30] ReceiverVC: map[0:22 1:11 2:30]}
{2 1 append_entries SenderVC: map[0:9 1:11 2:31] ReceiverVC: map[0:9 1:21 2:31]}
{2 1 append_entries SenderVC: map[0:9 1:11 2:32] ReceiverVC: map[0:9 1:22 2:32]}
{2 0 append_entries SenderVC: map[0:9 1:11 2:33] ReceiverVC: map[0:23 1:11 2:33]}
{2 0 append_entries SenderVC: map[0:9 1:11 2:34] ReceiverVC: map[0:24 1:11 2:34]}
