{1 2 pre_vote SenderVC: map[0:0 1:1 2:0] ReceiverVC: map[0:0 1:1 2:1]}
{1 0 pre_vote SenderVC: map[0:0 1:2 2:0] ReceiverVC: map[0:1 1:2 2:0]}
{0 2 pre_vote SenderVC: map[0:2 1:2 2:0] ReceiverVC: map[0:2 1:2 2:2]}
{1 2 request_vote SenderVC: map[0:0 1:3 2:0] ReceiverVC: map[0:2 1:3 2:3]}
{0 1 pre_vote SenderVC: map[0:3 1:2 2:0] ReceiverVC: map[0:3 1:4 2:0]}
{2 0 pre_vote SenderVC: map[0:2 1:3 2:4] ReceiverVC: map[0:4 1:3 2:4]}
{2 1 pre_vote SenderVC: map[0:2 1:3 2:5] ReceiverVC: map[0:3 1:5 2:5]}
{1 0 request_vote SenderVC: map[0:3 1:6 2:5] ReceiverVC: map[0:5 1:6 2:5]}
{2 0 request_vote SenderVC: map[0:2 1:3 2:6] ReceiverVC: map[0:6 1:6 2:6]}
{2 1 request_vote SenderVC: map[0:2 1:3 2:7] ReceiverVC: map[0:3 1:7 2:7]}
{-1 -1 Drop Message Fault}
{1 0 append_entries is dropped SenderVC: map[0:3 1:7 2:7] ReceiverVC: map[0:6 1:6 2:6]}
{-1 -1 Drop Message Fault}
{1 2 append_entries is dropped SenderVC: map[0:3 1:7 2:7] ReceiverVC: map[0:2 1:3 2:7]}
{0 1 pre_vote SenderVC: map[0:7 1:6 2:6] ReceiverVC: map[0:7 1:8 2:7]}
{0 2 pre_vote SenderVC: map[0:8 1:6 2:6] ReceiverVC: map[0:8 1:6 2:8]}
{0 2 request_vote SenderVC: map[0:9 1:6 2:6] ReceiverVC: map[0:9 1:6 2:9]}
{0 1 request_vote SenderVC: map[0:10 1:6 2:6] ReceiverVC: map[0:10 1:9 2:7]}
{2 1 pre_vote SenderVC: map[0:9 1:6 2:10] ReceiverVC: map[0:10 1:10 2:10]}
{1 0 pre_vote SenderVC: map[0:10 1:11 2:10] ReceiverVC: map[0:11 1:11 2:10]}
{2 0 pre_vote SenderVC: map[0:9 1:6 2:11] ReceiverVC: map[0:12 1:11 2:11]}
{1 2 pre_vote SenderVC: map[0:10 1:12 2:10] ReceiverVC: map[0:10 1:12 2:12]}
{2 0 request_vote SenderVC: map[0:10 1:12 2:13] ReceiverVC: map[0:13 1:12 2:13]}
{2 1 request_vote SenderVC: map[0:10 1:12 2:14] ReceiverVC: map[0:10 1:13 2:14]}
{2 0 append_entries SenderVC: map[0:10 1:12 2:15] ReceiverVC: map[0:14 1:12 2:15]}
{2 1 append_entries SenderVC: map[0:10 1:12 2:16] ReceiverVC: map[0:10 1:14 2:16]}
{2 1 append_entries SenderVC: map[0:10 1:12 2:17] ReceiverVC: map[0:10 1:15 2:17]}
{2 0 append_entries SenderVC: map[0:10 1:12 2:18] ReceiverVC: map[0:15 1:12 2:18]}
{2 0 append_entries SenderVC: map[0:10 1:12 2:19] ReceiverVC: map[0:16 1:12 2:19]}
{2 1 append_entries SenderVC: map[0:10 1:12 2:20] ReceiverVC: map[0:10 1:16 2:20]}
{2 1 append_entries SenderVC: map[0:10 1:12 2:21] ReceiverVC: map[0:10 1:17 2:21]}
{2 1 append_entries SenderVC: map[0:10 1:12 2:22] ReceiverVC: map[0:10 1:18 2:22]}
{2 1 append_entries SenderVC: map[0:10 1:12 2:23] ReceiverVC: map[0:10 1:19 2:23]}
{2 1 append_entries SenderVC: map[0:10 1:12 2:24] ReceiverVC: map[0:10 1:20 2:24]}
{2 1 append_entries SenderVC: map[0:10 1:12 2:25] ReceiverVC: map[0:10 1:21 2:25]}
{2 1 append_entries SenderVC: map[0:10 1:12 2:26] ReceiverVC: map[0:10 1:22 2:26]}
{2 1 append_entries SenderVC: map[0:10 1:12 2:27] ReceiverVC: map[0:10 1:23 2:27]}
{2 0 append_entries SenderVC: map[0:10 1:12 2:28] ReceiverVC: map[0:17 1:12 2:28]}
{2 0 append_entries SenderVC: map[0:10 1:12 2:29] ReceiverVC: map[0:18 1:12 2:29]}
{2 1 append_entries SenderVC: map[0:10 1:12 2:30] ReceiverVC: map[0:10 1:24 2:30]}
{2 1 append_entries SenderVC: map[0:10 1:12 2:31] ReceiverVC: map[0:10 1:25 2:31]}
{2 0 append_entries SenderVC: map[0:10 1:12 2:32] ReceiverVC: map[0:19 1:12 2:32]}
{2 0 append_entries SenderVC: map[0:10 1:12 2:33] ReceiverVC: map[0:20 1:12 2:33]}
{2 1 append_entries SenderVC: map[0:10 1:12 2:34] ReceiverVC: map[0:10 1:26 2:34]}
{2 0 append_entries SenderVC: map[0:10 1:12 2:35] ReceiverVC: map[0:21 1:12 2:35]}
{2 1 append_entries SenderVC: map[0:10 1:12 2:36] ReceiverVC: map[0:10 1:27 2:36]}
{2 1 append_entries SenderVC: map[0:10 1:12 2:37] ReceiverVC: map[0:10 1:28 2:37]}
{2 1 append_entries SenderVC: map[0:10 1:12 2:38] ReceiverVC: map[0:10 1:29 2:38]}
{2 0 append_entries SenderVC: map[0:10 1:12 2:39] ReceiverVC: map[0:22 1:12 2:39]}
{2 0 append_entries SenderVC: map[0:10 1:12 2:40] ReceiverVC: map[0:23 1:12 2:40]}
{2 1 append_entries SenderVC: map[0:10 1:12 2:41] ReceiverVC: map[0:10 1:30 2:41]}
{2 0 append_entries SenderVC: map[0:10 1:12 2:42] ReceiverVC: map[0:24 1:12 2:42]}
{2 0 append_entries SenderVC: map[0:10 1:12 2:43] ReceiverVC: map[0:25 1:12 2:43]}
{2 0 append_entries SenderVC: map[0:10 1:12 2:44] ReceiverVC: map[0:26 1:12 2:44]}
