{-1 -1 Drop Message Fault}
{0 1 pre_vote is dropped SenderVC: map[0:0 1:0 2:0] ReceiverVC: map[0:0 1:0 2:0]}
{1 2 pre_vote SenderVC: map[0:0 1:1 2:0] ReceiverVC: map[0:0 1:1 2:1]}
{1 0 pre_vote SenderVC: map[0:0 1:2 2:0] ReceiverVC: map[0:1 1:2 2:0]}
{2 0 pre_vote SenderVC: map[0:0 1:1 2:2] ReceiverVC: map[0:2 1:2 2:2]}
{1 0 request_vote SenderVC: map[0:0 1:3 2:0] ReceiverVC: map[0:3 1:3 2:2]}
{2 0 request_vote SenderVC: map[0:0 1:1 2:3] ReceiverVC: map[0:4 1:3 2:3]}
{1 0 append_entries SenderVC: map[0:0 1:4 2:0] ReceiverVC: map[0:5 1:4 2:3]}
{2 0 append_entries SenderVC: map[0:0 1:1 2:4] ReceiverVC: map[0:6 1:4 2:4]}
{2 1 pre_vote SenderVC: map[0:0 1:1 2:5] ReceiverVC: map[0:0 1:5 2:5]}
{0 2 pre_vote SenderVC: map[0:7 1:4 2:4] ReceiverVC: map[0:7 1:4 2:6]}
{1 2 request_vote SenderVC: map[0:0 1:6 2:5] ReceiverVC: map[0:7 1:6 2:7]}
{1 2 append_entries SenderVC: map[0:0 1:7 2:5] ReceiverVC: map[0:7 1:7 2:8]}
{2 1 request_vote SenderVC: map[0:7 1:7 2:9] ReceiverVC: map[0:7 1:8 2:9]}
{2 1 append_entries SenderVC: map[0:7 1:7 2:10] ReceiverVC: map[0:7 1:9 2:10]}
{-1 -1 Drop Message Fault}
{1 0 pre_vote SenderVC: map[0:7 1:10 2:10] ReceiverVC: map[0:8 1:10 2:10]}
{1 2 pre_vote SenderVC: map[0:7 1:11 2:10] ReceiverVC: map[0:7 1:11 2:11]}
{1 2 request_vote SenderVC: map[0:7 1:12 2:10] ReceiverVC: map[0:7 1:12 2:12]}
{1 0 request_vote SenderVC: map[0:7 1:13 2:10] ReceiverVC: map[0:9 1:13 2:10]}
{1 2 append_entries SenderVC: map[0:7 1:14 2:10] ReceiverVC: map[0:7 1:14 2:13]}
{1 0 append_entries SenderVC: map[0:7 1:15 2:10] ReceiverVC: map[0:10 1:15 2:10]}
{1 2 append_entries SenderVC: map[0:7 1:16 2:10] ReceiverVC: map[0:7 1:16 2:14]}
{1 0 append_entries SenderVC: map[0:7 1:17 2:10] ReceiverVC: map[0:11 1:17 2:10]}
{1 2 append_entries SenderVC: map[0:7 1:18 2:10] ReceiverVC: map[0:7 1:18 2:15]}
{1 0 append_entries SenderVC: map[0:7 1:19 2:10] ReceiverVC: map[0:12 1:19 2:10]}
{1 2 append_entries SenderVC: map[0:7 1:20 2:10] ReceiverVC: map[0:7 1:20 2:16]}
{1 0 append_entries SenderVC: map[0:7 1:21 2:10] ReceiverVC: map[0:13 1:21 2:10]}
{1 2 append_entries SenderVC: map[0:7 1:22 2:10] ReceiverVC: map[0:7 1:22 2:17]}
{1 0 append_entries SenderVC: map[0:7 1:23 2:10] ReceiverVC: map[0:14 1:23 2:10]}
{1 2 append_entries SenderVC: map[0:7 1:24 2:10] ReceiverVC: map[0:7 1:24 2:18]}
{1 0 append_entries SenderVC: map[0:7 1:25 2:10] ReceiverVC: map[0:15 1:25 2:10]}
{1 2 append_entries SenderVC: map[0:7 1:26 2:10] ReceiverVC: map[0:7 1:26 2:19]}
{1 0 append_entries SenderVC: map[0:7 1:27 2:10] ReceiverVC: map[0:16 1:27 2:10]}
{1 2 append_entries SenderVC: map[0:7 1:28 2:10] ReceiverVC: map[0:7 1:28 2:20]}
{1 0 append_entries SenderVC: map[0:7 1:29 2:10] ReceiverVC: map[0:17 1:29 2:10]}
{1 2 append_entries SenderVC: map[0:7 1:30 2:10] ReceiverVC: map[0:7 1:30 2:21]}
{1 0 append_entries SenderVC: map[0:7 1:31 2:10] ReceiverVC: map[0:18 1:31 2:10]}
{1 2 append_entries SenderVC: map[0:7 1:32 2:10] ReceiverVC: map[0:7 1:32 2:22]}
{1 0 append_entries SenderVC: map[0:7 1:33 2:10] ReceiverVC: map[0:19 1:33 2:10]}
{1 2 append_entries SenderVC: map[0:7 1:34 2:10] ReceiverVC: map[0:7 1:34 2:23]}
{1 0 append_entries SenderVC: map[0:7 1:35 2:10] ReceiverVC: map[0:20 1:35 2:10]}
{1 2 append_entries SenderVC: map[0:7 1:36 2:10] ReceiverVC: map[0:7 1:36 2:24]}
{1 0 append_entries SenderVC: map[0:7 1:37 2:10] ReceiverVC: map[0:21 1:37 2:10]}
{1 2 append_entries SenderVC: map[0:7 1:38 2:10] ReceiverVC: map[0:7 1:38 2:25]}
{1 0 append_entries SenderVC: map[0:7 1:39 2:10] ReceiverVC: map[0:22 1:39 2:10]}
{1 2 append_entries SenderVC: map[0:7 1:40 2:10] ReceiverVC: map[0:7 1:40 2:26]}
{1 0 append_entries SenderVC: map[0:7 1:41 2:10] ReceiverVC: map[0:23 1:41 2:10]}
{1 2 append_entries SenderVC: map[0:7 1:42 2:10] ReceiverVC: map[0:7 1:42 2:27]}
{1 0 append_entries SenderVC: map[0:7 1:43 2:10] ReceiverVC: map[0:24 1:43 2:10]}
{1 2 append_entries SenderVC: map[0:7 1:44 2:10] ReceiverVC: map[0:7 1:44 2:28]}
{1 0 append_entries SenderVC: map[0:7 1:45 2:10] ReceiverVC: map[0:25 1:45 2:10]}
