{2 0 pre_vote SenderVC: map[0:0 1:0 2:1] ReceiverVC: map[0:1 1:0 2:1]}
{1 0 pre_vote SenderVC: map[0:0 1:1 2:0] ReceiverVC: map[0:2 1:1 2:1]}
{2 1 pre_vote SenderVC: map[0:0 1:0 2:2] ReceiverVC: map[0:0 1:2 2:2]}
{0 1 pre_vote SenderVC: map[0:3 1:1 2:1] ReceiverVC: map[0:3 1:3 2:2]}
{0 2 pre_vote SenderVC: map[0:4 1:1 2:1] ReceiverVC: map[0:4 1:1 2:3]}
{1 0 request_vote SenderVC: map[0:3 1:4 2:2] ReceiverVC: map[0:5 1:4 2:2]}
{1 2 pre_vote SenderVC: map[0:3 1:5 2:2] ReceiverVC: map[0:4 1:5 2:4]}
{1 2 request_vote SenderVC: map[0:3 1:6 2:2] ReceiverVC: map[0:4 1:6 2:5]}
{1 0 append_entries SenderVC: map[0:3 1:7 2:2] ReceiverVC: map[0:6 1:7 2:2]}
{-1 -1 Drop Message Fault}
{1 2 append_entries is dropped SenderVC: map[0:3 1:7 2:2] ReceiverVC: map[0:4 1:6 2:5]}
{1 0 append_entries SenderVC: map[0:3 1:8 2:2] ReceiverVC: map[0:7 1:8 2:2]}
{1 0 append_entries SenderVC: map[0:3 1:9 2:2] ReceiverVC: map[0:8 1:9 2:2]}
{-1 -1 Drop Message Fault}
{1 0 append_entries SenderVC: map[0:3 1:10 2:2] ReceiverVC: map[0:9 1:10 2:2]}
{1 0 append_entries SenderVC: map[0:3 1:11 2:2] ReceiverVC: map[0:10 1:11 2:2]}
{1 0 append_entries SenderVC: map[0:3 1:12 2:2] ReceiverVC: map[0:11 1:12 2:2]}
{2 0 pre_vote SenderVC: map[0:4 1:6 2:6] ReceiverVC: map[0:12 1:12 2:6]}
{2 1 pre_vote SenderVC: map[0:4 1:6 2:7] ReceiverVC: map[0:4 1:13 2:7]}
{1 0 append_entries SenderVC: map[0:4 1:14 2:7] ReceiverVC: map[0:13 1:14 2:7]}
{1 0 append_entries SenderVC: map[0:4 1:15 2:7] ReceiverVC: map[0:14 1:15 2:7]}
{1 0 append_entries SenderVC: map[0:4 1:16 2:7] ReceiverVC: map[0:15 1:16 2:7]}
{1 0 append_entries SenderVC: map[0:4 1:17 2:7] ReceiverVC: map[0:16 1:17 2:7]}
{1 0 append_entries SenderVC: map[0:4 1:18 2:7] ReceiverVC: map[0:17 1:18 2:7]}
{1 0 append_entries SenderVC: map[0:4 1:19 2:7] ReceiverVC: map[0:18 1:19 2:7]}
{1 0 append_entries SenderVC: map[0:4 1:20 2:7] ReceiverVC: map[0:19 1:20 2:7]}
{1 0 append_entries SenderVC: map[0:4 1:21 2:7] ReceiverVC: map[0:20 1:21 2:7]}
{1 0 append_entries SenderVC: map[0:4 1:22 2:7] ReceiverVC: map[0:21 1:22 2:7]}
{1 0 append_entries SenderVC: map[0:4 1:23 2:7] ReceiverVC: map[0:22 1:23 2:7]}
{2 1 pre_vote SenderVC: map[0:4 1:6 2:8] ReceiverVC: map[0:4 1:24 2:8]}
{2 0 pre_vote SenderVC: map[0:4 1:6 2:9] ReceiverVC: map[0:23 1:23 2:9]}
{1 0 append_entries SenderVC: map[0:4 1:25 2:8] ReceiverVC: map[0:24 1:25 2:9]}
{1 0 append_entries SenderVC: map[0:4 1:26 2:8] ReceiverVC: map[0:25 1:26 2:9]}
{1 0 append_entries SenderVC: map[0:4 1:27 2:8] ReceiverVC: map[0:26 1:27 2:9]}
{1 0 append_entries SenderVC: map[0:4 1:28 2:8] ReceiverVC: map[0:27 1:28 2:9]}
{2 0 pre_vote SenderVC: map[0:4 1:6 2:10] ReceiverVC: map[0:28 1:28 2:10]}
{2 1 pre_vote SenderVC: map[0:4 1:6 2:11] ReceiverVC: map[0:4 1:29 2:11]}
{1 0 append_entries SenderVC: map[0:4 1:30 2:11] ReceiverVC: map[0:29 1:30 2:11]}
{1 0 append_entries SenderVC: map[0:4 1:31 2:11] ReceiverVC: map[0:30 1:31 2:11]}
{1 0 append_entries SenderVC: map[0:4 1:32 2:11] ReceiverVC: map[0:31 1:32 2:11]}
{1 0 append_entries SenderVC: map[0:4 1:33 2:11] ReceiverVC: map[0:32 1:33 2:11]}
{1 0 append_entries SenderVC: map[0:4 1:34 2:11] ReceiverVC: map[0:33 1:34 2:11]}
{2 0 pre_vote SenderVC: map[0:4 1:6 2:12] ReceiverVC: map[0:34 1:34 2:12]}
{2 1 pre_vote SenderVC: map[0:4 1:6 2:13] ReceiverVC: map[0:4 1:35 2:13]}
{1 0 append_entries SenderVC: map[0:4 1:36 2:13] ReceiverVC: map[0:35 1:36 2:13]}
{1 0 append_entries SenderVC: map[0:4 1:37 2:13] ReceiverVC: map[0:36 1:37 2:13]}
