{2 1 pre_vote SenderVC: map[0:0 1:0 2:1] ReceiverVC: map[0:0 1:1 2:1]}
{2 0 pre_vote SenderVC: map[0:0 1:0 2:2] ReceiverVC: map[0:1 1:0 2:2]}
{1 0 pre_vote SenderVC: map[0:0 1:2 2:1] ReceiverVC: map[0:2 1:2 2:2]}
{2 0 request_vote SenderVC: map[0:0 1:0 2:3] ReceiverVC: map[0:3 1:2 2:3]}
{1 2 pre_vote SenderVC: map[0:0 1:3 2:1] ReceiverVC: map[0:0 1:3 2:4]}
{0 2 pre_vote SenderVC: map[0:4 1:2 2:3] ReceiverVC: map[0:4 1:3 2:5]}
{1 2 request_vote SenderVC: map[0:0 1:4 2:1] ReceiverVC: map[0:4 1:4 2:6]}
{-1 -1 Drop Message Fault}
{0 1 pre_vote is dropped SenderVC: map[0:4 1:2 2:3] ReceiverVC: map[0:0 1:4 2:1]}
{2 1 request_vote SenderVC: map[0:4 1:4 2:7] ReceiverVC: map[0:4 1:5 2:7]}
{1 2 append_entries SenderVC: map[0:4 1:6 2:7] ReceiverVC: map[0:4 1:6 2:8]}
{1 0 request_vote SenderVC: map[0:4 1:7 2:7] ReceiverVC: map[0:5 1:7 2:7]}
{1 0 append_entries SenderVC: map[0:4 1:8 2:7] ReceiverVC: map[0:6 1:8 2:7]}
{1 2 append_entries SenderVC: map[0:4 1:9 2:7] ReceiverVC: map[0:4 1:9 2:9]}
{1 2 append_entries SenderVC: map[0:4 1:10 2:7] ReceiverVC: map[0:4 1:10 2:10]}
{-1 -1 Drop Message Fault}
{1 0 append_entries is dropped SenderVC: map[0:4 1:10 2:7] ReceiverVC: map[0:6 1:8 2:7]}
{1 2 append_entries SenderVC: map[0:4 1:11 2:7] ReceiverVC: map[0:4 1:11 2:11]}
{1 2 append_entries SenderVC: map[0:4 1:12 2:7] ReceiverVC: map[0:4 1:12 2:12]}
{1 2 append_entries SenderVC: map[0:4 1:13 2:7] ReceiverVC: map[0:4 1:13 2:13]}
{1 2 append_entries SenderVC: map[0:4 1:14 2:7] ReceiverVC: map[0:4 1:14 2:14]}
{1 2 append_entries SenderVC: map[0:4 1:15 2:7] ReceiverVC: map[0:4 1:15 2:15]}
