{0 1 pre_vote SenderVC: map[0:1 1:0 2:0] ReceiverVC: map[0:1 1:1 2:0]}
{0 2 pre_vote SenderVC: map[0:2 1:0 2:0] ReceiverVC: map[0:2 1:0 2:1]}
{2 0 pre_vote SenderVC: map[0:2 1:0 2:2] ReceiverVC: map[0:3 1:0 2:2]}
{1 0 pre_vote SenderVC: map[0:1 1:2 2:0] ReceiverVC: map[0:4 1:2 2:2]}
{1 2 pre_vote SenderVC: map[0:1 1:3 2:0] ReceiverVC: map[0:2 1:3 2:3]}
{2 1 pre_vote SenderVC: map[0:2 1:3 2:4] ReceiverVC: map[0:2 1:4 2:4]}
{0 2 request_vote SenderVC: map[0:5 1:2 2:2] ReceiverVC: map[0:5 1:3 2:5]}
{0 1 request_vote SenderVC: map[0:6 1:2 2:2] ReceiverVC: map[0:6 1:5 2:4]}
{0 2 append_entries SenderVC: map[0:7 1:2 2:2] ReceiverVC: map[0:7 1:3 2:6]}
{0 1 append_entries SenderVC: map[0:8 1:2 2:2] ReceiverVC: map[0:8 1:6 2:4]}
{-1 -1 Drop Message Fault}
{-1 -1 Drop Message Fault}
{0 1 append_entries is dropped SenderVC: map[0:8 1:2 2:2] ReceiverVC: map[0:8 1:6 2:4]}
{0 2 append_entries SenderVC: map[0:9 1:2 2:2] ReceiverVC: map[0:9 1:3 2:7]}
{-1 -1 Drop Message Fault}
{0 2 append_entries SenderVC: map[0:10 1:2 2:2] ReceiverVC: map[0:10 1:3 2:8]}
{-1 -1 Drop Message Fault}
{0 2 append_entries SenderVC: map[0:11 1:2 2:2] ReceiverVC: map[0:11 1:3 2:9]}
{0 2 append_entries SenderVC: map[0:12 1:2 2:2] ReceiverVC: map[0:12 1:3 2:10]}
{0 2 append_entries SenderVC: map[0:13 1:2 2:2] ReceiverVC: map[0:13 1:3 2:11]}
{0 2 append_entries SenderVC: map[0:14 1:2 2:2] ReceiverVC: map[0:14 1:3 2:12]}
{0 2 append_entries SenderVC: map[0:15 1:2 2:2] ReceiverVC: map[0:15 1:3 2:13]}
{0 2 append_entries SenderVC: map[0:16 1:2 2:2] ReceiverVC: map[0:16 1:3 2:14]}
{0 2 append_entries SenderVC: map[0:17 1:2 2:2] ReceiverVC: map[0:17 1:3 2:15]}
{0 2 append_entries SenderVC: map[0:18 1:2 2:2] ReceiverVC: map[0:18 1:3 2:16]}
{0 2 append_entries SenderVC: map[0:19 1:2 2:2] ReceiverVC: map[0:19 1:3 2:17]}
{0 2 append_entries SenderVC: map[0:20 1:2 2:2] ReceiverVC: map[0:20 1:3 2:18]}
{0 2 append_entries SenderVC: map[0:21 1:2 2:2] ReceiverVC: map[0:21 1:3 2:19]}
{0 2 append_entries SenderVC: map[0:22 1:2 2:2] ReceiverVC: map[0:22 1:3 2:20]}
{0 2 append_entries SenderVC: map[0:23 1:2 2:2] ReceiverVC: map[0:23 1:3 2:21]}
{0 2 append_entries SenderVC: map[0:24 1:2 2:2] ReceiverVC: map[0:24 1:3 2:22]}
{0 2 append_entries SenderVC: map[0:25 1:2 2:2] ReceiverVC: map[0:25 1:3 2:23]}
{0 2 append_entries SenderVC: map[0:26 1:2 2:2] ReceiverVC: map[0:26 1:3 2:24]}
{0 2 append_entries SenderVC: map[0:27 1:2 2:2] ReceiverVC: map[0:27 1:3 2:25]}
{0 2 append_entries SenderVC: map[0:28 1:2 2:2] ReceiverVC: map[0:28 1:3 2:26]}
{0 2 append_entries SenderVC: map[0:29 1:2 2:2] ReceiverVC: map[0:29 1:3 2:27]}
{0 2 append_entries SenderVC: map[0:30 1:2 2:2] ReceiverVC: map[0:30 1:3 2:28]}
{0 2 append_entries SenderVC: map[0:31 1:2 2:2] ReceiverVC: map[0:31 1:3 2:29]}
{0 2 append_entries SenderVC: map[0:32 1:2 2:2] ReceiverVC: map[0:32 1:3 2:30]}
{0 2 append_entries SenderVC: map[0:33 1:2 2:2] ReceiverVC: map[0:33 1:3 2:31]}
{0 2 append_entries SenderVC: map[0:34 1:2 2:2] ReceiverVC: map[0:34 1:3 2:32]}
{0 2 append_entries SenderVC: map[0:35 1:2 2:2] ReceiverVC: map[0:35 1:3 2:33]}
{0 2 append_entries SenderVC: map[0:36 1:2 2:2] ReceiverVC: map[0:36 1:3 2:34]}
{0 2 append_entries SenderVC: map[0:37 1:2 2:2] ReceiverVC: map[0:37 1:3 2:35]}
{0 2 append_entries SenderVC: map[0:38 1:2 2:2] ReceiverVC: map[0:38 1:3 2:36]}
{0 2 append_entries SenderVC: map[0:39 1:2 2:2] ReceiverVC: map[0:39 1:3 2:37]}
{0 2 append_entries SenderVC: map[0:40 1:2 2:2] ReceiverVC: map[0:40 1:3 2:38]}
{0 2 append_entries SenderVC: map[0:41 1:2 2:2] ReceiverVC: map[0:41 1:3 2:39]}
{0 2 append_entries SenderVC: map[0:42 1:2 2:2] ReceiverVC: map[0:42 1:3 2:40]}
{0 2 append_entries SenderVC: map[0:43 1:2 2:2] ReceiverVC: map[0:43 1:3 2:41]}
{0 2 append_entries SenderVC: map[0:44 1:2 2:2] ReceiverVC: map[0:44 1:3 2:42]}
{0 2 append_entries SenderVC: map[0:45 1:2 2:2] ReceiverVC: map[0:45 1:3 2:43]}
{0 2 append_entries SenderVC: map[0:46 1:2 2:2] ReceiverVC: map[0:46 1:3 2:44]}
{0 2 append_entries SenderVC: map[0:47 1:2 2:2] ReceiverVC: map[0:47 1:3 2:45]}
{0 2 append_entries SenderVC: map[0:48 1:2 2:2] ReceiverVC: map[0:48 1:3 2:46]}
