{1 2 pre_vote SenderVC: map[0:0 1:1 2:0] ReceiverVC: map[0:0 1:1 2:1]}
{2 0 pre_vote SenderVC: map[0:0 1:1 2:2] ReceiverVC: map[0:1 1:1 2:2]}
{0 2 pre_vote SenderVC: map[0:2 1:1 2:2] ReceiverVC: map[0:2 1:1 2:3]}
{1 0 pre_vote SenderVC: map[0:0 1:2 2:0] ReceiverVC: map[0:3 1:2 2:2]}
{2 1 pre_vote SenderVC: map[0:2 1:1 2:4] ReceiverVC: map[0:2 1:3 2:4]}
{0 1 pre_vote SenderVC: map[0:4 1:2 2:2] ReceiverVC: map[0:4 1:4 2:4]}
{2 0 request_vote SenderVC: map[0:2 1:1 2:5] ReceiverVC: map[0:5 1:2 2:5]}
{2 0 append_entries SenderVC: map[0:2 1:1 2:6] ReceiverVC: map[0:6 1:2 2:6]}
{2 1 request_vote SenderVC: map[0:2 1:1 2:7] ReceiverVC: map[0:4 1:5 2:7]}
{-1 -1 Drop Message Fault}
{2 1 append_entries is dropped SenderVC: map[0:2 1:1 2:7] ReceiverVC: map[0:4 1:5 2:7]}
{-1 -1 Drop Message Fault}
{2 0 append_entries SenderVC: map[0:2 1:1 2:8] ReceiverVC: map[0:7 1:2 2:8]}
{2 0 append_entries SenderVC: map[0:2 1:1 2:9] ReceiverVC: map[0:8 1:2 2:9]}
{1 0 pre_vote SenderVC: map[0:4 1:6 2:7] ReceiverVC: map[0:9 1:6 2:9]}
{1 2 pre_vote SenderVC: map[0:4 1:7 2:7] ReceiverVC: map[0:4 1:7 2:10]}
{2 1 pre_vote SenderVC: map[0:4 1:7 2:11] ReceiverVC: map[0:4 1:8 2:11]}
{2 0 pre_vote SenderVC: map[0:4 1:7 2:12] ReceiverVC: map[0:10 1:7 2:12]}
{2 0 request_vote SenderVC: map[0:4 1:7 2:13] ReceiverVC: map[0:11 1:7 2:13]}
{2 1 request_vote SenderVC: map[0:4 1:7 2:14] ReceiverVC: map[0:4 1:9 2:14]}
{1 0 pre_vote SenderVC: map[0:4 1:10 2:14] ReceiverVC: map[0:12 1:10 2:14]}
{1 2 pre_vote SenderVC: map[0:4 1:11 2:14] ReceiverVC: map[0:4 1:11 2:15]}
