{1 2 pre_vote SenderVC: map[0:0 1:1 2:0] ReceiverVC: map[0:0 1:1 2:1]}
{1 0 pre_vote SenderVC: map[0:0 1:2 2:0] ReceiverVC: map[0:1 1:2 2:0]}
{0 2 pre_vote SenderVC: map[0:2 1:2 2:0] ReceiverVC: map[0:2 1:2 2:2]}
{0 2 request_vote SenderVC: map[0:3 1:2 2:0] ReceiverVC: map[0:3 1:2 2:3]}
{2 0 pre_vote SenderVC: map[0:3 1:2 2:4] ReceiverVC: map[0:4 1:2 2:4]}
{0 2 append_entries SenderVC: map[0:5 1:2 2:4] ReceiverVC: map[0:5 1:2 2:5]}
{2 1 pre_vote SenderVC: map[0:5 1:2 2:6] ReceiverVC: map[0:5 1:3 2:6]}
{0 1 pre_vote SenderVC: map[0:6 1:2 2:4] ReceiverVC: map[0:6 1:4 2:6]}
{0 1 request_vote SenderVC: map[0:7 1:2 2:4] ReceiverVC: map[0:7 1:5 2:6]}
{1 0 request_vote SenderVC: map[0:7 1:6 2:6] ReceiverVC: map[0:8 1:6 2:6]}
{0 1 append_entries SenderVC: map[0:9 1:6 2:6] ReceiverVC: map[0:9 1:7 2:6]}
{1 2 request_vote SenderVC: map[0:9 1:8 2:6] ReceiverVC: map[0:9 1:8 2:7]}
{0 2 append_entries SenderVC: map[0:10 1:6 2:6] ReceiverVC: map[0:10 1:8 2:8]}
{-1 -1 Drop Message Fault}
{0 1 append_entries SenderVC: map[0:11 1:6 2:6] ReceiverVC: map[0:11 1:9 2:6]}
{-1 -1 Drop Message Fault}
{0 2 append_entries is dropped SenderVC: map[0:11 1:6 2:6] ReceiverVC: map[0:10 1:8 2:8]}
{0 1 append_entries SenderVC: map[0:12 1:6 2:6] ReceiverVC: map[0:12 1:10 2:6]}
{0 1 append_entries SenderVC: map[0:13 1:6 2:6] ReceiverVC: map[0:13 1:11 2:6]}
{-1 -1 Drop Message Fault}
{0 1 append_entries SenderVC: map[0:14 1:6 2:6] ReceiverVC: map[0:14 1:12 2:6]}
{0 1 append_entries SenderVC: map[0:15 1:6 2:6] ReceiverVC: map[0:15 1:13 2:6]}
{-1 -1 Drop Message Fault}
{0 1 append_entries SenderVC: map[0:16 1:6 2:6] ReceiverVC: map[0:16 1:14 2:6]}
{0 1 append_entries SenderVC: map[0:17 1:6 2:6] ReceiverVC: map[0:17 1:15 2:6]}
{0 1 append_entries SenderVC: map[0:18 1:6 2:6] ReceiverVC: map[0:18 1:16 2:6]}
{0 1 append_entries SenderVC: map[0:19 1:6 2:6] ReceiverVC: map[0:19 1:17 2:6]}
{0 1 append_entries SenderVC: map[0:20 1:6 2:6] ReceiverVC: map[0:20 1:18 2:6]}
{0 1 append_entries SenderVC: map[0:21 1:6 2:6] ReceiverVC: map[0:21 1:19 2:6]}
{0 1 append_entries SenderVC: map[0:22 1:6 2:6] ReceiverVC: map[0:22 1:20 2:6]}
{0 1 append_entries SenderVC: map[0:23 1:6 2:6] ReceiverVC: map[0:23 1:21 2:6]}
