{2 0 pre_vote SenderVC: map[0:0 1:0 2:1] ReceiverVC: map[0:1 1:0 2:1]}
{2 0 request_vote SenderVC: map[0:0 1:0 2:2] ReceiverVC: map[0:2 1:0 2:2]}
{2 1 pre_vote SenderVC: map[0:0 1:0 2:3] ReceiverVC: map[0:0 1:1 2:3]}
{2 0 append_entries SenderVC: map[0:0 1:0 2:4] ReceiverVC: map[0:3 1:0 2:4]}
{2 1 request_vote SenderVC: map[0:0 1:0 2:5] ReceiverVC: map[0:0 1:2 2:5]}
{2 1 append_entries SenderVC: map[0:0 1:0 2:6] ReceiverVC: map[0:0 1:3 2:6]}
{-1 -1 Drop Message Fault}
{-1 -1 Drop Message Fault}
{2 0 append_entries SenderVC: map[0:0 1:0 2:7] ReceiverVC: map[0:4 1:0 2:7]}
{2 1 append_entries SenderVC: map[0:0 1:0 2:8] ReceiverVC: map[0:0 1:4 2:8]}
{-1 -1 Drop Message Fault}
{-1 -1 Drop Message Fault}
{2 0 append_entries is dropped SenderVC: map[0:0 1:0 2:8] ReceiverVC: map[0:4 1:0 2:7]}
{2 1 append_entries SenderVC: map[0:0 1:0 2:9] ReceiverVC: map[0:0 1:5 2:9]}
{2 1 append_entries SenderVC: map[0:0 1:0 2:10] ReceiverVC: map[0:0 1:6 2:10]}
{2 1 append_entries SenderVC: map[0:0 1:0 2:11] ReceiverVC: map[0:0 1:7 2:11]}
{2 1 append_entries SenderVC: map[0:0 1:0 2:12] ReceiverVC: map[0:0 1:8 2:12]}
{2 1 append_entries SenderVC: map[0:0 1:0 2:13] ReceiverVC: map[0:0 1:9 2:13]}
{2 1 append_entries SenderVC: map[0:0 1:0 2:14] ReceiverVC: map[0:0 1:10 2:14]}
{2 1 append_entries SenderVC: map[0:0 1:0 2:15] ReceiverVC: map[0:0 1:11 2:15]}
{2 1 append_entries SenderVC: map[0:0 1:0 2:16] ReceiverVC: map[0:0 1:12 2:16]}
{2 1 append_entries SenderVC: map[0:0 1:0 2:17] ReceiverVC: map[0:0 1:13 2:17]}
{2 1 append_entries SenderVC: map[0:0 1:0 2:18] ReceiverVC: map[0:0 1:14 2:18]}
{2 1 append_entries SenderVC: map[0:0 1:0 2:19] ReceiverVC: map[0:0 1:15 2:19]}
{2 1 append_entries SenderVC: map[0:0 1:0 2:20] ReceiverVC: map[0:0 1:16 2:20]}
{2 1 append_entries SenderVC: map[0:0 1:0 2:21] ReceiverVC: map[0:0 1:17 2:21]}
{2 1 append_entries SenderVC: map[0:0 1:0 2:22] ReceiverVC: map[0:0 1:18 2:22]}
{2 1 append_entries SenderVC: map[0:0 1:0 2:23] ReceiverVC: map[0:0 1:19 2:23]}
{2 1 append_entries SenderVC: map[0:0 1:0 2:24] ReceiverVC: map[0:0 1:20 2:24]}
{2 1 append_entries SenderVC: map[0:0 1:0 2:25] ReceiverVC: map[0:0 1:21 2:25]}
{2 1 append_entries SenderVC: map[0:0 1:0 2:26] ReceiverVC: map[0:0 1:22 2:26]}
{2 1 append_entries SenderVC: map[0:0 1:0 2:27] ReceiverVC: map[0:0 1:23 2:27]}
{2 1 append_entries SenderVC: map[0:0 1:0 2:28] ReceiverVC: map[0:0 1:24 2:28]}
{2 1 append_entries SenderVC: map[0:0 1:0 2:29] ReceiverVC: map[0:0 1:25 2:29]}
{2 1 append_entries SenderVC: map[0:0 1:0 2:30] ReceiverVC: map[0:0 1:26 2:30]}
{2 1 append_entries SenderVC: map[0:0 1:0 2:31] ReceiverVC: map[0:0 1:27 2:31]}
{2 1 append_entries SenderVC: map[0:0 1:0 2:32] ReceiverVC: map[0:0 1:28 2:32]}
{2 1 append_entries SenderVC: map[0:0 1:0 2:33] ReceiverVC: map[0:0 1:29 2:33]}
{2 1 append_entries SenderVC: map[0:0 1:0 2:34] ReceiverVC: map[0:0 1:30 2:34]}
{2 1 append_entries SenderVC: map[0:0 1:0 2:35] ReceiverVC: map[0:0 1:31 2:35]}
{2 1 append_entries SenderVC: map[0:0 1:0 2:36] ReceiverVC: map[0:0 1:32 2:36]}
{2 1 append_entries SenderVC: map[0:0 1:0 2:37] ReceiverVC: map[0:0 1:33 2:37]}
{2 1 append_entries SenderVC: map[0:0 1:0 2:38] ReceiverVC: map[0:0 1:34 2:38]}
{2 1 append_entries SenderVC: map[0:0 1:0 2:39] ReceiverVC: map[0:0 1:35 2:39]}
{2 1 append_entries SenderVC: map[0:0 1:0 2:40] ReceiverVC: map[0:0 1:36 2:40]}
{2 1 append_entries SenderVC: map[0:0 1:0 2:41] ReceiverVC: map[0:0 1:37 2:41]}
{2 1 append_entries SenderVC: map[0:0 1:0 2:42] ReceiverVC: map[0:0 1:38 2:42]}
{2 1 append_entries SenderVC: map[0:0 1:0 2:43] ReceiverVC: map[0:0 1:39 2:43]}
{2 1 append_entries SenderVC: map[0:0 1:0 2:44] ReceiverVC: map[0:0 1:40 2:44]}
{2 1 append_entries SenderVC: map[0:0 1:0 2:45] ReceiverVC: map[0:0 1:41 2:45]}
{2 1 append_entries SenderVC: map[0:0 1:0 2:46] ReceiverVC: map[0:0 1:42 2:46]}
{2 1 append_entries SenderVC: map[0:0 1:0 2:47] ReceiverVC: map[0:0 1:43 2:47]}
{2 1 append_entries SenderVC: map[0:0 1:0 2:48] ReceiverVC: map[0:0 1:44 2:48]}
{2 1 append_entries SenderVC: map[0:0 1:0 2:49] ReceiverVC: map[0:0 1:45 2:49]}
{2 1 append_entries SenderVC: map[0:0 1:0 2:50] ReceiverVC: map[0:0 1:46 2:50]}
