{1 0 pre_vote SenderVC: map[0:0 1:1 2:0] ReceiverVC: map[0:1 1:1 2:0]}
{0 1 pre_vote SenderVC: map[0:2 1:1 2:0] ReceiverVC: map[0:2 1:2 2:0]}
{2 1 pre_vote SenderVC: map[0:0 1:0 2:1] ReceiverVC: map[0:2 1:3 2:1]}
{1 2 pre_vote SenderVC: map[0:2 1:4 2:1] ReceiverVC: map[0:2 1:4 2:2]}
{0 2 pre_vote SenderVC: map[0:3 1:1 2:0] ReceiverVC: map[0:3 1:4 2:3]}
{1 2 request_vote SenderVC: map[0:2 1:5 2:1] ReceiverVC: map[0:3 1:5 2:4]}
{2 0 pre_vote SenderVC: map[0:3 1:5 2:5] ReceiverVC: map[0:4 1:5 2:5]}
{1 0 request_vote SenderVC: map[0:2 1:6 2:1] ReceiverVC: map[0:5 1:6 2:5]}
{1 0 append_entries SenderVC: map[0:2 1:7 2:1] ReceiverVC: map[0:6 1:7 2:5]}
{1 2 append_entries SenderVC: map[0:2 1:8 2:1] ReceiverVC: map[0:3 1:8 2:6]}
{-1 -1 Drop Message Fault}
{-1 -1 Drop Message Fault}
{1 0 append_entries is dropped SenderVC: map[0:2 1:8 2:1] ReceiverVC: map[0:6 1:7 2:5]}
{1 2 append_entries SenderVC: map[0:2 1:9 2:1] ReceiverVC: map[0:3 1:9 2:7]}
{-1 -1 Drop Message Fault}
{-1 -1 Drop Message Fault}
{1 2 append_entries is dropped SenderVC: map[0:2 1:9 2:1] ReceiverVC: map[0:3 1:9 2:7]}
{1 2 pre_vote SenderVC: map[0:2 1:10 2:1] ReceiverVC: map[0:3 1:10 2:8]}
{1 0 request_vote SenderVC: map[0:2 1:11 2:1] ReceiverVC: map[0:7 1:11 2:5]}
{1 2 request_vote SenderVC: map[0:2 1:12 2:1] ReceiverVC: map[0:3 1:12 2:9]}
{1 0 append_entries SenderVC: map[0:2 1:13 2:1] ReceiverVC: map[0:8 1:13 2:5]}
{1 2 append_entries SenderVC: map[0:2 1:14 2:1] ReceiverVC: map[0:3 1:14 2:10]}
{1 0 pre_vote SenderVC: map[0:2 1:15 2:1] ReceiverVC: map[0:9 1:15 2:5]}
{1 0 append_entries SenderVC: map[0:2 1:16 2:1] ReceiverVC: map[0:10 1:16 2:5]}
{1 2 append_entries SenderVC: map[0:2 1:17 2:1] ReceiverVC: map[0:3 1:17 2:11]}
{1 2 append_entries SenderVC: map[0:2 1:18 2:1] ReceiverVC: map[0:3 1:18 2:12]}
{1 2 append_entries SenderVC: map[0:2 1:19 2:1] ReceiverVC: map[0:3 1:19 2:13]}
{1 0 append_entries SenderVC: map[0:2 1:20 2:1] ReceiverVC: map[0:11 1:20 2:5]}
{1 2 append_entries SenderVC: map[0:2 1:21 2:1] ReceiverVC: map[0:3 1:21 2:14]}
{1 0 append_entries SenderVC: map[0:2 1:22 2:1] ReceiverVC: map[0:12 1:22 2:5]}
{1 2 append_entries SenderVC: map[0:2 1:23 2:1] ReceiverVC: map[0:3 1:23 2:15]}
{1 0 append_entries SenderVC: map[0:2 1:24 2:1] ReceiverVC: map[0:13 1:24 2:5]}
{1 0 append_entries SenderVC: map[0:2 1:25 2:1] ReceiverVC: map[0:14 1:25 2:5]}
{1 0 append_entries SenderVC: map[0:2 1:26 2:1] ReceiverVC: map[0:15 1:26 2:5]}
{1 0 append_entries SenderVC: map[0:2 1:27 2:1] ReceiverVC: map[0:16 1:27 2:5]}
{1 0 append_entries SenderVC: map[0:2 1:28 2:1] ReceiverVC: map[0:17 1:28 2:5]}
{1 0 append_entries SenderVC: map[0:2 1:29 2:1] ReceiverVC: map[0:18 1:29 2:5]}
{1 2 append_entries SenderVC: map[0:2 1:30 2:1] ReceiverVC: map[0:3 1:30 2:16]}
{1 2 append_entries SenderVC: map[0:2 1:31 2:1] ReceiverVC: map[0:3 1:31 2:17]}
