{1 2 pre_vote SenderVC: map[0:0 1:1 2:0] ReceiverVC: map[0:0 1:1 2:1]}
{1 0 pre_vote SenderVC: map[0:0 1:2 2:0] ReceiverVC: map[0:1 1:2 2:0]}
{2 1 pre_vote SenderVC: map[0:0 1:1 2:2] ReceiverVC: map[0:0 1:3 2:2]}
{0 2 pre_vote SenderVC: map[0:2 1:2 2:0] ReceiverVC: map[0:2 1:2 2:3]}
{2 0 pre_vote SenderVC: map[0:2 1:2 2:4] ReceiverVC: map[0:3 1:2 2:4]}
{1 2 request_vote SenderVC: map[0:0 1:4 2:2] ReceiverVC: map[0:2 1:4 2:5]}
{0 1 pre_vote SenderVC: map[0:4 1:2 2:4] ReceiverVC: map[0:4 1:5 2:4]}
{1 2 append_entries SenderVC: map[0:4 1:6 2:4] ReceiverVC: map[0:4 1:6 2:6]}
{1 0 request_vote SenderVC: map[0:4 1:7 2:4] ReceiverVC: map[0:5 1:7 2:4]}
{1 0 append_entries SenderVC: map[0:4 1:8 2:4] ReceiverVC: map[0:6 1:8 2:4]}
{1 0 append_entries SenderVC: map[0:4 1:9 2:4] ReceiverVC: map[0:7 1:9 2:4]}
{-1 -1 Drop Message Fault}
{1 0 append_entries is dropped SenderVC: map[0:4 1:9 2:4] ReceiverVC: map[0:7 1:9 2:4]}
{1 2 append_entries SenderVC: map[0:4 1:10 2:4] ReceiverVC: map[0:4 1:10 2:7]}
{-1 -1 Drop Message Fault}
{1 2 append_entries SenderVC: map[0:4 1:11 2:4] ReceiverVC: map[0:4 1:11 2:8]}
{-1 -1 Drop Message Fault}
{1 2 append_entries SenderVC: map[0:4 1:12 2:4] ReceiverVC: map[0:4 1:12 2:9]}
{-1 -1 Drop Message Fault}
{1 2 append_entries SenderVC: map[0:4 1:13 2:4] ReceiverVC: map[0:4 1:13 2:10]}
{1 2 append_entries SenderVC: map[0:4 1:14 2:4] ReceiverVC: map[0:4 1:14 2:11]}
{1 2 append_entries SenderVC: map[0:4 1:15 2:4] ReceiverVC: map[0:4 1:15 2:12]}
{1 2 append_entries SenderVC: map[0:4 1:16 2:4] ReceiverVC: map[0:4 1:16 2:13]}
{1 2 append_entries SenderVC: map[0:4 1:17 2:4] ReceiverVC: map[0:4 1:17 2:14]}
{1 2 append_entries SenderVC: map[0:4 1:18 2:4] ReceiverVC: map[0:4 1:18 2:15]}
{1 2 append_entries SenderVC: map[0:4 1:19 2:4] ReceiverVC: map[0:4 1:19 2:16]}
{1 2 append_entries SenderVC: map[0:4 1:20 2:4] ReceiverVC: map[0:4 1:20 2:17]}
{1 2 append_entries SenderVC: map[0:4 1:21 2:4] ReceiverVC: map[0:4 1:21 2:18]}
{1 2 append_entries SenderVC: map[0:4 1:22 2:4] ReceiverVC: map[0:4 1:22 2:19]}
{1 2 append_entries SenderVC: map[0:4 1:23 2:4] ReceiverVC: map[0:4 1:23 2:20]}
{1 2 append_entries SenderVC: map[0:4 1:24 2:4] ReceiverVC: map[0:4 1:24 2:21]}
{1 2 append_entries SenderVC: map[0:4 1:25 2:4] ReceiverVC: map[0:4 1:25 2:22]}
{1 2 append_entries SenderVC: map[0:4 1:26 2:4] ReceiverVC: map[0:4 1:26 2:23]}
{1 2 append_entries SenderVC: map[0:4 1:27 2:4] ReceiverVC: map[0:4 1:27 2:24]}
{1 2 append_entries SenderVC: map[0:4 1:28 2:4] ReceiverVC: map[0:4 1:28 2:25]}
{1 2 append_entries SenderVC: map[0:4 1:29 2:4] ReceiverVC: map[0:4 1:29 2:26]}
{1 2 append_entries SenderVC: map[0:4 1:30 2:4] ReceiverVC: map[0:4 1:30 2:27]}
{1 2 append_entries SenderVC: map[0:4 1:31 2:4] ReceiverVC: map[0:4 1:31 2:28]}
{1 2 append_entries SenderVC: map[0:4 1:32 2:4] ReceiverVC: map[0:4 1:32 2:29]}
{1 2 append_entries SenderVC: map[0:4 1:33 2:4] ReceiverVC: map[0:4 1:33 2:30]}
{1 2 append_entries SenderVC: map[0:4 1:34 2:4] ReceiverVC: map[0:4 1:34 2:31]}
{1 2 append_entries SenderVC: map[0:4 1:35 2:4] ReceiverVC: map[0:4 1:35 2:32]}
{1 2 append_entries SenderVC: map[0:4 1:36 2:4] ReceiverVC: map[0:4 1:36 2:33]}
