{2 1 pre_vote SenderVC: map[0:0 1:0 2:1] ReceiverVC: map[0:0 1:1 2:1]}
{0 1 pre_vote SenderVC: map[0:1 1:0 2:0] ReceiverVC: map[0:1 1:2 2:1]}
{1 0 pre_vote SenderVC: map[0:1 1:3 2:1] ReceiverVC: map[0:2 1:3 2:1]}
{1 2 pre_vote SenderVC: map[0:1 1:4 2:1] ReceiverVC: map[0:1 1:4 2:2]}
{0 2 pre_vote SenderVC: map[0:3 1:3 2:1] ReceiverVC: map[0:3 1:4 2:3]}
{2 1 request_vote SenderVC: map[0:3 1:4 2:4] ReceiverVC: map[0:3 1:5 2:4]}
{0 1 request_vote SenderVC: map[0:4 1:3 2:1] ReceiverVC: map[0:4 1:6 2:4]}
{2 1 append_entries SenderVC: map[0:3 1:4 2:5] ReceiverVC: map[0:4 1:7 2:5]}
{-1 -1 Drop Message Fault}
{2 0 pre_vote is dropped SenderVC: map[0:3 1:4 2:5] ReceiverVC: map[0:4 1:3 2:1]}
{-1 -1 Drop Message Fault}
{2 0 request_vote is dropped SenderVC: map[0:3 1:4 2:5] ReceiverVC: map[0:4 1:3 2:1]}
{-1 -1 Drop Message Fault}
{2 0 append_entries is dropped SenderVC: map[0:3 1:4 2:5] ReceiverVC: map[0:4 1:3 2:1]}
{0 2 request_vote SenderVC: map[0:5 1:3 2:1] ReceiverVC: map[0:5 1:4 2:6]}
{-1 -1 Drop Message Fault}
{2 1 append_entries SenderVC: map[0:5 1:4 2:7] ReceiverVC: map[0:5 1:8 2:7]}
{2 1 append_entries SenderVC: map[0:5 1:4 2:8] ReceiverVC: map[0:5 1:9 2:8]}
{2 1 append_entries SenderVC: map[0:5 1:4 2:9] ReceiverVC: map[0:5 1:10 2:9]}
{2 1 append_entries SenderVC: map[0:5 1:4 2:10] ReceiverVC: map[0:5 1:11 2:10]}
{2 1 append_entries SenderVC: map[0:5 1:4 2:11] ReceiverVC: map[0:5 1:12 2:11]}
{2 1 append_entries SenderVC: map[0:5 1:4 2:12] ReceiverVC: map[0:5 1:13 2:12]}
{2 1 append_entries SenderVC: map[0:5 1:4 2:13] ReceiverVC: map[0:5 1:14 2:13]}
{2 1 append_entries SenderVC: map[0:5 1:4 2:14] ReceiverVC: map[0:5 1:15 2:14]}
{2 1 append_entries SenderVC: map[0:5 1:4 2:15] ReceiverVC: map[0:5 1:16 2:15]}
{2 1 append_entries SenderVC: map[0:5 1:4 2:16] ReceiverVC: map[0:5 1:17 2:16]}
{2 1 append_entries SenderVC: map[0:5 1:4 2:17] ReceiverVC: map[0:5 1:18 2:17]}
{2 1 append_entries SenderVC: map[0:5 1:4 2:18] ReceiverVC: map[0:5 1:19 2:18]}
{2 1 append_entries SenderVC: map[0:5 1:4 2:19] ReceiverVC: map[0:5 1:20 2:19]}
{0 2 pre_vote SenderVC: map[0:6 1:3 2:1] ReceiverVC: map[0:6 1:4 2:20]}
{0 1 pre_vote SenderVC: map[0:7 1:3 2:1] ReceiverVC: map[0:7 1:21 2:19]}
{2 1 append_entries SenderVC: map[0:6 1:4 2:21] ReceiverVC: map[0:7 1:22 2:21]}
{2 1 append_entries SenderVC: map[0:6 1:4 2:22] ReceiverVC: map[0:7 1:23 2:22]}
{2 1 append_entries SenderVC: map[0:6 1:4 2:23] ReceiverVC: map[0:7 1:24 2:23]}
{2 1 append_entries SenderVC: map[0:6 1:4 2:24] ReceiverVC: map[0:7 1:25 2:24]}
{2 1 append_entries SenderVC: map[0:6 1:4 2:25] ReceiverVC: map[0:7 1:26 2:25]}
{2 1 append_entries SenderVC: map[0:6 1:4 2:26] ReceiverVC: map[0:7 1:27 2:26]}
{2 1 append_entries SenderVC: map[0:6 1:4 2:27] ReceiverVC: map[0:7 1:28 2:27]}
{2 1 append_entries SenderVC: map[0:6 1:4 2:28] ReceiverVC: map[0:7 1:29 2:28]}
{2 1 append_entries SenderVC: map[0:6 1:4 2:29] ReceiverVC: map[0:7 1:30 2:29]}
{2 1 append_entries SenderVC: map[0:6 1:4 2:30] ReceiverVC: map[0:7 1:31 2:30]}
{2 1 append_entries SenderVC: map[0:6 1:4 2:31] ReceiverVC: map[0:7 1:32 2:31]}
{2 1 append_entries SenderVC: map[0:6 1:4 2:32] ReceiverVC: map[0:7 1:33 2:32]}
{0 1 pre_vote SenderVC: map[0:8 1:3 2:1] ReceiverVC: map[0:8 1:34 2:32]}
{0 2 pre_vote SenderVC: map[0:9 1:3 2:1] ReceiverVC: map[0:9 1:4 2:33]}
{2 1 append_entries SenderVC: map[0:9 1:4 2:34] ReceiverVC: map[0:9 1:35 2:34]}
{2 1 append_entries SenderVC: map[0:9 1:4 2:35] ReceiverVC: map[0:9 1:36 2:35]}
{2 1 append_entries SenderVC: map[0:9 1:4 2:36] ReceiverVC: map[0:9 1:37 2:36]}
{2 1 append_entries SenderVC: map[0:9 1:4 2:37] ReceiverVC: map[0:9 1:38 2:37]}
{2 1 append_entries SenderVC: map[0:9 1:4 2:38] ReceiverVC: map[0:9 1:39 2:38]}
{2 1 append_entries SenderVC: map[0:9 1:4 2:39] ReceiverVC: map[0:9 1:40 2:39]}
{2 1 append_entries SenderVC: map[0:9 1:4 2:40] ReceiverVC: map[0:9 1:41 2:40]}
{2 1 append_entries SenderVC: map[0:9 1:4 2:41] ReceiverVC: map[0:9 1:42 2:41]}
{2 1 append_entries SenderVC: map[0:9 1:4 2:42] ReceiverVC: map[0:9 1:43 2:42]}
{2 1 append_entries SenderVC: map[0:9 1:4 2:43] ReceiverVC: map[0:9 1:44 2:43]}
{0 2 pre_vote SenderVC: map[0:10 1:3 2:1] ReceiverVC: map[0:10 1:4 2:44]}
{0 1 pre_vote SenderVC: map[0:11 1:3 2:1] ReceiverVC: map[0:11 1:45 2:43]}
