{2 0 pre_vote SenderVC: map[0:0 1:0 2:1] ReceiverVC: map[0:1 1:0 2:1]}
{1 0 pre_vote SenderVC: map[0:0 1:1 2:0] ReceiverVC: map[0:2 1:1 2:1]}
{0 1 pre_vote SenderVC: map[0:3 1:1 2:1] ReceiverVC: map[0:3 1:2 2:1]}
{0 2 pre_vote SenderVC: map[0:4 1:1 2:1] ReceiverVC: map[0:4 1:1 2:2]}
{1 2 pre_vote SenderVC: map[0:3 1:3 2:1] ReceiverVC: map[0:4 1:3 2:3]}
{-1 -1 Drop Message Fault}
{1 2 request_vote is dropped SenderVC: map[0:3 1:3 2:1] ReceiverVC: map[0:4 1:3 2:3]}
{-1 -1 Drop Message Fault}
{1 0 request_vote is dropped SenderVC: map[0:3 1:3 2:1] ReceiverVC: map[0:4 1:1 2:1]}
{2 1 pre_vote SenderVC: map[0:4 1:3 2:4] ReceiverVC: map[0:4 1:4 2:4]}
{-1 -1 Drop Message Fault}
{-1 -1 Drop Message Fault}
{2 1 pre_vote SenderVC: map[0:4 1:3 2:5] ReceiverVC: map[0:4 1:5 2:5]}
{2 0 pre_vote SenderVC: map[0:4 1:3 2:6] ReceiverVC: map[0:5 1:3 2:6]}
{0 2 pre_vote SenderVC: map[0:6 1:3 2:6] ReceiverVC: map[0:6 1:3 2:7]}
{0 2 request_vote SenderVC: map[0:7 1:3 2:6] ReceiverVC: map[0:7 1:3 2:8]}
{0 1 pre_vote SenderVC: map[0:8 1:3 2:6] ReceiverVC: map[0:8 1:6 2:6]}
{0 1 request_vote SenderVC: map[0:9 1:3 2:6] ReceiverVC: map[0:9 1:7 2:6]}
{2 0 pre_vote SenderVC: map[0:7 1:3 2:9] ReceiverVC: map[0:10 1:3 2:9]}
{2 1 pre_vote SenderVC: map[0:7 1:3 2:10] ReceiverVC: map[0:9 1:8 2:10]}
{2 1 request_vote SenderVC: map[0:7 1:3 2:11] ReceiverVC: map[0:9 1:9 2:11]}
{2 0 request_vote SenderVC: map[0:7 1:3 2:12] ReceiverVC: map[0:11 1:3 2:12]}
{1 0 pre_vote SenderVC: map[0:9 1:10 2:11] ReceiverVC: map[0:12 1:10 2:12]}
{1 2 pre_vote SenderVC: map[0:9 1:11 2:11] ReceiverVC: map[0:9 1:11 2:13]}
{0 2 pre_vote SenderVC: map[0:13 1:10 2:12] ReceiverVC: map[0:13 1:11 2:14]}
{0 1 pre_vote SenderVC: map[0:14 1:10 2:12] ReceiverVC: map[0:14 1:12 2:12]}
{1 0 pre_vote SenderVC: map[0:14 1:13 2:12] ReceiverVC: map[0:15 1:13 2:12]}
{1 2 pre_vote SenderVC: map[0:14 1:14 2:12] ReceiverVC: map[0:14 1:14 2:15]}
{1 2 request_vote SenderVC: map[0:14 1:15 2:12] ReceiverVC: map[0:14 1:15 2:16]}
{1 0 request_vote SenderVC: map[0:14 1:16 2:12] ReceiverVC: map[0:16 1:16 2:12]}
{1 2 append_entries SenderVC: map[0:14 1:17 2:12] ReceiverVC: map[0:14 1:17 2:17]}
{1 0 append_entries SenderVC: map[0:14 1:18 2:12] ReceiverVC: map[0:17 1:18 2:12]}
{1 2 append_entries SenderVC: map[0:14 1:19 2:12] ReceiverVC: map[0:14 1:19 2:18]}
{1 0 append_entries SenderVC: map[0:14 1:20 2:12] ReceiverVC: map[0:18 1:20 2:12]}
{1 2 append_entries SenderVC: map[0:14 1:21 2:12] ReceiverVC: map[0:14 1:21 2:19]}
{1 0 append_entries SenderVC: map[0:14 1:22 2:12] ReceiverVC: map[0:19 1:22 2:12]}
{1 0 append_entries SenderVC: map[0:14 1:23 2:12] ReceiverVC: map[0:20 1:23 2:12]}
{1 2 append_entries SenderVC: map[0:14 1:24 2:12] ReceiverVC: map[0:14 1:24 2:20]}
{1 2 append_entries SenderVC: map[0:14 1:25 2:12] ReceiverVC: map[0:14 1:25 2:21]}
{1 0 append_entries SenderVC: map[0:14 1:26 2:12] ReceiverVC: map[0:21 1:26 2:12]}
{1 2 append_entries SenderVC: map[0:14 1:27 2:12] ReceiverVC: map[0:14 1:27 2:22]}
{1 0 append_entries SenderVC: map[0:14 1:28 2:12] ReceiverVC: map[0:22 1:28 2:12]}
{1 0 append_entries SenderVC: map[0:14 1:29 2:12] ReceiverVC: map[0:23 1:29 2:12]}
{1 0 append_entries SenderVC: map[0:14 1:30 2:12] ReceiverVC: map[0:24 1:30 2:12]}
