{1 2 pre_vote SenderVC: map[0:0 1:1 2:0] ReceiverVC: map[0:0 1:1 2:1]}
{-1 -1 Drop Message Fault}
{1 0 pre_vote is dropped SenderVC: map[0:0 1:1 2:0] ReceiverVC: map[0:0 1:0 2:0]}
{0 2 pre_vote SenderVC: map[0:1 1:0 2:0] ReceiverVC: map[0:1 1:1 2:2]}
{0 1 pre_vote SenderVC: map[0:2 1:0 2:0] ReceiverVC: map[0:2 1:2 2:0]}
{0 1 request_vote SenderVC: map[0:3 1:0 2:0] ReceiverVC: map[0:3 1:3 2:0]}
{-1 -1 Drop Message Fault}
{2 1 pre_vote is dropped SenderVC: map[0:1 1:1 2:2] ReceiverVC: map[0:3 1:3 2:0]}
{2 0 pre_vote SenderVC: map[0:1 1:1 2:3] ReceiverVC: map[0:4 1:1 2:3]}
{0 2 request_vote SenderVC: map[0:5 1:1 2:3] ReceiverVC: map[0:5 1:1 2:4]}
{0 2 append_entries SenderVC: map[0:6 1:1 2:3] ReceiverVC: map[0:6 1:1 2:5]}
{0 1 append_entries SenderVC: map[0:7 1:1 2:3] ReceiverVC: map[0:7 1:4 2:3]}
{0 2 append_entries SenderVC: map[0:8 1:1 2:3] ReceiverVC: map[0:8 1:1 2:6]}
{0 1 append_entries SenderVC: map[0:9 1:1 2:3] ReceiverVC: map[0:9 1:5 2:3]}
{0 1 append_entries SenderVC: map[0:10 1:1 2:3] ReceiverVC: map[0:10 1:6 2:3]}
{0 2 append_entries SenderVC: map[0:11 1:1 2:3] ReceiverVC: map[0:11 1:1 2:7]}
{0 1 append_entries SenderVC: map[0:12 1:1 2:3] ReceiverVC: map[0:12 1:7 2:3]}
{0 1 append_entries SenderVC: map[0:13 1:1 2:3] ReceiverVC: map[0:13 1:8 2:3]}
{0 2 append_entries SenderVC: map[0:14 1:1 2:3] ReceiverVC: map[0:14 1:1 2:8]}
{0 2 append_entries SenderVC: map[0:15 1:1 2:3] ReceiverVC: map[0:15 1:1 2:9]}
{0 1 append_entries SenderVC: map[0:16 1:1 2:3] ReceiverVC: map[0:16 1:9 2:3]}
{0 2 append_entries SenderVC: map[0:17 1:1 2:3] ReceiverVC: map[0:17 1:1 2:10]}
{0 1 append_entries SenderVC: map[0:18 1:1 2:3] ReceiverVC: map[0:18 1:10 2:3]}
{0 1 append_entries SenderVC: map[0:19 1:1 2:3] ReceiverVC: map[0:19 1:11 2:3]}
{0 2 append_entries SenderVC: map[0:20 1:1 2:3] ReceiverVC: map[0:20 1:1 2:11]}
{0 1 append_entries SenderVC: map[0:21 1:1 2:3] ReceiverVC: map[0:21 1:12 2:3]}
{0 2 append_entries SenderVC: map[0:22 1:1 2:3] ReceiverVC: map[0:22 1:1 2:12]}
{0 1 append_entries SenderVC: map[0:23 1:1 2:3] ReceiverVC: map[0:23 1:13 2:3]}
{0 2 append_entries SenderVC: map[0:24 1:1 2:3] ReceiverVC: map[0:24 1:1 2:13]}
{0 1 append_entries SenderVC: map[0:25 1:1 2:3] ReceiverVC: map[0:25 1:14 2:3]}
{0 2 append_entries SenderVC: map[0:26 1:1 2:3] ReceiverVC: map[0:26 1:1 2:14]}
{0 1 append_entries SenderVC: map[0:27 1:1 2:3] ReceiverVC: map[0:27 1:15 2:3]}
{0 1 append_entries SenderVC: map[0:28 1:1 2:3] ReceiverVC: map[0:28 1:16 2:3]}
{0 2 append_entries SenderVC: map[0:29 1:1 2:3] ReceiverVC: map[0:29 1:1 2:15]}
{0 2 append_entries SenderVC: map[0:30 1:1 2:3] ReceiverVC: map[0:30 1:1 2:16]}
{0 1 append_entries SenderVC: map[0:31 1:1 2:3] ReceiverVC: map[0:31 1:17 2:3]}
{0 1 append_entries SenderVC: map[0:32 1:1 2:3] ReceiverVC: map[0:32 1:18 2:3]}
{0 2 append_entries SenderVC: map[0:33 1:1 2:3] ReceiverVC: map[0:33 1:1 2:17]}
{0 1 append_entries SenderVC: map[0:34 1:1 2:3] ReceiverVC: map[0:34 1:19 2:3]}
{0 2 append_entries SenderVC: map[0:35 1:1 2:3] ReceiverVC: map[0:35 1:1 2:18]}
{0 1 append_entries SenderVC: map[0:36 1:1 2:3] ReceiverVC: map[0:36 1:20 2:3]}
{0 1 append_entries SenderVC: map[0:37 1:1 2:3] ReceiverVC: map[0:37 1:21 2:3]}
{0 1 append_entries SenderVC: map[0:38 1:1 2:3] ReceiverVC: map[0:38 1:22 2:3]}
{0 2 append_entries SenderVC: map[0:39 1:1 2:3] ReceiverVC: map[0:39 1:1 2:19]}
{0 2 append_entries SenderVC: map[0:40 1:1 2:3] ReceiverVC: map[0:40 1:1 2:20]}
{0 2 append_entries SenderVC: map[0:41 1:1 2:3] ReceiverVC: map[0:41 1:1 2:21]}
{0 2 append_entries SenderVC: map[0:42 1:1 2:3] ReceiverVC: map[0:42 1:1 2:22]}
{0 2 append_entries SenderVC: map[0:43 1:1 2:3] ReceiverVC: map[0:43 1:1 2:23]}
{0 1 append_entries SenderVC: map[0:44 1:1 2:3] ReceiverVC: map[0:44 1:23 2:3]}
{0 2 append_entries SenderVC: map[0:45 1:1 2:3] ReceiverVC: map[0:45 1:1 2:24]}
{0 1 append_entries SenderVC: map[0:46 1:1 2:3] ReceiverVC: map[0:46 1:24 2:3]}
{0 1 append_entries SenderVC: map[0:47 1:1 2:3] ReceiverVC: map[0:47 1:25 2:3]}
{0 1 append_entries SenderVC: map[0:48 1:1 2:3] ReceiverVC: map[0:48 1:26 2:3]}
{0 1 append_entries SenderVC: map[0:49 1:1 2:3] ReceiverVC: map[0:49 1:27 2:3]}
