{2 0 pre_vote SenderVC: map[0:0 1:0 2:1] ReceiverVC: map[0:1 1:0 2:1]}
{0 1 pre_vote SenderVC: map[0:2 1:0 2:1] ReceiverVC: map[0:2 1:1 2:1]}
{2 1 pre_vote SenderVC: map[0:0 1:0 2:2] ReceiverVC: map[0:2 1:2 2:2]}
{0 1 request_vote SenderVC: map[0:3 1:0 2:1] ReceiverVC: map[0:3 1:3 2:2]}
{0 2 pre_vote SenderVC: map[0:4 1:0 2:1] ReceiverVC: map[0:4 1:0 2:3]}
{2 1 request_vote SenderVC: map[0:4 1:0 2:4] ReceiverVC: map[0:4 1:4 2:4]}
{1 0 pre_vote SenderVC: map[0:4 1:5 2:4] ReceiverVC: map[0:5 1:5 2:4]}
{2 0 request_vote SenderVC: map[0:4 1:0 2:5] ReceiverVC: map[0:6 1:5 2:5]}
{0 2 request_vote SenderVC: map[0:7 1:5 2:5] ReceiverVC: map[0:7 1:5 2:6]}
{1 2 pre_vote SenderVC: map[0:4 1:6 2:4] ReceiverVC: map[0:7 1:6 2:7]}
{-1 -1 Drop Message Fault}
{-1 -1 Drop Message Fault}
{-1 -1 Drop Message Fault}
{1 0 pre_vote SenderVC: map[0:4 1:7 2:4] ReceiverVC: map[0:8 1:7 2:5]}
{1 2 pre_vote SenderVC: map[0:4 1:8 2:4] ReceiverVC: map[0:7 1:8 2:8]}
{1 0 request_vote SenderVC: map[0:4 1:9 2:4] ReceiverVC: map[0:9 1:9 2:5]}
{-1 -1 Drop Message Fault}
{1 2 request_vote is dropped SenderVC: map[0:4 1:9 2:4] ReceiverVC: map[0:7 1:8 2:8]}
{2 1 pre_vote SenderVC: map[0:7 1:8 2:9] ReceiverVC: map[0:7 1:10 2:9]}
{2 0 pre_vote SenderVC: map[0:7 1:8 2:10] ReceiverVC: map[0:10 1:9 2:10]}
{0 2 pre_vote SenderVC: map[0:11 1:9 2:10] ReceiverVC: map[0:11 1:9 2:11]}
{0 1 pre_vote SenderVC: map[0:12 1:9 2:10] ReceiverVC: map[0:12 1:11 2:10]}
{0 2 request_vote SenderVC: map[0:13 1:9 2:10] ReceiverVC: map[0:13 1:9 2:12]}
{0 1 request_vote SenderVC: map[0:14 1:9 2:10] ReceiverVC: map[0:14 1:12 2:10]}
{1 0 pre_vote SenderVC: map[0:14 1:13 2:10] ReceiverVC: map[0:15 1:13 2:10]}
{1 2 pre_vote SenderVC: map[0:14 1:14 2:10] ReceiverVC: map[0:14 1:14 2:13]}
{1 0 request_vote SenderVC: map[0:14 1:15 2:10] ReceiverVC: map[0:16 1:15 2:10]}
{1 2 request_vote SenderVC: map[0:14 1:16 2:10] ReceiverVC: map[0:14 1:16 2:14]}
{1 0 append_entries SenderVC: map[0:14 1:17 2:10] ReceiverVC: map[0:17 1:17 2:10]}
{1 2 append_entries SenderVC: map[0:14 1:18 2:10] ReceiverVC: map[0:14 1:18 2:15]}
{1 0 append_entries SenderVC: map[0:14 1:19 2:10] ReceiverVC: map[0:18 1:19 2:10]}
{1 0 append_entries SenderVC: map[0:14 1:20 2:10] ReceiverVC: map[0:19 1:20 2:10]}
{1 2 append_entries SenderVC: map[0:14 1:21 2:10] ReceiverVC: map[0:14 1:21 2:16]}
{1 2 append_entries SenderVC: map[0:14 1:22 2:10] ReceiverVC: map[0:14 1:22 2:17]}
{1 2 append_entries SenderVC: map[0:14 1:23 2:10] ReceiverVC: map[0:14 1:23 2:18]}
{1 2 append_entries SenderVC: map[0:14 1:24 2:10] ReceiverVC: map[0:14 1:24 2:19]}
{1 2 append_entries SenderVC: map[0:14 1:25 2:10] ReceiverVC: map[0:14 1:25 2:20]}
{1 2 append_entries SenderVC: map[0:14 1:26 2:10] ReceiverVC: map[0:14 1:26 2:21]}
{1 2 append_entries SenderVC: map[0:14 1:27 2:10] ReceiverVC: map[0:14 1:27 2:22]}
{1 0 append_entries SenderVC: map[0:14 1:28 2:10] ReceiverVC: map[0:20 1:28 2:10]}
{1 0 append_entries SenderVC: map[0:14 1:29 2:10] ReceiverVC: map[0:21 1:29 2:10]}
{1 2 append_entries SenderVC: map[0:14 1:30 2:10] ReceiverVC: map[0:14 1:30 2:23]}
{1 0 append_entries SenderVC: map[0:14 1:31 2:10] ReceiverVC: map[0:22 1:31 2:10]}
{1 0 append_entries SenderVC: map[0:14 1:32 2:10] ReceiverVC: map[0:23 1:32 2:10]}
{1 0 append_entries SenderVC: map[0:14 1:33 2:10] ReceiverVC: map[0:24 1:33 2:10]}
{1 0 append_entries SenderVC: map[0:14 1:34 2:10] ReceiverVC: map[0:25 1:34 2:10]}
{1 2 append_entries SenderVC: map[0:14 1:35 2:10] ReceiverVC: map[0:14 1:35 2:24]}
{1 0 append_entries SenderVC: map[0:14 1:36 2:10] ReceiverVC: map[0:26 1:36 2:10]}
{1 0 append_entries SenderVC: map[0:14 1:37 2:10] ReceiverVC: map[0:27 1:37 2:10]}
{1 2 append_entries SenderVC: map[0:14 1:38 2:10] ReceiverVC: map[0:14 1:38 2:25]}
{1 0 append_entries SenderVC: map[0:14 1:39 2:10] ReceiverVC: map[0:28 1:39 2:10]}
{1 2 append_entries SenderVC: map[0:14 1:40 2:10] ReceiverVC: map[0:14 1:40 2:26]}
{1 0 append_entries SenderVC: map[0:14 1:41 2:10] ReceiverVC: map[0:29 1:41 2:10]}
{1 0 append_entries SenderVC: map[0:14 1:42 2:10] ReceiverVC: map[0:30 1:42 2:10]}
{1 0 append_entries SenderVC: map[0:14 1:43 2:10] ReceiverVC: map[0:31 1:43 2:10]}
