{0 2 pre_vote SenderVC: map[0:1 1:0 2:0] ReceiverVC: map[0:1 1:0 2:1]}
{0 1 pre_vote SenderVC: map[0:2 1:0 2:0] ReceiverVC: map[0:2 1:1 2:0]}
{2 0 pre_vote SenderVC: map[0:1 1:0 2:2] ReceiverVC: map[0:3 1:0 2:2]}
{1 0 pre_vote SenderVC: map[0:2 1:2 2:0] ReceiverVC: map[0:4 1:2 2:2]}
{2 1 pre_vote SenderVC: map[0:1 1:0 2:3] ReceiverVC: map[0:2 1:3 2:3]}
{-1 -1 Drop Message Fault}
{0 1 request_vote is dropped SenderVC: map[0:4 1:2 2:2] ReceiverVC: map[0:2 1:3 2:3]}
{1 2 pre_vote SenderVC: map[0:2 1:4 2:3] ReceiverVC: map[0:2 1:4 2:4]}
{0 2 request_vote SenderVC: map[0:5 1:2 2:2] ReceiverVC: map[0:5 1:4 2:5]}
{-1 -1 Drop Message Fault}
{1 2 pre_vote SenderVC: map[0:2 1:5 2:3] ReceiverVC: map[0:5 1:5 2:6]}
{1 0 pre_vote SenderVC: map[0:2 1:6 2:3] ReceiverVC: map[0:6 1:6 2:3]}
{1 2 request_vote SenderVC: map[0:2 1:7 2:3] ReceiverVC: map[0:5 1:7 2:7]}
{1 0 request_vote SenderVC: map[0:2 1:8 2:3] ReceiverVC: map[0:7 1:8 2:3]}
{2 0 pre_vote SenderVC: map[0:5 1:7 2:8] ReceiverVC: map[0:8 1:8 2:8]}
{2 1 pre_vote SenderVC: map[0:5 1:7 2:9] ReceiverVC: map[0:5 1:9 2:9]}
{0 1 pre_vote SenderVC: map[0:9 1:8 2:8] ReceiverVC: map[0:9 1:10 2:9]}
{0 2 pre_vote SenderVC: map[0:10 1:8 2:8] ReceiverVC: map[0:10 1:8 2:10]}
{2 0 pre_vote SenderVC: map[0:10 1:8 2:11] ReceiverVC: map[0:11 1:8 2:11]}
{2 1 pre_vote SenderVC: map[0:10 1:8 2:12] ReceiverVC: map[0:10 1:11 2:12]}
{1 0 pre_vote SenderVC: map[0:10 1:12 2:12] ReceiverVC: map[0:12 1:12 2:12]}
{1 2 pre_vote SenderVC: map[0:10 1:13 2:12] ReceiverVC: map[0:10 1:13 2:13]}
{1 2 request_vote SenderVC: map[0:10 1:14 2:12] ReceiverVC: map[0:10 1:14 2:14]}
{1 0 request_vote SenderVC: map[0:10 1:15 2:12] ReceiverVC: map[0:13 1:15 2:12]}
{1 0 append_entries SenderVC: map[0:10 1:16 2:12] ReceiverVC: map[0:14 1:16 2:12]}
{0 1 pre_vote SenderVC: map[0:15 1:16 2:12] ReceiverVC: map[0:15 1:17 2:12]}
{1 2 append_entries SenderVC: map[0:15 1:18 2:12] ReceiverVC: map[0:15 1:18 2:15]}
{0 2 pre_vote SenderVC: map[0:16 1:16 2:12] ReceiverVC: map[0:16 1:18 2:16]}
{1 2 append_entries SenderVC: map[0:15 1:19 2:12] ReceiverVC: map[0:16 1:19 2:17]}
{1 0 append_entries SenderVC: map[0:15 1:20 2:12] ReceiverVC: map[0:17 1:20 2:12]}
{1 2 append_entries SenderVC: map[0:15 1:21 2:12] ReceiverVC: map[0:16 1:21 2:18]}
{1 0 append_entries SenderVC: map[0:15 1:22 2:12] ReceiverVC: map[0:18 1:22 2:12]}
{1 2 append_entries SenderVC: map[0:15 1:23 2:12] ReceiverVC: map[0:16 1:23 2:19]}
{1 0 append_entries SenderVC: map[0:15 1:24 2:12] ReceiverVC: map[0:19 1:24 2:12]}
{1 0 append_entries SenderVC: map[0:15 1:25 2:12] ReceiverVC: map[0:20 1:25 2:12]}
{1 0 append_entries SenderVC: map[0:15 1:26 2:12] ReceiverVC: map[0:21 1:26 2:12]}
{1 0 append_entries SenderVC: map[0:15 1:27 2:12] ReceiverVC: map[0:22 1:27 2:12]}
{1 2 append_entries SenderVC: map[0:15 1:28 2:12] ReceiverVC: map[0:16 1:28 2:20]}
{1 2 append_entries SenderVC: map[0:15 1:29 2:12] ReceiverVC: map[0:16 1:29 2:21]}
{1 2 append_entries SenderVC: map[0:15 1:30 2:12] ReceiverVC: map[0:16 1:30 2:22]}
{1 2 append_entries SenderVC: map[0:15 1:31 2:12] ReceiverVC: map[0:16 1:31 2:23]}
{1 2 append_entries SenderVC: map[0:15 1:32 2:12] ReceiverVC: map[0:16 1:32 2:24]}
{1 0 append_entries SenderVC: map[0:15 1:33 2:12] ReceiverVC: map[0:23 1:33 2:12]}
{1 0 append_entries SenderVC: map[0:15 1:34 2:12] ReceiverVC: map[0:24 1:34 2:12]}
{1 2 append_entries SenderVC: map[0:15 1:35 2:12] ReceiverVC: map[0:16 1:35 2:25]}
{1 2 append_entries SenderVC: map[0:15 1:36 2:12] ReceiverVC: map[0:16 1:36 2:26]}
{1 0 append_entries SenderVC: map[0:15 1:37 2:12] ReceiverVC: map[0:25 1:37 2:12]}
{1 0 append_entries SenderVC: map[0:15 1:38 2:12] ReceiverVC: map[0:26 1:38 2:12]}
