{0 2 pre_vote SenderVC: map[0:1 1:0 2:0] ReceiverVC: map[0:1 1:0 2:1]}
{1 0 pre_vote SenderVC: map[0:0 1:1 2:0] ReceiverVC: map[0:2 1:1 2:0]}
{0 1 pre_vote SenderVC: map[0:3 1:1 2:0] ReceiverVC: map[0:3 1:2 2:0]}
{2 1 pre_vote SenderVC: map[0:1 1:0 2:2] ReceiverVC: map[0:3 1:3 2:2]}
{0 1 request_vote SenderVC: map[0:4 1:1 2:0] ReceiverVC: map[0:4 1:4 2:2]}
{1 2 pre_vote SenderVC: map[0:4 1:5 2:2] ReceiverVC: map[0:4 1:5 2:3]}
{0 2 request_vote SenderVC: map[0:5 1:1 2:0] ReceiverVC: map[0:5 1:5 2:4]}
{0 2 append_entries SenderVC: map[0:6 1:1 2:0] ReceiverVC: map[0:6 1:5 2:5]}
{2 1 request_vote SenderVC: map[0:6 1:5 2:6] ReceiverVC: map[0:6 1:6 2:6]}
{-1 -1 Drop Message Fault}
{0 2 append_entries is dropped SenderVC: map[0:6 1:1 2:0] ReceiverVC: map[0:6 1:5 2:6]}
{0 1 append_entries SenderVC: map[0:7 1:1 2:0] ReceiverVC: map[0:7 1:7 2:6]}
{2 0 pre_vote SenderVC: map[0:6 1:5 2:7] ReceiverVC: map[0:8 1:5 2:7]}
{2 0 request_vote SenderVC: map[0:6 1:5 2:8] ReceiverVC: map[0:9 1:5 2:8]}
{-1 -1 Drop Message Fault}
{0 1 append_entries SenderVC: map[0:10 1:5 2:8] ReceiverVC: map[0:10 1:8 2:8]}
{0 1 append_entries SenderVC: map[0:11 1:5 2:8] ReceiverVC: map[0:11 1:9 2:8]}
{0 1 append_entries SenderVC: map[0:12 1:5 2:8] ReceiverVC: map[0:12 1:10 2:8]}
{0 1 append_entries SenderVC: map[0:13 1:5 2:8] ReceiverVC: map[0:13 1:11 2:8]}
{0 1 append_entries SenderVC: map[0:14 1:5 2:8] ReceiverVC: map[0:14 1:12 2:8]}
{0 1 append_entries SenderVC: map[0:15 1:5 2:8] ReceiverVC: map[0:15 1:13 2:8]}
{0 1 append_entries SenderVC: map[0:16 1:5 2:8] ReceiverVC: map[0:16 1:14 2:8]}
{0 1 append_entries SenderVC: map[0:17 1:5 2:8] ReceiverVC: map[0:17 1:15 2:8]}
{0 1 append_entries SenderVC: map[0:18 1:5 2:8] ReceiverVC: map[0:18 1:16 2:8]}
{0 1 append_entries SenderVC: map[0:19 1:5 2:8] ReceiverVC: map[0:19 1:17 2:8]}
{0 1 append_entries SenderVC: map[0:20 1:5 2:8] ReceiverVC: map[0:20 1:18 2:8]}
{0 1 append_entries SenderVC: map[0:21 1:5 2:8] ReceiverVC: map[0:21 1:19 2:8]}
{2 0 pre_vote SenderVC: map[0:6 1:5 2:9] ReceiverVC: map[0:22 1:5 2:9]}
{2 1 pre_vote SenderVC: map[0:6 1:5 2:10] ReceiverVC: map[0:21 1:20 2:10]}
{0 1 append_entries SenderVC: map[0:23 1:5 2:9] ReceiverVC: map[0:23 1:21 2:10]}
{0 1 append_entries SenderVC: map[0:24 1:5 2:9] ReceiverVC: map[0:24 1:22 2:10]}
{0 1 append_entries SenderVC: map[0:25 1:5 2:9] ReceiverVC: map[0:25 1:23 2:10]}
{0 1 append_entries SenderVC: map[0:26 1:5 2:9] ReceiverVC: map[0:26 1:24 2:10]}
{0 1 append_entries SenderVC: map[0:27 1:5 2:9] ReceiverVC: map[0:27 1:25 2:10]}
{0 1 append_entries SenderVC: map[0:28 1:5 2:9] ReceiverVC: map[0:28 1:26 2:10]}
{2 0 pre_vote SenderVC: map[0:6 1:5 2:11] ReceiverVC: map[0:29 1:5 2:11]}
{2 1 pre_vote SenderVC: map[0:6 1:5 2:12] ReceiverVC: map[0:28 1:27 2:12]}
{0 1 append_entries SenderVC: map[0:30 1:5 2:11] ReceiverVC: map[0:30 1:28 2:12]}
{0 1 append_entries SenderVC: map[0:31 1:5 2:11] ReceiverVC: map[0:31 1:29 2:12]}
{0 1 append_entries SenderVC: map[0:32 1:5 2:11] ReceiverVC: map[0:32 1:30 2:12]}
{0 1 append_entries SenderVC: map[0:33 1:5 2:11] ReceiverVC: map[0:33 1:31 2:12]}
{0 1 append_entries SenderVC: map[0:34 1:5 2:11] ReceiverVC: map[0:34 1:32 2:12]}
{2 1 pre_vote SenderVC: map[0:6 1:5 2:13] ReceiverVC: map[0:34 1:33 2:13]}
{2 0 pre_vote SenderVC: map[0:6 1:5 2:14] ReceiverVC: map[0:35 1:5 2:14]}
{0 1 append_entries SenderVC: map[0:36 1:5 2:14] ReceiverVC: map[0:36 1:34 2:14]}
{0 1 append_entries SenderVC: map[0:37 1:5 2:14] ReceiverVC: map[0:37 1:35 2:14]}
{0 1 append_entries SenderVC: map[0:38 1:5 2:14] ReceiverVC: map[0:38 1:36 2:14]}
{0 1 append_entries SenderVC: map[0:39 1:5 2:14] ReceiverVC: map[0:39 1:37 2:14]}
{0 1 append_entries SenderVC: map[0:40 1:5 2:14] ReceiverVC: map[0:40 1:38 2:14]}
{0 1 append_entries SenderVC: map[0:41 1:5 2:14] ReceiverVC: map[0:41 1:39 2:14]}
{2 0 pre_vote SenderVC: map[0:6 1:5 2:15] ReceiverVC: map[0:42 1:5 2:15]}
{2 1 pre_vote SenderVC: map[0:6 1:5 2:16] ReceiverVC: map[0:41 1:40 2:16]}
