{1 0 pre_vote SenderVC: map[0:0 1:1 2:0] ReceiverVC: map[0:1 1:1 2:0]}
{1 2 pre_vote SenderVC: map[0:0 1:2 2:0] ReceiverVC: map[0:0 1:2 2:1]}
{1 0 request_vote SenderVC: map[0:0 1:3 2:0] ReceiverVC: map[0:2 1:3 2:0]}
{0 2 pre_vote SenderVC: map[0:3 1:3 2:0] ReceiverVC: map[0:3 1:3 2:2]}
{1 2 request_vote SenderVC: map[0:0 1:4 2:0] ReceiverVC: map[0:3 1:4 2:3]}
{1 0 append_entries SenderVC: map[0:0 1:5 2:0] ReceiverVC: map[0:4 1:5 2:0]}
{1 2 append_entries SenderVC: map[0:0 1:6 2:0] ReceiverVC: map[0:3 1:6 2:4]}
{0 1 pre_vote SenderVC: map[0:5 1:5 2:0] ReceiverVC: map[0:5 1:7 2:0]}
{1 0 append_entries SenderVC: map[0:5 1:8 2:0] ReceiverVC: map[0:6 1:8 2:0]}
{1 0 append_entries SenderVC: map[0:5 1:9 2:0] ReceiverVC: map[0:7 1:9 2:0]}
{1 2 append_entries SenderVC: map[0:5 1:10 2:0] ReceiverVC: map[0:5 1:10 2:5]}
{1 0 append_entries SenderVC: map[0:5 1:11 2:0] ReceiverVC: map[0:8 1:11 2:0]}
{-1 -1 Drop Message Fault}
{1 0 append_entries is dropped SenderVC: map[0:5 1:11 2:0] ReceiverVC: map[0:8 1:11 2:0]}
{1 2 append_entries SenderVC: map[0:5 1:12 2:0] ReceiverVC: map[0:5 1:12 2:6]}
{1 2 append_entries SenderVC: map[0:5 1:13 2:0] ReceiverVC: map[0:5 1:13 2:7]}
{-1 -1 Drop Message Fault}
{-1 -1 Drop Message Fault}
{-1 -1 Drop Message Fault}
{1 2 append_entries SenderVC: map[0:5 1:14 2:0] ReceiverVC: map[0:5 1:14 2:8]}
{1 2 append_entries SenderVC: map[0:5 1:15 2:0] ReceiverVC: map[0:5 1:15 2:9]}
{1 2 append_entries SenderVC: map[0:5 1:16 2:0] ReceiverVC: map[0:5 1:16 2:10]}
{1 2 append_entries SenderVC: map[0:5 1:17 2:0] ReceiverVC: map[0:5 1:17 2:11]}
{1 2 append_entries SenderVC: map[0:5 1:18 2:0] ReceiverVC: map[0:5 1:18 2:12]}
{1 2 append_entries SenderVC: map[0:5 1:19 2:0] ReceiverVC: map[0:5 1:19 2:13]}
{1 2 append_entries SenderVC: map[0:5 1:20 2:0] ReceiverVC: map[0:5 1:20 2:14]}
{1 2 append_entries SenderVC: map[0:5 1:21 2:0] ReceiverVC: map[0:5 1:21 2:15]}
{1 2 append_entries SenderVC: map[0:5 1:22 2:0] ReceiverVC: map[0:5 1:22 2:16]}
